vhdua@DESKTOP-NA79I30 MINGW64 ~/Desktop/aulas/onl/tc1_decisao
$ python execucao_2_plot_tc1.py 
--- INICIANDO EXECUCAO DA PARTE III DO TC1 ---
Dados carregados: 5 agentes, 50 tarefas.

--- Processando Objetivo f1 (5 execucoes) ---

Execucao 1/5 para f1...
Solucao Inicial (f_id=1): Fitness = 377328.0000 (f=928.00, p=376400.00)
Iter 0: Novo Melhor! Fitness = 927.0000 (f=927.00, p=0.00) (k=1)
Iter 0: Novo Melhor! Fitness = 913.0000 (f=913.00, p=0.00) (k=1)
Iter 0: Novo Melhor! Fitness = 908.0000 (f=908.00, p=0.00) (k=1)
Iter 0: Novo Melhor! Fitness = 895.0000 (f=895.00, p=0.00) (k=1)
Iter 8: Novo Melhor! Fitness = 893.0000 (f=893.00, p=0.00) (k=1)
Iter 13: Novo Melhor! Fitness = 891.0000 (f=891.00, p=0.00) (k=1)
Iter 13: Novo Melhor! Fitness = 889.0000 (f=889.00, p=0.00) (k=1)
Iter 49: Novo Melhor! Fitness = 888.0000 (f=888.00, p=0.00) (k=1)
Fim do GVNS. Melhor Fitness: 888.0000 (f=888.00, p=0.00)
Execucao 1 finalizada. Tempo: 204.41s, Fitness: 888.0000

Execucao 2/5 para f1...
Solucao Inicial (f_id=1): Fitness = 231762.0000 (f=962.00, p=230800.00)
Iter 0: Novo Melhor! Fitness = 935.0000 (f=935.00, p=0.00) (k=1)
Iter 0: Novo Melhor! Fitness = 905.0000 (f=905.00, p=0.00) (k=1)
Iter 0: Novo Melhor! Fitness = 901.0000 (f=901.00, p=0.00) (k=1)
Iter 2: Novo Melhor! Fitness = 893.0000 (f=893.00, p=0.00) (k=1)
Iter 2: Novo Melhor! Fitness = 891.0000 (f=891.00, p=0.00) (k=1)
Fim do GVNS. Melhor Fitness: 891.0000 (f=891.00, p=0.00)
Execucao 2 finalizada. Tempo: 88.01s, Fitness: 891.0000

Execucao 3/5 para f1...
Solucao Inicial (f_id=1): Fitness = 603338.0000 (f=938.00, p=602400.00)
Iter 0: Novo Melhor! Fitness = 929.0000 (f=929.00, p=0.00) (k=1)
Iter 0: Novo Melhor! Fitness = 901.0000 (f=901.00, p=0.00) (k=1)
Iter 0: Novo Melhor! Fitness = 893.0000 (f=893.00, p=0.00) (k=1)
Iter 19: Novo Melhor! Fitness = 891.0000 (f=891.00, p=0.00) (k=1)
Fim do GVNS. Melhor Fitness: 891.0000 (f=891.00, p=0.00)
Execucao 3 finalizada. Tempo: 101.12s, Fitness: 891.0000

Execucao 4/5 para f1...
Solucao Inicial (f_id=1): Fitness = 970.0000 (f=970.00, p=0.00)
Iter 0: Novo Melhor! Fitness = 902.0000 (f=902.00, p=0.00) (k=1)
Iter 1: Novo Melhor! Fitness = 897.0000 (f=897.00, p=0.00) (k=1)
Iter 1: Novo Melhor! Fitness = 895.0000 (f=895.00, p=0.00) (k=1)
Iter 1: Novo Melhor! Fitness = 893.0000 (f=893.00, p=0.00) (k=1)
Iter 5: Novo Melhor! Fitness = 891.0000 (f=891.00, p=0.00) (k=1)
Iter 73: Novo Melhor! Fitness = 888.0000 (f=888.00, p=0.00) (k=1)
Fim do GVNS. Melhor Fitness: 888.0000 (f=888.00, p=0.00)
Execucao 4 finalizada. Tempo: 202.50s, Fitness: 888.0000

Execucao 5/5 para f1...
Solucao Inicial (f_id=1): Fitness = 933.0000 (f=933.00, p=0.00)
Iter 0: Novo Melhor! Fitness = 897.0000 (f=897.00, p=0.00) (k=1)
Iter 1: Novo Melhor! Fitness = 893.0000 (f=893.00, p=0.00) (k=1)
Iter 1: Novo Melhor! Fitness = 891.0000 (f=891.00, p=0.00) (k=1)
Iter 47: Novo Melhor! Fitness = 888.0000 (f=888.00, p=0.00) (k=1)
Fim do GVNS. Melhor Fitness: 888.0000 (f=888.00, p=0.00)
Execucao 5 finalizada. Tempo: 130.30s, Fitness: 888.0000

--- Processando Objetivo f2 (5 execucoes) ---

Execucao 1/5 para f2...
Solucao Inicial (f_id=2): Fitness = 498813.0000 (f=13.00, p=498800.00)
Iter 0: Novo Melhor! Fitness = 5.0000 (f=5.00, p=0.00) (k=1)
Iter 0: Novo Melhor! Fitness = 0.0000 (f=0.00, p=0.00) (k=1)
Fim do GVNS. Melhor Fitness: 0.0000 (f=0.00, p=0.00)
Execucao 1 finalizada. Tempo: 58.93s, Fitness: 0.0000

Execucao 2/5 para f2...
Solucao Inicial (f_id=2): Fitness = 12029.0000 (f=29.00, p=12000.00)
Iter 0: Novo Melhor! Fitness = 1.0000 (f=1.00, p=0.00) (k=1)
Iter 2: Novo Melhor! Fitness = 0.0000 (f=0.00, p=0.00) (k=1)
Fim do GVNS. Melhor Fitness: 0.0000 (f=0.00, p=0.00)
Execucao 2 finalizada. Tempo: 60.30s, Fitness: 0.0000

Execucao 3/5 para f2...
Solucao Inicial (f_id=2): Fitness = 26.0000 (f=26.00, p=0.00)
Iter 0: Novo Melhor! Fitness = 1.0000 (f=1.00, p=0.00) (k=1)
Iter 0: Novo Melhor! Fitness = 0.0000 (f=0.00, p=0.00) (k=1)
Fim do GVNS. Melhor Fitness: 0.0000 (f=0.00, p=0.00)
Execucao 3 finalizada. Tempo: 60.59s, Fitness: 0.0000

Execucao 4/5 para f2...
Solucao Inicial (f_id=2): Fitness = 25622.0000 (f=22.00, p=25600.00)
Iter 0: Novo Melhor! Fitness = 1.0000 (f=1.00, p=0.00) (k=1)
Iter 7: Novo Melhor! Fitness = 0.0000 (f=0.00, p=0.00) (k=1)
Fim do GVNS. Melhor Fitness: 0.0000 (f=0.00, p=0.00)
Execucao 4 finalizada. Tempo: 59.24s, Fitness: 0.0000

Execucao 5/5 para f2...
Solucao Inicial (f_id=2): Fitness = 26.0000 (f=26.00, p=0.00)
Iter 0: Novo Melhor! Fitness = 2.0000 (f=2.00, p=0.00) (k=1)
Iter 0: Novo Melhor! Fitness = 1.0000 (f=1.00, p=0.00) (k=1)
Iter 2: Novo Melhor! Fitness = 0.0000 (f=0.00, p=0.00) (k=1)
Fim do GVNS. Melhor Fitness: 0.0000 (f=0.00, p=0.00)
Execucao 5 finalizada. Tempo: 55.06s, Fitness: 0.0000


--- (iii.b) RESULTADOS ESTATICOS ---

Estatisticas para f1 (Fitness = f1 + P):
  Resultados (Fitness): [np.float64(888.0), np.float64(891.0), np.float64(891.0), np.float64(888.0), np.float64(888.0)]
  Resultados (f_obj):   [np.float64(888.0), np.float64(891.0), np.float64(891.0), np.float64(888.0), np.float64(888.0)]
  Resultados (Penal.):  [np.float64(0.0), np.float64(0.0), np.float64(0.0), np.float64(0.0), np.float64(0.0)]
  Minimo (Fitness): 888.0000
  Maximo (Fitness): 891.0000
  Desvio Padrao (Fitness): 1.4697

Estatisticas para f2 (Fitness = f2 + P):
  Resultados (Fitness): [np.float64(0.0), np.float64(0.0), np.float64(0.0), np.float64(0.0), np.float64(0.0)]
  Resultados (f_obj):   [np.float64(0.0), np.float64(0.0), np.float64(0.0), np.float64(0.0), np.float64(0.0)]
  Resultados (Penal.):  [np.float64(0.0), np.float64(0.0), np.float64(0.0), np.float64(0.0), np.float64(0.0)]
  Minimo (Fitness): 0.0000
  Maximo (Fitness): 0.0000
  Desvio Padrao (Fitness): 0.0000


--- (iii.c) GERANDO GRAFICOS DE CONVERGENCIA ---
Plotando curvas de convergencia (ZOOM 10 iter) para f1...
Grafico de convergencia (zoom) salvo em: figuras_alg2\convergencia_f1_zoom.png
Plotando curvas de convergencia (ZOOM 10 iter) para f2...
Grafico de convergencia (zoom) salvo em: figuras_alg2\convergencia_f2_zoom.png


--- (iii.d) GERANDO GRAFICOS DA MELHOR SOLUCAO ---
Plotando caracteristicas da melhor solucao para f1...
Grafico de carga salvo em: figuras_alg2\solucao_f1_carga.png
Grafico de custo salvo em: figuras_alg2\solucao_f1_custo.png
Plotando caracteristicas da melhor solucao para f2...
Grafico de carga salvo em: figuras_alg2\solucao_f2_carga.png
Grafico de custo salvo em: figuras_alg2\solucao_f2_custo.png


--- EXECUCAO DA PARTE III CONCLUIDA ---
Todos os dados estatisticos foram impressos e os 6 graficos foram salvos.