vhdua@DESKTOP-NA79I30 MINGW64 ~/Desktop/aulas/onl/tc1_decisao (main)
$ python algoritmo_tc1.py 
Dados carregados: 5 agentes, 50 tarefas.

[Normalização] Estimando extremos de f1 e f2 com GVNS mono-objetivo...
Solucao Inicial (f_id=1): Fitness = 171752.0000 (f=952.00, p=170800.00)
Iter 0: Novo Melhor! Fitness = 899.0000 (f=899.00, p=0.00) (k=1)
Iter 2: Novo Melhor! Fitness = 897.0000 (f=897.00, p=0.00) (k=1)
Iter 5: Novo Melhor! Fitness = 895.0000 (f=895.00, p=0.00) (k=2)
Iter 5: Novo Melhor! Fitness = 891.0000 (f=891.00, p=0.00) (k=1)
Iter 27: Novo Melhor! Fitness = 888.0000 (f=888.00, p=0.00) (k=2)
Fim do GVNS f_id=1. Melhor Fitness: 888.0000 (fn objetivo=888.00, p(x)=0.00)
Solucao Inicial (f_id=2): Fitness = 184435.0000 (f=35.00, p=184400.00)
Iter 0: Novo Melhor! Fitness = 5.0000 (f=5.00, p=0.00) (k=1)
Iter 0: Novo Melhor! Fitness = 3.0000 (f=3.00, p=0.00) (k=1)
Iter 0: Novo Melhor! Fitness = 1.0000 (f=1.00, p=0.00) (k=1)
Iter 3: Novo Melhor! Fitness = 0.0000 (f=0.00, p=0.00) (k=1)
Fim do GVNS f_id=2. Melhor Fitness: 0.0000 (fn objetivo=0.00, p(x)=0.00)
[Normalização] f1 ∈ [888.00, 1303.00]
[Normalização] f2 ∈ [0.00, 17.00]

===== [Pw] Execução 1 / 5 =====

[GVNS-Pw(w1=0.00,w2=1.00)] Solução inicial: F=1.5882 (f1=1314.00, f2=27.00, P_cap=0.00)
[GVNS-Pw(w1=0.00,w2=1.00)] Iter 0: Novo melhor! F=0.0588 (f1=1342.00, f2=1.00, P_cap=0.00) (k=1)
[GVNS-Pw(w1=0.00,w2=1.00)] Iter 0: Novo melhor! F=0.0000 (f1=1354.00, f2=0.00, P_cap=0.00) (k=2)
[GVNS-Pw(w1=0.00,w2=1.00)] Fim. Melhor F=0.0000 (f1=1354.00, f2=0.00, P_cap=0.00)

[GVNS-Pw(w1=0.10,w2=0.90)] Solução inicial: F=1.5462 (f1=1153.00, f2=28.00, P_cap=0.00)
[GVNS-Pw(w1=0.10,w2=0.90)] Iter 0: Novo melhor! F=0.1284 (f1=1201.00, f2=1.00, P_cap=0.00) (k=1)
[GVNS-Pw(w1=0.10,w2=0.90)] Iter 0: Novo melhor! F=0.0723 (f1=1188.00, f2=0.00, P_cap=0.00) (k=1)
[GVNS-Pw(w1=0.10,w2=0.90)] Iter 6: Novo melhor! F=0.0684 (f1=1172.00, f2=0.00, P_cap=0.00) (k=1)
[GVNS-Pw(w1=0.10,w2=0.90)] Iter 9: Novo melhor! F=0.0660 (f1=1162.00, f2=0.00, P_cap=0.00) (k=3)
[GVNS-Pw(w1=0.10,w2=0.90)] Iter 13: Novo melhor! F=0.0564 (f1=1122.00, f2=0.00, P_cap=0.00) (k=1)
[GVNS-Pw(w1=0.10,w2=0.90)] Iter 37: Novo melhor! F=0.0549 (f1=1116.00, f2=0.00, P_cap=0.00) (k=3)
[GVNS-Pw(w1=0.10,w2=0.90)] Fim. Melhor F=0.0549 (f1=1116.00, f2=0.00, P_cap=0.00)

[GVNS-Pw(w1=0.20,w2=0.80)] Solução inicial: F=0.9597 (f1=1024.00, f2=19.00, P_cap=0.00)
[GVNS-Pw(w1=0.20,w2=0.80)] Iter 0: Novo melhor! F=0.1948 (f1=1097.00, f2=2.00, P_cap=0.00) (k=1)
[GVNS-Pw(w1=0.20,w2=0.80)] Iter 0: Novo melhor! F=0.1311 (f1=1160.00, f2=0.00, P_cap=0.00) (k=1)
[GVNS-Pw(w1=0.20,w2=0.80)] Iter 4: Novo melhor! F=0.1239 (f1=1145.00, f2=0.00, P_cap=0.00) (k=1)
[GVNS-Pw(w1=0.20,w2=0.80)] Iter 8: Novo melhor! F=0.1089 (f1=1114.00, f2=0.00, P_cap=0.00) (k=1)
[GVNS-Pw(w1=0.20,w2=0.80)] Iter 8: Novo melhor! F=0.1012 (f1=1098.00, f2=0.00, P_cap=0.00) (k=2)
[GVNS-Pw(w1=0.20,w2=0.80)] Fim. Melhor F=0.1012 (f1=1098.00, f2=0.00, P_cap=0.00)

[GVNS-Pw(w1=0.30,w2=0.70)] Solução inicial: F=2000.8214 (f1=942.00, f2=19.00, P_cap=2000.00)
[GVNS-Pw(w1=0.30,w2=0.70)] Iter 0: Novo melhor! F=0.3448 (f1=1251.00, f2=2.00, P_cap=0.00) (k=1)
[GVNS-Pw(w1=0.30,w2=0.70)] Iter 0: Novo melhor! F=0.3230 (f1=1164.00, f2=3.00, P_cap=0.00) (k=2)
[GVNS-Pw(w1=0.30,w2=0.70)] Iter 0: Novo melhor! F=0.2638 (f1=1196.00, f2=1.00, P_cap=0.00) (k=1)
[GVNS-Pw(w1=0.30,w2=0.70)] Iter 0: Novo melhor! F=0.2320 (f1=1209.00, f2=0.00, P_cap=0.00) (k=1)
[GVNS-Pw(w1=0.30,w2=0.70)] Iter 0: Novo melhor! F=0.2183 (f1=1190.00, f2=0.00, P_cap=0.00) (k=2)
[GVNS-Pw(w1=0.30,w2=0.70)] Iter 7: Novo melhor! F=0.1959 (f1=1102.00, f2=1.00, P_cap=0.00) (k=1)
[GVNS-Pw(w1=0.30,w2=0.70)] Iter 7: Novo melhor! F=0.1945 (f1=1157.00, f2=0.00, P_cap=0.00) (k=1)
[GVNS-Pw(w1=0.30,w2=0.70)] Iter 14: Novo melhor! F=0.1800 (f1=1137.00, f2=0.00, P_cap=0.00) (k=3)
[GVNS-Pw(w1=0.30,w2=0.70)] Iter 14: Novo melhor! F=0.1345 (f1=1074.00, f2=0.00, P_cap=0.00) (k=1)
[GVNS-Pw(w1=0.30,w2=0.70)] Iter 38: Novo melhor! F=0.1258 (f1=1062.00, f2=0.00, P_cap=0.00) (k=3)
[GVNS-Pw(w1=0.30,w2=0.70)] Iter 56: Novo melhor! F=0.1243 (f1=1060.00, f2=0.00, P_cap=0.00) (k=3)
[GVNS-Pw(w1=0.30,w2=0.70)] Iter 56: Novo melhor! F=0.1128 (f1=1044.00, f2=0.00, P_cap=0.00) (k=1)
[GVNS-Pw(w1=0.30,w2=0.70)] Fim. Melhor F=0.1128 (f1=1044.00, f2=0.00, P_cap=0.00)

[GVNS-Pw(w1=0.40,w2=0.60)] Solução inicial: F=141600.9976 (f1=971.00, f2=26.00, P_cap=141600.00)
[GVNS-Pw(w1=0.40,w2=0.60)] Iter 0: Novo melhor! F=0.2878 (f1=1150.00, f2=1.00, P_cap=0.00) (k=1)
[GVNS-Pw(w1=0.40,w2=0.60)] Iter 0: Novo melhor! F=0.2338 (f1=1094.00, f2=1.00, P_cap=0.00) (k=1)
[GVNS-Pw(w1=0.40,w2=0.60)] Iter 0: Novo melhor! F=0.2217 (f1=1118.00, f2=0.00, P_cap=0.00) (k=3)
[GVNS-Pw(w1=0.40,w2=0.60)] Iter 17: Novo melhor! F=0.1837 (f1=1042.00, f2=1.00, P_cap=0.00) (k=3)
[GVNS-Pw(w1=0.40,w2=0.60)] Iter 41: Novo melhor! F=0.1822 (f1=1077.00, f2=0.00, P_cap=0.00) (k=1)
[GVNS-Pw(w1=0.40,w2=0.60)] Iter 43: Novo melhor! F=0.1731 (f1=1031.00, f2=1.00, P_cap=0.00) (k=2)
[GVNS-Pw(w1=0.40,w2=0.60)] Iter 60: Novo melhor! F=0.1253 (f1=1018.00, f2=0.00, P_cap=0.00) (k=2)
[GVNS-Pw(w1=0.40,w2=0.60)] Fim. Melhor F=0.1253 (f1=1018.00, f2=0.00, P_cap=0.00)

[GVNS-Pw(w1=0.50,w2=0.50)] Solução inicial: F=56000.9281 (f1=926.00, f2=30.00, P_cap=56000.00)
[GVNS-Pw(w1=0.50,w2=0.50)] Iter 0: Novo melhor! F=0.2342 (f1=1058.00, f2=1.00, P_cap=0.00) (k=1)
[GVNS-Pw(w1=0.50,w2=0.50)] Iter 2: Novo melhor! F=0.2239 (f1=1025.00, f2=2.00, P_cap=0.00) (k=2)
[GVNS-Pw(w1=0.50,w2=0.50)] Iter 2: Novo melhor! F=0.2029 (f1=1032.00, f2=1.00, P_cap=0.00) (k=1)
[GVNS-Pw(w1=0.50,w2=0.50)] Iter 4: Novo melhor! F=0.1764 (f1=1010.00, f2=1.00, P_cap=0.00) (k=1)
[GVNS-Pw(w1=0.50,w2=0.50)] Iter 13: Novo melhor! F=0.1687 (f1=1028.00, f2=0.00, P_cap=0.00) (k=1)
[GVNS-Pw(w1=0.50,w2=0.50)] Iter 14: Novo melhor! F=0.1366 (f1=977.00, f2=1.00, P_cap=0.00) (k=1)
[GVNS-Pw(w1=0.50,w2=0.50)] Fim. Melhor F=0.1366 (f1=977.00, f2=1.00, P_cap=0.00)

[GVNS-Pw(w1=0.60,w2=0.40)] Solução inicial: F=504000.6118 (f1=888.00, f2=26.00, P_cap=504000.00)
[GVNS-Pw(w1=0.60,w2=0.40)] Iter 0: Novo melhor! F=0.3224 (f1=1111.00, f2=0.00, P_cap=0.00) (k=1)
[GVNS-Pw(w1=0.60,w2=0.40)] Iter 0: Novo melhor! F=0.2679 (f1=1057.00, f2=1.00, P_cap=0.00) (k=1)
[GVNS-Pw(w1=0.60,w2=0.40)] Iter 2: Novo melhor! F=0.2404 (f1=1038.00, f2=1.00, P_cap=0.00) (k=1)
[GVNS-Pw(w1=0.60,w2=0.40)] Iter 5: Novo melhor! F=0.2321 (f1=1016.00, f2=2.00, P_cap=0.00) (k=2)
[GVNS-Pw(w1=0.60,w2=0.40)] Iter 5: Novo melhor! F=0.2212 (f1=1041.00, f2=0.00, P_cap=0.00) (k=2)
[GVNS-Pw(w1=0.60,w2=0.40)] Iter 5: Novo melhor! F=0.2061 (f1=998.00, f2=2.00, P_cap=0.00) (k=3)
[GVNS-Pw(w1=0.60,w2=0.40)] Iter 7: Novo melhor! F=0.2046 (f1=997.00, f2=2.00, P_cap=0.00) (k=1)
[GVNS-Pw(w1=0.60,w2=0.40)] Iter 7: Novo melhor! F=0.1826 (f1=998.00, f2=1.00, P_cap=0.00) (k=1)
[GVNS-Pw(w1=0.60,w2=0.40)] Iter 18: Novo melhor! F=0.1681 (f1=988.00, f2=1.00, P_cap=0.00) (k=2)
[GVNS-Pw(w1=0.60,w2=0.40)] Iter 45: Novo melhor! F=0.1551 (f1=979.00, f2=1.00, P_cap=0.00) (k=1)
[GVNS-Pw(w1=0.60,w2=0.40)] Iter 47: Novo melhor! F=0.1493 (f1=975.00, f2=1.00, P_cap=0.00) (k=3)
[GVNS-Pw(w1=0.60,w2=0.40)] Iter 74: Novo melhor! F=0.1128 (f1=966.00, f2=0.00, P_cap=0.00) (k=1)
[GVNS-Pw(w1=0.60,w2=0.40)] Fim. Melhor F=0.1128 (f1=966.00, f2=0.00, P_cap=0.00)

[GVNS-Pw(w1=0.70,w2=0.30)] Solução inicial: F=328000.8207 (f1=977.00, f2=38.00, P_cap=328000.00)
[GVNS-Pw(w1=0.70,w2=0.30)] Iter 0: Novo melhor! F=0.2999 (f1=1003.00, f2=6.00, P_cap=0.00) (k=1)
[GVNS-Pw(w1=0.70,w2=0.30)] Iter 0: Novo melhor! F=0.2158 (f1=995.00, f2=2.00, P_cap=0.00) (k=1)
[GVNS-Pw(w1=0.70,w2=0.30)] Iter 6: Novo melhor! F=0.1702 (f1=968.00, f2=2.00, P_cap=0.00) (k=3)
[GVNS-Pw(w1=0.70,w2=0.30)] Iter 15: Novo melhor! F=0.1643 (f1=954.00, f2=3.00, P_cap=0.00) (k=1)
[GVNS-Pw(w1=0.70,w2=0.30)] Iter 16: Novo melhor! F=0.1551 (f1=959.00, f2=2.00, P_cap=0.00) (k=3)
[GVNS-Pw(w1=0.70,w2=0.30)] Iter 21: Novo melhor! F=0.1432 (f1=952.00, f2=2.00, P_cap=0.00) (k=1)
[GVNS-Pw(w1=0.70,w2=0.30)] Iter 28: Novo melhor! F=0.1138 (f1=945.00, f2=1.00, P_cap=0.00) (k=3)
[GVNS-Pw(w1=0.70,w2=0.30)] Iter 28: Novo melhor! F=0.1120 (f1=923.00, f2=3.00, P_cap=0.00) (k=3)
[GVNS-Pw(w1=0.70,w2=0.30)] Fim. Melhor F=0.1120 (f1=923.00, f2=3.00, P_cap=0.00)

[GVNS-Pw(w1=0.80,w2=0.20)] Solução inicial: F=738800.5705 (f1=891.00, f2=48.00, P_cap=738800.00)
[GVNS-Pw(w1=0.80,w2=0.20)] Iter 0: Novo melhor! F=0.1689 (f1=939.00, f2=6.00, P_cap=0.00) (k=1)
[GVNS-Pw(w1=0.80,w2=0.20)] Iter 0: Novo melhor! F=0.1188 (f1=913.00, f2=6.00, P_cap=0.00) (k=2)
[GVNS-Pw(w1=0.80,w2=0.20)] Iter 22: Novo melhor! F=0.1141 (f1=935.00, f2=2.00, P_cap=0.00) (k=2)
[GVNS-Pw(w1=0.80,w2=0.20)] Fim. Melhor F=0.1141 (f1=935.00, f2=2.00, P_cap=0.00)

[GVNS-Pw(w1=0.90,w2=0.10)] Solução inicial: F=778400.2762 (f1=915.00, f2=37.00, P_cap=778400.00)
[GVNS-Pw(w1=0.90,w2=0.10)] Iter 0: Novo melhor! F=0.2704 (f1=972.00, f2=15.00, P_cap=0.00) (k=1)
[GVNS-Pw(w1=0.90,w2=0.10)] Iter 0: Novo melhor! F=0.1917 (f1=952.00, f2=9.00, P_cap=0.00) (k=1)
[GVNS-Pw(w1=0.90,w2=0.10)] Iter 0: Novo melhor! F=0.1902 (f1=954.00, f2=8.00, P_cap=0.00) (k=1)
[GVNS-Pw(w1=0.90,w2=0.10)] Iter 0: Novo melhor! F=0.1899 (f1=943.00, f2=12.00, P_cap=0.00) (k=2)
[GVNS-Pw(w1=0.90,w2=0.10)] Iter 0: Novo melhor! F=0.1713 (f1=948.00, f2=7.00, P_cap=0.00) (k=3)
[GVNS-Pw(w1=0.90,w2=0.10)] Iter 0: Novo melhor! F=0.1375 (f1=927.00, f2=9.00, P_cap=0.00) (k=1)
[GVNS-Pw(w1=0.90,w2=0.10)] Iter 3: Novo melhor! F=0.1211 (f1=914.00, f2=11.00, P_cap=0.00) (k=2)
[GVNS-Pw(w1=0.90,w2=0.10)] Iter 3: Novo melhor! F=0.1124 (f1=910.00, f2=11.00, P_cap=0.00) (k=2)
[GVNS-Pw(w1=0.90,w2=0.10)] Iter 9: Novo melhor! F=0.1084 (f1=919.00, f2=7.00, P_cap=0.00) (k=2)
[GVNS-Pw(w1=0.90,w2=0.10)] Iter 15: Novo melhor! F=0.1065 (f1=910.00, f2=10.00, P_cap=0.00) (k=1)
[GVNS-Pw(w1=0.90,w2=0.10)] Iter 15: Novo melhor! F=0.1028 (f1=911.00, f2=9.00, P_cap=0.00) (k=3)
[GVNS-Pw(w1=0.90,w2=0.10)] Iter 23: Novo melhor! F=0.0988 (f1=920.00, f2=5.00, P_cap=0.00) (k=1)
[GVNS-Pw(w1=0.90,w2=0.10)] Iter 40: Novo melhor! F=0.0908 (f1=919.00, f2=4.00, P_cap=0.00) (k=3)
[GVNS-Pw(w1=0.90,w2=0.10)] Iter 45: Novo melhor! F=0.0808 (f1=909.00, f2=6.00, P_cap=0.00) (k=2)
[GVNS-Pw(w1=0.90,w2=0.10)] Fim. Melhor F=0.0808 (f1=909.00, f2=6.00, P_cap=0.00)

[GVNS-Pw(w1=1.00,w2=0.00)] Solução inicial: F=1148400.0699 (f1=917.00, f2=53.00, P_cap=1148400.00)
[GVNS-Pw(w1=1.00,w2=0.00)] Iter 0: Novo melhor! F=0.0434 (f1=906.00, f2=40.00, P_cap=0.00) (k=1)
[GVNS-Pw(w1=1.00,w2=0.00)] Iter 3: Novo melhor! F=0.0241 (f1=898.00, f2=29.00, P_cap=0.00) (k=1)
[GVNS-Pw(w1=1.00,w2=0.00)] Iter 10: Novo melhor! F=0.0217 (f1=897.00, f2=29.00, P_cap=0.00) (k=1)
[GVNS-Pw(w1=1.00,w2=0.00)] Iter 32: Novo melhor! F=0.0193 (f1=896.00, f2=16.00, P_cap=0.00) (k=1)
[GVNS-Pw(w1=1.00,w2=0.00)] Iter 38: Novo melhor! F=0.0000 (f1=888.00, f2=17.00, P_cap=0.00) (k=1)
[GVNS-Pw(w1=1.00,w2=0.00)] Fim. Melhor F=0.0000 (f1=888.00, f2=17.00, P_cap=0.00)

===== [Pw] Execução 2 / 5 =====

[GVNS-Pw(w1=0.00,w2=1.00)] Solução inicial: F=1.7059 (f1=1400.00, f2=29.00, P_cap=0.00)
[GVNS-Pw(w1=0.00,w2=1.00)] Iter 0: Novo melhor! F=0.0588 (f1=1406.00, f2=1.00, P_cap=0.00) (k=1)
[GVNS-Pw(w1=0.00,w2=1.00)] Iter 3: Novo melhor! F=0.0000 (f1=1477.00, f2=0.00, P_cap=0.00) (k=3)
[GVNS-Pw(w1=0.00,w2=1.00)] Fim. Melhor F=0.0000 (f1=1477.00, f2=0.00, P_cap=0.00)

[GVNS-Pw(w1=0.10,w2=0.90)] Solução inicial: F=0.6573 (f1=1199.00, f2=11.00, P_cap=0.00)
[GVNS-Pw(w1=0.10,w2=0.90)] Iter 0: Novo melhor! F=0.1235 (f1=1181.00, f2=1.00, P_cap=0.00) (k=1)
[GVNS-Pw(w1=0.10,w2=0.90)] Iter 0: Novo melhor! F=0.0684 (f1=1172.00, f2=0.00, P_cap=0.00) (k=1)
[GVNS-Pw(w1=0.10,w2=0.90)] Iter 2: Novo melhor! F=0.0667 (f1=1165.00, f2=0.00, P_cap=0.00) (k=1)
[GVNS-Pw(w1=0.10,w2=0.90)] Iter 21: Novo melhor! F=0.0598 (f1=1136.00, f2=0.00, P_cap=0.00) (k=2)
[GVNS-Pw(w1=0.10,w2=0.90)] Iter 36: Novo melhor! F=0.0590 (f1=1133.00, f2=0.00, P_cap=0.00) (k=2)
[GVNS-Pw(w1=0.10,w2=0.90)] Iter 53: Novo melhor! F=0.0576 (f1=1127.00, f2=0.00, P_cap=0.00) (k=3)
[GVNS-Pw(w1=0.10,w2=0.90)] Iter 59: Novo melhor! F=0.0535 (f1=1110.00, f2=0.00, P_cap=0.00) (k=2)
[GVNS-Pw(w1=0.10,w2=0.90)] Iter 59: Novo melhor! F=0.0386 (f1=1048.00, f2=0.00, P_cap=0.00) (k=3)
[GVNS-Pw(w1=0.10,w2=0.90)] Fim. Melhor F=0.0386 (f1=1048.00, f2=0.00, P_cap=0.00)

[GVNS-Pw(w1=0.20,w2=0.80)] Solução inicial: F=1.2147 (f1=1065.00, f2=24.00, P_cap=0.00)
[GVNS-Pw(w1=0.20,w2=0.80)] Iter 0: Novo melhor! F=0.2228 (f1=1155.00, f2=2.00, P_cap=0.00) (k=1)
[GVNS-Pw(w1=0.20,w2=0.80)] Iter 0: Novo melhor! F=0.1733 (f1=1150.00, f2=1.00, P_cap=0.00) (k=1)
[GVNS-Pw(w1=0.20,w2=0.80)] Iter 0: Novo melhor! F=0.1646 (f1=1132.00, f2=1.00, P_cap=0.00) (k=1)
[GVNS-Pw(w1=0.20,w2=0.80)] Iter 0: Novo melhor! F=0.1412 (f1=1181.00, f2=0.00, P_cap=0.00) (k=1)
[GVNS-Pw(w1=0.20,w2=0.80)] Iter 3: Novo melhor! F=0.1378 (f1=1174.00, f2=0.00, P_cap=0.00) (k=2)
[GVNS-Pw(w1=0.20,w2=0.80)] Iter 4: Novo melhor! F=0.1330 (f1=1164.00, f2=0.00, P_cap=0.00) (k=2)
[GVNS-Pw(w1=0.20,w2=0.80)] Iter 22: Novo melhor! F=0.1234 (f1=1144.00, f2=0.00, P_cap=0.00) (k=3)
[GVNS-Pw(w1=0.20,w2=0.80)] Iter 23: Novo melhor! F=0.1113 (f1=1119.00, f2=0.00, P_cap=0.00) (k=3)
[GVNS-Pw(w1=0.20,w2=0.80)] Iter 28: Novo melhor! F=0.1080 (f1=1112.00, f2=0.00, P_cap=0.00) (k=3)
[GVNS-Pw(w1=0.20,w2=0.80)] Iter 36: Novo melhor! F=0.0901 (f1=1075.00, f2=0.00, P_cap=0.00) (k=2)
[GVNS-Pw(w1=0.20,w2=0.80)] Iter 37: Novo melhor! F=0.0858 (f1=1066.00, f2=0.00, P_cap=0.00) (k=2)
[GVNS-Pw(w1=0.20,w2=0.80)] Fim. Melhor F=0.0858 (f1=1066.00, f2=0.00, P_cap=0.00)

[GVNS-Pw(w1=0.30,w2=0.70)] Solução inicial: F=0.5758 (f1=944.00, f2=13.00, P_cap=0.00)
[GVNS-Pw(w1=0.30,w2=0.70)] Iter 0: Novo melhor! F=0.1359 (f1=1076.00, f2=0.00, P_cap=0.00) (k=1)
[GVNS-Pw(w1=0.30,w2=0.70)] Iter 24: Novo melhor! F=0.1330 (f1=1015.00, f2=1.00, P_cap=0.00) (k=3)
[GVNS-Pw(w1=0.30,w2=0.70)] Fim. Melhor F=0.1330 (f1=1015.00, f2=1.00, P_cap=0.00)

[GVNS-Pw(w1=0.40,w2=0.60)] Solução inicial: F=70801.0785 (f1=945.00, f2=29.00, P_cap=70800.00)
[GVNS-Pw(w1=0.40,w2=0.60)] Iter 0: Novo melhor! F=0.2907 (f1=1153.00, f2=1.00, P_cap=0.00) (k=1)
[GVNS-Pw(w1=0.40,w2=0.60)] Iter 1: Novo melhor! F=0.2786 (f1=1177.00, f2=0.00, P_cap=0.00) (k=2)
[GVNS-Pw(w1=0.40,w2=0.60)] Iter 10: Novo melhor! F=0.2734 (f1=1135.00, f2=1.00, P_cap=0.00) (k=3)
[GVNS-Pw(w1=0.40,w2=0.60)] Iter 10: Novo melhor! F=0.2419 (f1=1139.00, f2=0.00, P_cap=0.00) (k=1)
[GVNS-Pw(w1=0.40,w2=0.60)] Iter 23: Novo melhor! F=0.2377 (f1=1098.00, f2=1.00, P_cap=0.00) (k=1)
[GVNS-Pw(w1=0.40,w2=0.60)] Iter 24: Novo melhor! F=0.2255 (f1=1122.00, f2=0.00, P_cap=0.00) (k=2)
[GVNS-Pw(w1=0.40,w2=0.60)] Iter 40: Novo melhor! F=0.2227 (f1=1119.00, f2=0.00, P_cap=0.00) (k=1)
[GVNS-Pw(w1=0.40,w2=0.60)] Iter 68: Novo melhor! F=0.2120 (f1=1108.00, f2=0.00, P_cap=0.00) (k=1)
[GVNS-Pw(w1=0.40,w2=0.60)] Iter 76: Novo melhor! F=0.2111 (f1=1107.00, f2=0.00, P_cap=0.00) (k=1)
[GVNS-Pw(w1=0.40,w2=0.60)] Iter 80: Novo melhor! F=0.1982 (f1=1057.00, f2=1.00, P_cap=0.00) (k=1)
[GVNS-Pw(w1=0.40,w2=0.60)] Fim. Melhor F=0.1982 (f1=1057.00, f2=1.00, P_cap=0.00)

[GVNS-Pw(w1=0.50,w2=0.50)] Solução inicial: F=758401.1155 (f1=935.00, f2=36.00, P_cap=758400.00)
[GVNS-Pw(w1=0.50,w2=0.50)] Iter 0: Novo melhor! F=0.3420 (f1=1123.00, f2=2.00, P_cap=0.00) (k=1)
[GVNS-Pw(w1=0.50,w2=0.50)] Iter 0: Novo melhor! F=0.2716 (f1=1089.00, f2=1.00, P_cap=0.00) (k=2)
[GVNS-Pw(w1=0.50,w2=0.50)] Iter 0: Novo melhor! F=0.2559 (f1=1076.00, f2=1.00, P_cap=0.00) (k=3)
[GVNS-Pw(w1=0.50,w2=0.50)] Iter 2: Novo melhor! F=0.2359 (f1=1035.00, f2=2.00, P_cap=0.00) (k=2)
[GVNS-Pw(w1=0.50,w2=0.50)] Iter 4: Novo melhor! F=0.2150 (f1=1042.00, f2=1.00, P_cap=0.00) (k=2)
[GVNS-Pw(w1=0.50,w2=0.50)] Iter 4: Novo melhor! F=0.2053 (f1=1034.00, f2=1.00, P_cap=0.00) (k=1)
[GVNS-Pw(w1=0.50,w2=0.50)] Iter 6: Novo melhor! F=0.1957 (f1=1026.00, f2=1.00, P_cap=0.00) (k=2)
[GVNS-Pw(w1=0.50,w2=0.50)] Iter 8: Novo melhor! F=0.1771 (f1=1035.00, f2=0.00, P_cap=0.00) (k=1)
[GVNS-Pw(w1=0.50,w2=0.50)] Iter 20: Novo melhor! F=0.1764 (f1=1010.00, f2=1.00, P_cap=0.00) (k=3)
[GVNS-Pw(w1=0.50,w2=0.50)] Fim. Melhor F=0.1764 (f1=1010.00, f2=1.00, P_cap=0.00)

[GVNS-Pw(w1=0.60,w2=0.40)] Solução inicial: F=542401.3303 (f1=913.00, f2=55.00, P_cap=542400.00)
[GVNS-Pw(w1=0.60,w2=0.40)] Iter 0: Novo melhor! F=0.3470 (f1=1128.00, f2=0.00, P_cap=0.00) (k=1)
[GVNS-Pw(w1=0.60,w2=0.40)] Iter 0: Novo melhor! F=0.2777 (f1=1015.00, f2=4.00, P_cap=0.00) (k=3)
[GVNS-Pw(w1=0.60,w2=0.40)] Iter 0: Novo melhor! F=0.2451 (f1=1025.00, f2=2.00, P_cap=0.00) (k=1)
[GVNS-Pw(w1=0.60,w2=0.40)] Iter 0: Novo melhor! F=0.1916 (f1=988.00, f2=2.00, P_cap=0.00) (k=3)
[GVNS-Pw(w1=0.60,w2=0.40)] Iter 13: Novo melhor! F=0.1685 (f1=972.00, f2=2.00, P_cap=0.00) (k=3)
[GVNS-Pw(w1=0.60,w2=0.40)] Fim. Melhor F=0.1685 (f1=972.00, f2=2.00, P_cap=0.00)

[GVNS-Pw(w1=0.70,w2=0.30)] Solução inicial: F=580400.7246 (f1=920.00, f2=38.00, P_cap=580400.00)
[GVNS-Pw(w1=0.70,w2=0.30)] Iter 0: Novo melhor! F=0.2943 (f1=1052.00, f2=1.00, P_cap=0.00) (k=1)
[GVNS-Pw(w1=0.70,w2=0.30)] Iter 0: Novo melhor! F=0.2250 (f1=990.00, f2=3.00, P_cap=0.00) (k=1)
[GVNS-Pw(w1=0.70,w2=0.30)] Iter 1: Novo melhor! F=0.2234 (f1=1010.00, f2=1.00, P_cap=0.00) (k=2)
[GVNS-Pw(w1=0.70,w2=0.30)] Iter 1: Novo melhor! F=0.2031 (f1=977.00, f2=3.00, P_cap=0.00) (k=1)
[GVNS-Pw(w1=0.70,w2=0.30)] Iter 4: Novo melhor! F=0.1870 (f1=957.00, f2=4.00, P_cap=0.00) (k=1)
[GVNS-Pw(w1=0.70,w2=0.30)] Iter 4: Novo melhor! F=0.1853 (f1=956.00, f2=4.00, P_cap=0.00) (k=3)
[GVNS-Pw(w1=0.70,w2=0.30)] Iter 6: Novo melhor! F=0.1685 (f1=967.00, f2=2.00, P_cap=0.00) (k=3)
[GVNS-Pw(w1=0.70,w2=0.30)] Iter 7: Novo melhor! F=0.1492 (f1=966.00, f2=1.00, P_cap=0.00) (k=3)
[GVNS-Pw(w1=0.70,w2=0.30)] Iter 21: Novo melhor! F=0.1466 (f1=954.00, f2=2.00, P_cap=0.00) (k=3)
[GVNS-Pw(w1=0.70,w2=0.30)] Fim. Melhor F=0.1466 (f1=954.00, f2=2.00, P_cap=0.00)

[GVNS-Pw(w1=0.80,w2=0.20)] Solução inicial: F=1048400.5821 (f1=897.00, f2=48.00, P_cap=1048400.00)
[GVNS-Pw(w1=0.80,w2=0.20)] Iter 0: Novo melhor! F=0.4052 (f1=1086.00, f2=2.00, P_cap=0.00) (k=1)
[GVNS-Pw(w1=0.80,w2=0.20)] Iter 0: Novo melhor! F=0.3453 (f1=1061.00, f2=1.00, P_cap=0.00) (k=1)
[GVNS-Pw(w1=0.80,w2=0.20)] Iter 0: Novo melhor! F=0.2915 (f1=1027.00, f2=2.00, P_cap=0.00) (k=3)
[GVNS-Pw(w1=0.80,w2=0.20)] Iter 0: Novo melhor! F=0.2701 (f1=1022.00, f2=1.00, P_cap=0.00) (k=1)
[GVNS-Pw(w1=0.80,w2=0.20)] Iter 0: Novo melhor! F=0.2653 (f1=989.00, f2=6.00, P_cap=0.00) (k=1)
[GVNS-Pw(w1=0.80,w2=0.20)] Iter 0: Novo melhor! F=0.2533 (f1=995.00, f2=4.00, P_cap=0.00) (k=2)
[GVNS-Pw(w1=0.80,w2=0.20)] Iter 0: Novo melhor! F=0.2493 (f1=999.00, f2=3.00, P_cap=0.00) (k=2)
[GVNS-Pw(w1=0.80,w2=0.20)] Iter 0: Novo melhor! F=0.2462 (f1=973.00, f2=7.00, P_cap=0.00) (k=3)
[GVNS-Pw(w1=0.80,w2=0.20)] Iter 0: Novo melhor! F=0.2248 (f1=968.00, f2=6.00, P_cap=0.00) (k=3)
[GVNS-Pw(w1=0.80,w2=0.20)] Iter 2: Novo melhor! F=0.1988 (f1=985.00, f2=1.00, P_cap=0.00) (k=2)
[GVNS-Pw(w1=0.80,w2=0.20)] Iter 2: Novo melhor! F=0.1777 (f1=968.00, f2=2.00, P_cap=0.00) (k=1)
[GVNS-Pw(w1=0.80,w2=0.20)] Iter 2: Novo melhor! F=0.1623 (f1=960.00, f2=2.00, P_cap=0.00) (k=1)
[GVNS-Pw(w1=0.80,w2=0.20)] Iter 4: Novo melhor! F=0.1488 (f1=953.00, f2=2.00, P_cap=0.00) (k=1)
[GVNS-Pw(w1=0.80,w2=0.20)] Iter 7: Novo melhor! F=0.1438 (f1=926.00, f2=6.00, P_cap=0.00) (k=3)
[GVNS-Pw(w1=0.80,w2=0.20)] Iter 9: Novo melhor! F=0.1165 (f1=924.00, f2=4.00, P_cap=0.00) (k=1)
[GVNS-Pw(w1=0.80,w2=0.20)] Iter 20: Novo melhor! F=0.0989 (f1=921.00, f2=3.00, P_cap=0.00) (k=1)
[GVNS-Pw(w1=0.80,w2=0.20)] Fim. Melhor F=0.0989 (f1=921.00, f2=3.00, P_cap=0.00)

[GVNS-Pw(w1=0.90,w2=0.10)] Solução inicial: F=872400.3214 (f1=887.00, f2=55.00, P_cap=872400.00)
[GVNS-Pw(w1=0.90,w2=0.10)] Iter 0: Novo melhor! F=0.1700 (f1=942.00, f2=9.00, P_cap=0.00) (k=1)
[GVNS-Pw(w1=0.90,w2=0.10)] Iter 0: Novo melhor! F=0.1409 (f1=934.00, f2=7.00, P_cap=0.00) (k=2)
[GVNS-Pw(w1=0.90,w2=0.10)] Iter 4: Novo melhor! F=0.1270 (f1=933.00, f2=5.00, P_cap=0.00) (k=2)
[GVNS-Pw(w1=0.90,w2=0.10)] Iter 8: Novo melhor! F=0.0917 (f1=914.00, f2=6.00, P_cap=0.00) (k=2)
[GVNS-Pw(w1=0.90,w2=0.10)] Iter 8: Novo melhor! F=0.0911 (f1=911.00, f2=7.00, P_cap=0.00) (k=1)
[GVNS-Pw(w1=0.90,w2=0.10)] Fim. Melhor F=0.0911 (f1=911.00, f2=7.00, P_cap=0.00)

[GVNS-Pw(w1=1.00,w2=0.00)] Solução inicial: F=1028400.0048 (f1=890.00, f2=58.00, P_cap=1028400.00)
[GVNS-Pw(w1=1.00,w2=0.00)] Iter 0: Novo melhor! F=0.0361 (f1=903.00, f2=24.00, P_cap=0.00) (k=1)
[GVNS-Pw(w1=1.00,w2=0.00)] Iter 7: Novo melhor! F=0.0169 (f1=895.00, f2=28.00, P_cap=0.00) (k=2)
[GVNS-Pw(w1=1.00,w2=0.00)] Iter 12: Novo melhor! F=0.0096 (f1=892.00, f2=30.00, P_cap=0.00) (k=1)
[GVNS-Pw(w1=1.00,w2=0.00)] Iter 16: Novo melhor! F=0.0072 (f1=891.00, f2=19.00, P_cap=0.00) (k=2)
[GVNS-Pw(w1=1.00,w2=0.00)] Iter 37: Novo melhor! F=0.0000 (f1=888.00, f2=17.00, P_cap=0.00) (k=1)
[GVNS-Pw(w1=1.00,w2=0.00)] Fim. Melhor F=0.0000 (f1=888.00, f2=17.00, P_cap=0.00)

===== [Pw] Execução 3 / 5 =====

[GVNS-Pw(w1=0.00,w2=1.00)] Solução inicial: F=1.6471 (f1=1532.00, f2=28.00, P_cap=0.00)
[GVNS-Pw(w1=0.00,w2=1.00)] Iter 0: Novo melhor! F=0.0588 (f1=1519.00, f2=1.00, P_cap=0.00) (k=1)
[GVNS-Pw(w1=0.00,w2=1.00)] Iter 9: Novo melhor! F=0.0000 (f1=1411.00, f2=0.00, P_cap=0.00) (k=3)
[GVNS-Pw(w1=0.00,w2=1.00)] Fim. Melhor F=0.0000 (f1=1411.00, f2=0.00, P_cap=0.00)

[GVNS-Pw(w1=0.10,w2=0.90)] Solução inicial: F=1.4091 (f1=1243.00, f2=25.00, P_cap=0.00)
[GVNS-Pw(w1=0.10,w2=0.90)] Iter 0: Novo melhor! F=0.0677 (f1=1169.00, f2=0.00, P_cap=0.00) (k=1)
[GVNS-Pw(w1=0.10,w2=0.90)] Iter 4: Novo melhor! F=0.0670 (f1=1166.00, f2=0.00, P_cap=0.00) (k=1)
[GVNS-Pw(w1=0.10,w2=0.90)] Iter 13: Novo melhor! F=0.0610 (f1=1141.00, f2=0.00, P_cap=0.00) (k=3)
[GVNS-Pw(w1=0.10,w2=0.90)] Iter 20: Novo melhor! F=0.0537 (f1=1111.00, f2=0.00, P_cap=0.00) (k=2)
[GVNS-Pw(w1=0.10,w2=0.90)] Iter 41: Novo melhor! F=0.0520 (f1=1104.00, f2=0.00, P_cap=0.00) (k=1)
[GVNS-Pw(w1=0.10,w2=0.90)] Iter 63: Novo melhor! F=0.0494 (f1=1093.00, f2=0.00, P_cap=0.00) (k=1)
[GVNS-Pw(w1=0.10,w2=0.90)] Fim. Melhor F=0.0494 (f1=1093.00, f2=0.00, P_cap=0.00)

[GVNS-Pw(w1=0.20,w2=0.80)] Solução inicial: F=1.5152 (f1=1005.00, f2=31.00, P_cap=0.00)
[GVNS-Pw(w1=0.20,w2=0.80)] Iter 0: Novo melhor! F=0.2626 (f1=1140.00, f2=3.00, P_cap=0.00) (k=1)
[GVNS-Pw(w1=0.20,w2=0.80)] Iter 0: Novo melhor! F=0.2406 (f1=1192.00, f2=2.00, P_cap=0.00) (k=2)
[GVNS-Pw(w1=0.20,w2=0.80)] Iter 1: Novo melhor! F=0.2292 (f1=1266.00, f2=1.00, P_cap=0.00) (k=1)
[GVNS-Pw(w1=0.20,w2=0.80)] Iter 1: Novo melhor! F=0.1902 (f1=1185.00, f2=1.00, P_cap=0.00) (k=2)
[GVNS-Pw(w1=0.20,w2=0.80)] Iter 1: Novo melhor! F=0.1892 (f1=1183.00, f2=1.00, P_cap=0.00) (k=1)
[GVNS-Pw(w1=0.20,w2=0.80)] Iter 1: Novo melhor! F=0.1557 (f1=1211.00, f2=0.00, P_cap=0.00) (k=2)
[GVNS-Pw(w1=0.20,w2=0.80)] Iter 5: Novo melhor! F=0.1431 (f1=1185.00, f2=0.00, P_cap=0.00) (k=3)
[GVNS-Pw(w1=0.20,w2=0.80)] Iter 7: Novo melhor! F=0.1234 (f1=1144.00, f2=0.00, P_cap=0.00) (k=3)
[GVNS-Pw(w1=0.20,w2=0.80)] Iter 13: Novo melhor! F=0.1152 (f1=1127.00, f2=0.00, P_cap=0.00) (k=2)
[GVNS-Pw(w1=0.20,w2=0.80)] Iter 14: Novo melhor! F=0.1128 (f1=1122.00, f2=0.00, P_cap=0.00) (k=3)
[GVNS-Pw(w1=0.20,w2=0.80)] Iter 33: Novo melhor! F=0.0993 (f1=1094.00, f2=0.00, P_cap=0.00) (k=3)
[GVNS-Pw(w1=0.20,w2=0.80)] Iter 33: Novo melhor! F=0.0964 (f1=1088.00, f2=0.00, P_cap=0.00) (k=3)
[GVNS-Pw(w1=0.20,w2=0.80)] Fim. Melhor F=0.0964 (f1=1088.00, f2=0.00, P_cap=0.00)

[GVNS-Pw(w1=0.30,w2=0.70)] Solução inicial: F=0.8416 (f1=970.00, f2=19.00, P_cap=0.00)
[GVNS-Pw(w1=0.30,w2=0.70)] Iter 0: Novo melhor! F=0.1439 (f1=1087.00, f2=0.00, P_cap=0.00) (k=1)
[GVNS-Pw(w1=0.30,w2=0.70)] Iter 6: Novo melhor! F=0.1308 (f1=1069.00, f2=0.00, P_cap=0.00) (k=3)
[GVNS-Pw(w1=0.30,w2=0.70)] Iter 35: Novo melhor! F=0.1222 (f1=1057.00, f2=0.00, P_cap=0.00) (k=2)
[GVNS-Pw(w1=0.30,w2=0.70)] Iter 37: Novo melhor! F=0.1193 (f1=1053.00, f2=0.00, P_cap=0.00) (k=1)
[GVNS-Pw(w1=0.30,w2=0.70)] Fim. Melhor F=0.1193 (f1=1053.00, f2=0.00, P_cap=0.00)

[GVNS-Pw(w1=0.40,w2=0.60)] Solução inicial: F=0.8177 (f1=1004.00, f2=20.00, P_cap=0.00)
[GVNS-Pw(w1=0.40,w2=0.60)] Iter 0: Novo melhor! F=0.3559 (f1=1184.00, f2=2.00, P_cap=0.00) (k=1)
[GVNS-Pw(w1=0.40,w2=0.60)] Iter 0: Novo melhor! F=0.2695 (f1=1131.00, f2=1.00, P_cap=0.00) (k=1)
[GVNS-Pw(w1=0.40,w2=0.60)] Iter 0: Novo melhor! F=0.2169 (f1=1113.00, f2=0.00, P_cap=0.00) (k=1)
[GVNS-Pw(w1=0.40,w2=0.60)] Iter 14: Novo melhor! F=0.1966 (f1=1092.00, f2=0.00, P_cap=0.00) (k=3)
[GVNS-Pw(w1=0.40,w2=0.60)] Iter 39: Novo melhor! F=0.1812 (f1=1076.00, f2=0.00, P_cap=0.00) (k=3)
[GVNS-Pw(w1=0.40,w2=0.60)] Fim. Melhor F=0.1812 (f1=1076.00, f2=0.00, P_cap=0.00)

[GVNS-Pw(w1=0.50,w2=0.50)] Solução inicial: F=0.9305 (f1=928.00, f2=30.00, P_cap=0.00)
[GVNS-Pw(w1=0.50,w2=0.50)] Iter 0: Novo melhor! F=0.2800 (f1=1096.00, f2=1.00, P_cap=0.00) (k=1)
[GVNS-Pw(w1=0.50,w2=0.50)] Iter 0: Novo melhor! F=0.2648 (f1=1059.00, f2=2.00, P_cap=0.00) (k=1)
[GVNS-Pw(w1=0.50,w2=0.50)] Iter 3: Novo melhor! F=0.2386 (f1=1086.00, f2=0.00, P_cap=0.00) (k=1)
[GVNS-Pw(w1=0.50,w2=0.50)] Iter 3: Novo melhor! F=0.2253 (f1=1075.00, f2=0.00, P_cap=0.00) (k=1)
[GVNS-Pw(w1=0.50,w2=0.50)] Iter 10: Novo melhor! F=0.2234 (f1=1049.00, f2=1.00, P_cap=0.00) (k=2)
[GVNS-Pw(w1=0.50,w2=0.50)] Iter 31: Novo melhor! F=0.2222 (f1=1048.00, f2=1.00, P_cap=0.00) (k=2)
[GVNS-Pw(w1=0.50,w2=0.50)] Iter 36: Novo melhor! F=0.1969 (f1=1027.00, f2=1.00, P_cap=0.00) (k=3)
[GVNS-Pw(w1=0.50,w2=0.50)] Iter 43: Novo melhor! F=0.1938 (f1=1000.00, f2=2.00, P_cap=0.00) (k=2)
[GVNS-Pw(w1=0.50,w2=0.50)] Iter 57: Novo melhor! F=0.1788 (f1=1012.00, f2=1.00, P_cap=0.00) (k=1)
[GVNS-Pw(w1=0.50,w2=0.50)] Iter 77: Novo melhor! F=0.1704 (f1=1005.00, f2=1.00, P_cap=0.00) (k=2)
[GVNS-Pw(w1=0.50,w2=0.50)] Fim. Melhor F=0.1704 (f1=1005.00, f2=1.00, P_cap=0.00)

[GVNS-Pw(w1=0.60,w2=0.40)] Solução inicial: F=292800.7117 (f1=892.00, f2=30.00, P_cap=292800.00)
[GVNS-Pw(w1=0.60,w2=0.40)] Iter 0: Novo melhor! F=0.1970 (f1=1008.00, f2=1.00, P_cap=0.00) (k=1)
[GVNS-Pw(w1=0.60,w2=0.40)] Iter 9: Novo melhor! F=0.1801 (f1=980.00, f2=2.00, P_cap=0.00) (k=1)
[GVNS-Pw(w1=0.60,w2=0.40)] Iter 15: Novo melhor! F=0.1247 (f1=958.00, f2=1.00, P_cap=0.00) (k=2)
[GVNS-Pw(w1=0.60,w2=0.40)] Fim. Melhor F=0.1247 (f1=958.00, f2=1.00, P_cap=0.00)

[GVNS-Pw(w1=0.70,w2=0.30)] Solução inicial: F=848400.6414 (f1=923.00, f2=33.00, P_cap=848400.00)
[GVNS-Pw(w1=0.70,w2=0.30)] Iter 0: Novo melhor! F=0.2443 (f1=991.00, f2=4.00, P_cap=0.00) (k=1)
[GVNS-Pw(w1=0.70,w2=0.30)] Iter 1: Novo melhor! F=0.2022 (f1=966.00, f2=4.00, P_cap=0.00) (k=3)
[GVNS-Pw(w1=0.70,w2=0.30)] Iter 1: Novo melhor! F=0.1558 (f1=949.00, f2=3.00, P_cap=0.00) (k=2)
[GVNS-Pw(w1=0.70,w2=0.30)] Iter 2: Novo melhor! F=0.1425 (f1=962.00, f2=1.00, P_cap=0.00) (k=2)
[GVNS-Pw(w1=0.70,w2=0.30)] Iter 3: Novo melhor! F=0.1061 (f1=930.00, f2=2.00, P_cap=0.00) (k=2)
[GVNS-Pw(w1=0.70,w2=0.30)] Fim. Melhor F=0.1061 (f1=930.00, f2=2.00, P_cap=0.00)

[GVNS-Pw(w1=0.80,w2=0.20)] Solução inicial: F=468000.5415 (f1=937.00, f2=38.00, P_cap=468000.00)
[GVNS-Pw(w1=0.80,w2=0.20)] Iter 0: Novo melhor! F=0.2259 (f1=993.00, f2=2.00, P_cap=0.00) (k=1)
[GVNS-Pw(w1=0.80,w2=0.20)] Iter 0: Novo melhor! F=0.1997 (f1=955.00, f2=6.00, P_cap=0.00) (k=2)
[GVNS-Pw(w1=0.80,w2=0.20)] Iter 2: Novo melhor! F=0.1824 (f1=946.00, f2=6.00, P_cap=0.00) (k=1)
[GVNS-Pw(w1=0.80,w2=0.20)] Iter 2: Novo melhor! F=0.1702 (f1=958.00, f2=3.00, P_cap=0.00) (k=1)
[GVNS-Pw(w1=0.80,w2=0.20)] Iter 3: Novo melhor! F=0.1492 (f1=941.00, f2=4.00, P_cap=0.00) (k=1)
[GVNS-Pw(w1=0.80,w2=0.20)] Iter 4: Novo melhor! F=0.1396 (f1=936.00, f2=4.00, P_cap=0.00) (k=3)
[GVNS-Pw(w1=0.80,w2=0.20)] Fim. Melhor F=0.1396 (f1=936.00, f2=4.00, P_cap=0.00)

[GVNS-Pw(w1=0.90,w2=0.10)] Solução inicial: F=902400.2362 (f1=883.00, f2=42.00, P_cap=902400.00)
[GVNS-Pw(w1=0.90,w2=0.10)] Iter 0: Novo melhor! F=0.1323 (f1=930.00, f2=7.00, P_cap=0.00) (k=1)
[GVNS-Pw(w1=0.90,w2=0.10)] Iter 0: Novo melhor! F=0.1084 (f1=919.00, f2=7.00, P_cap=0.00) (k=3)
[GVNS-Pw(w1=0.90,w2=0.10)] Iter 0: Novo melhor! F=0.1001 (f1=926.00, f2=3.00, P_cap=0.00) (k=2)
[GVNS-Pw(w1=0.90,w2=0.10)] Iter 6: Novo melhor! F=0.0743 (f1=906.00, f2=6.00, P_cap=0.00) (k=2)
[GVNS-Pw(w1=0.90,w2=0.10)] Iter 29: Novo melhor! F=0.0737 (f1=903.00, f2=7.00, P_cap=0.00) (k=1)
[GVNS-Pw(w1=0.90,w2=0.10)] Fim. Melhor F=0.0737 (f1=903.00, f2=7.00, P_cap=0.00)

[GVNS-Pw(w1=1.00,w2=0.00)] Solução inicial: F=846400.2410 (f1=988.00, f2=46.00, P_cap=846400.00)
[GVNS-Pw(w1=1.00,w2=0.00)] Iter 0: Novo melhor! F=0.0627 (f1=914.00, f2=37.00, P_cap=0.00) (k=1)
[GVNS-Pw(w1=1.00,w2=0.00)] Iter 0: Novo melhor! F=0.0434 (f1=906.00, f2=18.00, P_cap=0.00) (k=3)
[GVNS-Pw(w1=1.00,w2=0.00)] Iter 0: Novo melhor! F=0.0289 (f1=900.00, f2=26.00, P_cap=0.00) (k=2)
[GVNS-Pw(w1=1.00,w2=0.00)] Iter 18: Novo melhor! F=0.0265 (f1=899.00, f2=27.00, P_cap=0.00) (k=2)
[GVNS-Pw(w1=1.00,w2=0.00)] Iter 23: Novo melhor! F=0.0072 (f1=891.00, f2=18.00, P_cap=0.00) (k=2)
[GVNS-Pw(w1=1.00,w2=0.00)] Iter 48: Novo melhor! F=0.0000 (f1=888.00, f2=17.00, P_cap=0.00) (k=1)
[GVNS-Pw(w1=1.00,w2=0.00)] Fim. Melhor F=0.0000 (f1=888.00, f2=17.00, P_cap=0.00)

===== [Pw] Execução 4 / 5 =====

[GVNS-Pw(w1=0.00,w2=1.00)] Solução inicial: F=0.5294 (f1=1406.00, f2=9.00, P_cap=0.00)
[GVNS-Pw(w1=0.00,w2=1.00)] Iter 0: Novo melhor! F=0.0588 (f1=1391.00, f2=1.00, P_cap=0.00) (k=1)
[GVNS-Pw(w1=0.00,w2=1.00)] Iter 0: Novo melhor! F=0.0000 (f1=1390.00, f2=0.00, P_cap=0.00) (k=1)
[GVNS-Pw(w1=0.00,w2=1.00)] Fim. Melhor F=0.0000 (f1=1390.00, f2=0.00, P_cap=0.00)

[GVNS-Pw(w1=0.10,w2=0.90)] Solução inicial: F=1.5732 (f1=1265.00, f2=28.00, P_cap=0.00)
[GVNS-Pw(w1=0.10,w2=0.90)] Iter 0: Novo melhor! F=0.0971 (f1=1291.00, f2=0.00, P_cap=0.00) (k=1)
[GVNS-Pw(w1=0.10,w2=0.90)] Iter 2: Novo melhor! F=0.0795 (f1=1218.00, f2=0.00, P_cap=0.00) (k=1)
[GVNS-Pw(w1=0.10,w2=0.90)] Iter 4: Novo melhor! F=0.0757 (f1=1202.00, f2=0.00, P_cap=0.00) (k=2)
[GVNS-Pw(w1=0.10,w2=0.90)] Iter 7: Novo melhor! F=0.0725 (f1=1189.00, f2=0.00, P_cap=0.00) (k=3)
[GVNS-Pw(w1=0.10,w2=0.90)] Iter 18: Novo melhor! F=0.0665 (f1=1164.00, f2=0.00, P_cap=0.00) (k=2)
[GVNS-Pw(w1=0.10,w2=0.90)] Iter 45: Novo melhor! F=0.0660 (f1=1162.00, f2=0.00, P_cap=0.00) (k=2)
[GVNS-Pw(w1=0.10,w2=0.90)] Iter 57: Novo melhor! F=0.0605 (f1=1139.00, f2=0.00, P_cap=0.00) (k=1)
[GVNS-Pw(w1=0.10,w2=0.90)] Iter 73: Novo melhor! F=0.0496 (f1=1094.00, f2=0.00, P_cap=0.00) (k=1)
[GVNS-Pw(w1=0.10,w2=0.90)] Iter 100: Novo melhor! F=0.0470 (f1=1083.00, f2=0.00, P_cap=0.00) (k=2)
[GVNS-Pw(w1=0.10,w2=0.90)] Fim. Melhor F=0.0470 (f1=1083.00, f2=0.00, P_cap=0.00)

[GVNS-Pw(w1=0.20,w2=0.80)] Solução inicial: F=1.2982 (f1=1043.00, f2=26.00, P_cap=0.00)
[GVNS-Pw(w1=0.20,w2=0.80)] Iter 0: Novo melhor! F=0.1675 (f1=1138.00, f2=1.00, P_cap=0.00) (k=1)
[GVNS-Pw(w1=0.20,w2=0.80)] Iter 0: Novo melhor! F=0.1046 (f1=1105.00, f2=0.00, P_cap=0.00) (k=1)
[GVNS-Pw(w1=0.20,w2=0.80)] Iter 8: Novo melhor! F=0.0973 (f1=1090.00, f2=0.00, P_cap=0.00) (k=1)
[GVNS-Pw(w1=0.20,w2=0.80)] Iter 25: Novo melhor! F=0.0814 (f1=1057.00, f2=0.00, P_cap=0.00) (k=3)
[GVNS-Pw(w1=0.20,w2=0.80)] Fim. Melhor F=0.0814 (f1=1057.00, f2=0.00, P_cap=0.00)

[GVNS-Pw(w1=0.30,w2=0.70)] Solução inicial: F=1.3386 (f1=974.00, f2=31.00, P_cap=0.00)
[GVNS-Pw(w1=0.30,w2=0.70)] Iter 0: Novo melhor! F=0.1952 (f1=1158.00, f2=0.00, P_cap=0.00) (k=1)
[GVNS-Pw(w1=0.30,w2=0.70)] Iter 10: Novo melhor! F=0.1800 (f1=1137.00, f2=0.00, P_cap=0.00) (k=3)
[GVNS-Pw(w1=0.30,w2=0.70)] Iter 35: Novo melhor! F=0.1764 (f1=1132.00, f2=0.00, P_cap=0.00) (k=1)
[GVNS-Pw(w1=0.30,w2=0.70)] Iter 61: Novo melhor! F=0.1663 (f1=1118.00, f2=0.00, P_cap=0.00) (k=3)
[GVNS-Pw(w1=0.30,w2=0.70)] Fim. Melhor F=0.1663 (f1=1118.00, f2=0.00, P_cap=0.00)

[GVNS-Pw(w1=0.40,w2=0.60)] Solução inicial: F=129601.4686 (f1=947.00, f2=40.00, P_cap=129600.00)
[GVNS-Pw(w1=0.40,w2=0.60)] Iter 0: Novo melhor! F=0.3193 (f1=1146.00, f2=2.00, P_cap=0.00) (k=1)
[GVNS-Pw(w1=0.40,w2=0.60)] Iter 0: Novo melhor! F=0.2746 (f1=1063.00, f2=3.00, P_cap=0.00) (k=1)
[GVNS-Pw(w1=0.40,w2=0.60)] Iter 1: Novo melhor! F=0.2209 (f1=1044.00, f2=2.00, P_cap=0.00) (k=1)
[GVNS-Pw(w1=0.40,w2=0.60)] Iter 3: Novo melhor! F=0.2165 (f1=1076.00, f2=1.00, P_cap=0.00) (k=3)
[GVNS-Pw(w1=0.40,w2=0.60)] Iter 14: Novo melhor! F=0.1741 (f1=1032.00, f2=1.00, P_cap=0.00) (k=3)
[GVNS-Pw(w1=0.40,w2=0.60)] Iter 17: Novo melhor! F=0.1629 (f1=1057.00, f2=0.00, P_cap=0.00) (k=1)
[GVNS-Pw(w1=0.40,w2=0.60)] Iter 31: Novo melhor! F=0.1317 (f1=988.00, f2=1.00, P_cap=0.00) (k=3)
[GVNS-Pw(w1=0.40,w2=0.60)] Iter 52: Novo melhor! F=0.1272 (f1=1020.00, f2=0.00, P_cap=0.00) (k=2)
[GVNS-Pw(w1=0.40,w2=0.60)] Fim. Melhor F=0.1272 (f1=1020.00, f2=0.00, P_cap=0.00)

[GVNS-Pw(w1=0.50,w2=0.50)] Solução inicial: F=0.6533 (f1=942.00, f2=20.00, P_cap=0.00)
[GVNS-Pw(w1=0.50,w2=0.50)] Iter 0: Novo melhor! F=0.2853 (f1=1076.00, f2=2.00, P_cap=0.00) (k=1)
[GVNS-Pw(w1=0.50,w2=0.50)] Iter 0: Novo melhor! F=0.2812 (f1=1097.00, f2=1.00, P_cap=0.00) (k=1)
[GVNS-Pw(w1=0.50,w2=0.50)] Iter 1: Novo melhor! F=0.2661 (f1=1060.00, f2=2.00, P_cap=0.00) (k=2)
[GVNS-Pw(w1=0.50,w2=0.50)] Iter 1: Novo melhor! F=0.2005 (f1=1030.00, f2=1.00, P_cap=0.00) (k=1)
[GVNS-Pw(w1=0.50,w2=0.50)] Fim. Melhor F=0.2005 (f1=1030.00, f2=1.00, P_cap=0.00)

[GVNS-Pw(w1=0.60,w2=0.40)] Solução inicial: F=362400.7880 (f1=896.00, f2=33.00, P_cap=362400.00)
[GVNS-Pw(w1=0.60,w2=0.40)] Iter 0: Novo melhor! F=0.4052 (f1=1152.00, f2=1.00, P_cap=0.00) (k=1)
[GVNS-Pw(w1=0.60,w2=0.40)] Iter 0: Novo melhor! F=0.3647 (f1=1124.00, f2=1.00, P_cap=0.00) (k=1)
[GVNS-Pw(w1=0.60,w2=0.40)] Iter 0: Novo melhor! F=0.3604 (f1=1121.00, f2=1.00, P_cap=0.00) (k=1)
[GVNS-Pw(w1=0.60,w2=0.40)] Iter 0: Novo melhor! F=0.3445 (f1=1110.00, f2=1.00, P_cap=0.00) (k=1)
[GVNS-Pw(w1=0.60,w2=0.40)] Iter 1: Novo melhor! F=0.3065 (f1=1100.00, f2=0.00, P_cap=0.00) (k=2)
[GVNS-Pw(w1=0.60,w2=0.40)] Iter 2: Novo melhor! F=0.2802 (f1=1033.00, f2=3.00, P_cap=0.00) (k=2)
[GVNS-Pw(w1=0.60,w2=0.40)] Iter 3: Novo melhor! F=0.2292 (f1=1014.00, f2=2.00, P_cap=0.00) (k=3)
[GVNS-Pw(w1=0.60,w2=0.40)] Iter 5: Novo melhor! F=0.2181 (f1=990.00, f2=3.00, P_cap=0.00) (k=2)
[GVNS-Pw(w1=0.60,w2=0.40)] Iter 7: Novo melhor! F=0.2094 (f1=984.00, f2=3.00, P_cap=0.00) (k=2)
[GVNS-Pw(w1=0.60,w2=0.40)] Iter 7: Novo melhor! F=0.1978 (f1=976.00, f2=3.00, P_cap=0.00) (k=3)
[GVNS-Pw(w1=0.60,w2=0.40)] Iter 11: Novo melhor! F=0.1772 (f1=978.00, f2=2.00, P_cap=0.00) (k=1)
[GVNS-Pw(w1=0.60,w2=0.40)] Iter 20: Novo melhor! F=0.1728 (f1=975.00, f2=2.00, P_cap=0.00) (k=1)
[GVNS-Pw(w1=0.60,w2=0.40)] Iter 48: Novo melhor! F=0.1598 (f1=966.00, f2=2.00, P_cap=0.00) (k=2)
[GVNS-Pw(w1=0.60,w2=0.40)] Fim. Melhor F=0.1598 (f1=966.00, f2=2.00, P_cap=0.00)

[GVNS-Pw(w1=0.70,w2=0.30)] Solução inicial: F=22000.4085 (f1=900.00, f2=22.00, P_cap=22000.00)
[GVNS-Pw(w1=0.70,w2=0.30)] Iter 0: Novo melhor! F=0.2476 (f1=972.00, f2=6.00, P_cap=0.00) (k=1)
[GVNS-Pw(w1=0.70,w2=0.30)] Iter 2: Novo melhor! F=0.2256 (f1=959.00, f2=6.00, P_cap=0.00) (k=3)
[GVNS-Pw(w1=0.70,w2=0.30)] Iter 5: Novo melhor! F=0.1929 (f1=971.00, f2=3.00, P_cap=0.00) (k=3)
[GVNS-Pw(w1=0.70,w2=0.30)] Iter 8: Novo melhor! F=0.1762 (f1=982.00, f2=1.00, P_cap=0.00) (k=2)
[GVNS-Pw(w1=0.70,w2=0.30)] Iter 13: Novo melhor! F=0.1711 (f1=979.00, f2=1.00, P_cap=0.00) (k=1)
[GVNS-Pw(w1=0.70,w2=0.30)] Iter 19: Novo melhor! F=0.1610 (f1=973.00, f2=1.00, P_cap=0.00) (k=2)
[GVNS-Pw(w1=0.70,w2=0.30)] Iter 21: Novo melhor! F=0.1475 (f1=965.00, f2=1.00, P_cap=0.00) (k=1)
[GVNS-Pw(w1=0.70,w2=0.30)] Iter 30: Novo melhor! F=0.1425 (f1=962.00, f2=1.00, P_cap=0.00) (k=2)
[GVNS-Pw(w1=0.70,w2=0.30)] Iter 32: Novo melhor! F=0.1416 (f1=951.00, f2=2.00, P_cap=0.00) (k=2)
[GVNS-Pw(w1=0.70,w2=0.30)] Fim. Melhor F=0.1416 (f1=951.00, f2=2.00, P_cap=0.00)

[GVNS-Pw(w1=0.80,w2=0.20)] Solução inicial: F=688400.5641 (f1=906.00, f2=45.00, P_cap=688400.00)
[GVNS-Pw(w1=0.80,w2=0.20)] Iter 0: Novo melhor! F=0.3069 (f1=1035.00, f2=2.00, P_cap=0.00) (k=1)
[GVNS-Pw(w1=0.80,w2=0.20)] Iter 0: Novo melhor! F=0.2572 (f1=997.00, f2=4.00, P_cap=0.00) (k=1)
[GVNS-Pw(w1=0.80,w2=0.20)] Iter 0: Novo melhor! F=0.2537 (f1=983.00, f2=6.00, P_cap=0.00) (k=2)
[GVNS-Pw(w1=0.80,w2=0.20)] Iter 0: Novo melhor! F=0.2462 (f1=973.00, f2=7.00, P_cap=0.00) (k=2)
[GVNS-Pw(w1=0.80,w2=0.20)] Iter 3: Novo melhor! F=0.2304 (f1=977.00, f2=5.00, P_cap=0.00) (k=1)
[GVNS-Pw(w1=0.80,w2=0.20)] Iter 3: Novo melhor! F=0.2113 (f1=961.00, f2=6.00, P_cap=0.00) (k=3)
[GVNS-Pw(w1=0.80,w2=0.20)] Iter 4: Novo melhor! F=0.1899 (f1=956.00, f2=5.00, P_cap=0.00) (k=2)
[GVNS-Pw(w1=0.80,w2=0.20)] Iter 5: Novo melhor! F=0.1822 (f1=952.00, f2=5.00, P_cap=0.00) (k=2)
[GVNS-Pw(w1=0.80,w2=0.20)] Iter 5: Novo melhor! F=0.1645 (f1=955.00, f2=3.00, P_cap=0.00) (k=2)
[GVNS-Pw(w1=0.80,w2=0.20)] Iter 12: Novo melhor! F=0.1473 (f1=940.00, f2=4.00, P_cap=0.00) (k=1)
[GVNS-Pw(w1=0.80,w2=0.20)] Iter 18: Novo melhor! F=0.1286 (f1=912.00, f2=7.00, P_cap=0.00) (k=2)
[GVNS-Pw(w1=0.80,w2=0.20)] Iter 19: Novo melhor! F=0.1240 (f1=934.00, f2=3.00, P_cap=0.00) (k=3)
[GVNS-Pw(w1=0.80,w2=0.20)] Iter 43: Novo melhor! F=0.1222 (f1=927.00, f2=4.00, P_cap=0.00) (k=3)
[GVNS-Pw(w1=0.80,w2=0.20)] Fim. Melhor F=0.1222 (f1=927.00, f2=4.00, P_cap=0.00)

[GVNS-Pw(w1=0.90,w2=0.10)] Solução inicial: F=998400.3137 (f1=916.00, f2=43.00, P_cap=998400.00)
[GVNS-Pw(w1=0.90,w2=0.10)] Iter 0: Novo melhor! F=0.1639 (f1=950.00, f2=5.00, P_cap=0.00) (k=1)
[GVNS-Pw(w1=0.90,w2=0.10)] Iter 0: Novo melhor! F=0.1611 (f1=946.00, f2=6.00, P_cap=0.00) (k=2)
[GVNS-Pw(w1=0.90,w2=0.10)] Iter 0: Novo melhor! F=0.0994 (f1=923.00, f2=4.00, P_cap=0.00) (k=1)
[GVNS-Pw(w1=0.90,w2=0.10)] Iter 8: Novo melhor! F=0.0945 (f1=918.00, f2=5.00, P_cap=0.00) (k=1)
[GVNS-Pw(w1=0.90,w2=0.10)] Iter 8: Novo melhor! F=0.0886 (f1=918.00, f2=4.00, P_cap=0.00) (k=2)
[GVNS-Pw(w1=0.90,w2=0.10)] Iter 12: Novo melhor! F=0.0843 (f1=916.00, f2=4.00, P_cap=0.00) (k=1)
[GVNS-Pw(w1=0.90,w2=0.10)] Fim. Melhor F=0.0843 (f1=916.00, f2=4.00, P_cap=0.00)

[GVNS-Pw(w1=1.00,w2=0.00)] Solução inicial: F=772400.1060 (f1=932.00, f2=66.00, P_cap=772400.00)
[GVNS-Pw(w1=1.00,w2=0.00)] Iter 0: Novo melhor! F=0.1133 (f1=935.00, f2=23.00, P_cap=0.00) (k=1)
[GVNS-Pw(w1=1.00,w2=0.00)] Iter 0: Novo melhor! F=0.1084 (f1=933.00, f2=25.00, P_cap=0.00) (k=1)
[GVNS-Pw(w1=1.00,w2=0.00)] Iter 0: Novo melhor! F=0.0169 (f1=895.00, f2=28.00, P_cap=0.00) (k=1)
[GVNS-Pw(w1=1.00,w2=0.00)] Iter 15: Novo melhor! F=0.0072 (f1=891.00, f2=18.00, P_cap=0.00) (k=2)
[GVNS-Pw(w1=1.00,w2=0.00)] Fim. Melhor F=0.0072 (f1=891.00, f2=18.00, P_cap=0.00)

===== [Pw] Execução 5 / 5 =====

[GVNS-Pw(w1=0.00,w2=1.00)] Solução inicial: F=0.9412 (f1=1388.00, f2=16.00, P_cap=0.00)
[GVNS-Pw(w1=0.00,w2=1.00)] Iter 0: Novo melhor! F=0.0588 (f1=1372.00, f2=1.00, P_cap=0.00) (k=1)
[GVNS-Pw(w1=0.00,w2=1.00)] Iter 2: Novo melhor! F=0.0000 (f1=1377.00, f2=0.00, P_cap=0.00) (k=1)
[GVNS-Pw(w1=0.00,w2=1.00)] Fim. Melhor F=0.0000 (f1=1377.00, f2=0.00, P_cap=0.00)

[GVNS-Pw(w1=0.10,w2=0.90)] Solução inicial: F=0.7711 (f1=1232.00, f2=13.00, P_cap=0.00)
[GVNS-Pw(w1=0.10,w2=0.90)] Iter 0: Novo melhor! F=0.0942 (f1=1279.00, f2=0.00, P_cap=0.00) (k=1)
[GVNS-Pw(w1=0.10,w2=0.90)] Iter 0: Novo melhor! F=0.0906 (f1=1264.00, f2=0.00, P_cap=0.00) (k=1)
[GVNS-Pw(w1=0.10,w2=0.90)] Iter 0: Novo melhor! F=0.0711 (f1=1183.00, f2=0.00, P_cap=0.00) (k=3)
[GVNS-Pw(w1=0.10,w2=0.90)] Iter 0: Novo melhor! F=0.0704 (f1=1180.00, f2=0.00, P_cap=0.00) (k=1)
[GVNS-Pw(w1=0.10,w2=0.90)] Iter 4: Novo melhor! F=0.0670 (f1=1166.00, f2=0.00, P_cap=0.00) (k=1)
[GVNS-Pw(w1=0.10,w2=0.90)] Iter 7: Novo melhor! F=0.0607 (f1=1140.00, f2=0.00, P_cap=0.00) (k=3)
[GVNS-Pw(w1=0.10,w2=0.90)] Fim. Melhor F=0.0607 (f1=1140.00, f2=0.00, P_cap=0.00)

[GVNS-Pw(w1=0.20,w2=0.80)] Solução inicial: F=78001.6431 (f1=1075.00, f2=33.00, P_cap=78000.00)
[GVNS-Pw(w1=0.20,w2=0.80)] Iter 0: Novo melhor! F=0.1552 (f1=1210.00, f2=0.00, P_cap=0.00) (k=1)
[GVNS-Pw(w1=0.20,w2=0.80)] Iter 2: Novo melhor! F=0.1272 (f1=1152.00, f2=0.00, P_cap=0.00) (k=2)
[GVNS-Pw(w1=0.20,w2=0.80)] Iter 7: Novo melhor! F=0.1200 (f1=1137.00, f2=0.00, P_cap=0.00) (k=1)
[GVNS-Pw(w1=0.20,w2=0.80)] Iter 8: Novo melhor! F=0.1002 (f1=1096.00, f2=0.00, P_cap=0.00) (k=2)
[GVNS-Pw(w1=0.20,w2=0.80)] Iter 15: Novo melhor! F=0.0998 (f1=1095.00, f2=0.00, P_cap=0.00) (k=1)
[GVNS-Pw(w1=0.20,w2=0.80)] Iter 31: Novo melhor! F=0.0834 (f1=1061.00, f2=0.00, P_cap=0.00) (k=2)
[GVNS-Pw(w1=0.20,w2=0.80)] Fim. Melhor F=0.0834 (f1=1061.00, f2=0.00, P_cap=0.00)

[GVNS-Pw(w1=0.30,w2=0.70)] Solução inicial: F=1.1234 (f1=1018.00, f2=25.00, P_cap=0.00)
[GVNS-Pw(w1=0.30,w2=0.70)] Iter 0: Novo melhor! F=0.2161 (f1=1187.00, f2=0.00, P_cap=0.00) (k=1)
[GVNS-Pw(w1=0.30,w2=0.70)] Iter 0: Novo melhor! F=0.2132 (f1=1126.00, f2=1.00, P_cap=0.00) (k=2)
[GVNS-Pw(w1=0.30,w2=0.70)] Iter 0: Novo melhor! F=0.1670 (f1=1119.00, f2=0.00, P_cap=0.00) (k=1)
[GVNS-Pw(w1=0.30,w2=0.70)] Iter 12: Novo melhor! F=0.1504 (f1=1096.00, f2=0.00, P_cap=0.00) (k=3)
[GVNS-Pw(w1=0.30,w2=0.70)] Iter 32: Novo melhor! F=0.1431 (f1=1086.00, f2=0.00, P_cap=0.00) (k=2)
[GVNS-Pw(w1=0.30,w2=0.70)] Iter 52: Novo melhor! F=0.1287 (f1=1066.00, f2=0.00, P_cap=0.00) (k=3)
[GVNS-Pw(w1=0.30,w2=0.70)] Fim. Melhor F=0.1287 (f1=1066.00, f2=0.00, P_cap=0.00)

[GVNS-Pw(w1=0.40,w2=0.60)] Solução inicial: F=1.1359 (f1=968.00, f2=30.00, P_cap=0.00)
[GVNS-Pw(w1=0.40,w2=0.60)] Iter 0: Novo melhor! F=0.1957 (f1=1091.00, f2=0.00, P_cap=0.00) (k=1)
[GVNS-Pw(w1=0.40,w2=0.60)] Iter 2: Novo melhor! F=0.1398 (f1=1033.00, f2=0.00, P_cap=0.00) (k=1)
[GVNS-Pw(w1=0.40,w2=0.60)] Iter 24: Novo melhor! F=0.1340 (f1=1027.00, f2=0.00, P_cap=0.00) (k=1)
[GVNS-Pw(w1=0.40,w2=0.60)] Iter 48: Novo melhor! F=0.1195 (f1=1012.00, f2=0.00, P_cap=0.00) (k=3)
[GVNS-Pw(w1=0.40,w2=0.60)] Fim. Melhor F=0.1195 (f1=1012.00, f2=0.00, P_cap=0.00)

[GVNS-Pw(w1=0.50,w2=0.50)] Solução inicial: F=328400.9906 (f1=929.00, f2=32.00, P_cap=328400.00)
[GVNS-Pw(w1=0.50,w2=0.50)] Iter 0: Novo melhor! F=0.3759 (f1=1200.00, f2=0.00, P_cap=0.00) (k=1)
[GVNS-Pw(w1=0.50,w2=0.50)] Iter 2: Novo melhor! F=0.3595 (f1=1162.00, f2=1.00, P_cap=0.00) (k=2)
[GVNS-Pw(w1=0.50,w2=0.50)] Iter 3: Novo melhor! F=0.3239 (f1=1108.00, f2=2.00, P_cap=0.00) (k=2)
[GVNS-Pw(w1=0.50,w2=0.50)] Iter 4: Novo melhor! F=0.2764 (f1=1093.00, f2=1.00, P_cap=0.00) (k=1)
[GVNS-Pw(w1=0.50,w2=0.50)] Iter 6: Novo melhor! F=0.2403 (f1=1063.00, f2=1.00, P_cap=0.00) (k=3)
[GVNS-Pw(w1=0.50,w2=0.50)] Iter 19: Novo melhor! F=0.2053 (f1=1034.00, f2=1.00, P_cap=0.00) (k=3)
[GVNS-Pw(w1=0.50,w2=0.50)] Fim. Melhor F=0.2053 (f1=1034.00, f2=1.00, P_cap=0.00)

[GVNS-Pw(w1=0.60,w2=0.40)] Solução inicial: F=732401.2149 (f1=882.00, f2=52.00, P_cap=732400.00)
[GVNS-Pw(w1=0.60,w2=0.40)] Iter 0: Novo melhor! F=0.3593 (f1=1104.00, f2=2.00, P_cap=0.00) (k=1)
[GVNS-Pw(w1=0.60,w2=0.40)] Iter 2: Novo melhor! F=0.2689 (f1=1074.00, f2=0.00, P_cap=0.00) (k=1)
[GVNS-Pw(w1=0.60,w2=0.40)] Iter 2: Novo melhor! F=0.2564 (f1=984.00, f2=5.00, P_cap=0.00) (k=3)
[GVNS-Pw(w1=0.60,w2=0.40)] Iter 2: Novo melhor! F=0.2144 (f1=1020.00, f2=1.00, P_cap=0.00) (k=1)
[GVNS-Pw(w1=0.60,w2=0.40)] Iter 5: Novo melhor! F=0.1923 (f1=1021.00, f2=0.00, P_cap=0.00) (k=1)
[GVNS-Pw(w1=0.60,w2=0.40)] Iter 16: Novo melhor! F=0.1859 (f1=984.00, f2=2.00, P_cap=0.00) (k=1)
[GVNS-Pw(w1=0.60,w2=0.40)] Iter 27: Novo melhor! F=0.1838 (f1=950.00, f2=4.00, P_cap=0.00) (k=3)
[GVNS-Pw(w1=0.60,w2=0.40)] Iter 40: Novo melhor! F=0.1512 (f1=960.00, f2=2.00, P_cap=0.00) (k=3)
[GVNS-Pw(w1=0.60,w2=0.40)] Fim. Melhor F=0.1512 (f1=960.00, f2=2.00, P_cap=0.00)

[GVNS-Pw(w1=0.70,w2=0.30)] Solução inicial: F=718800.7723 (f1=896.00, f2=43.00, P_cap=718800.00)
[GVNS-Pw(w1=0.70,w2=0.30)] Iter 0: Novo melhor! F=0.2469 (f1=1003.00, f2=3.00, P_cap=0.00) (k=1)
[GVNS-Pw(w1=0.70,w2=0.30)] Iter 1: Novo melhor! F=0.1913 (f1=970.00, f2=3.00, P_cap=0.00) (k=1)
[GVNS-Pw(w1=0.70,w2=0.30)] Iter 8: Novo melhor! F=0.1660 (f1=955.00, f2=3.00, P_cap=0.00) (k=1)
[GVNS-Pw(w1=0.70,w2=0.30)] Iter 12: Novo melhor! F=0.1333 (f1=967.00, f2=0.00, P_cap=0.00) (k=3)
[GVNS-Pw(w1=0.70,w2=0.30)] Fim. Melhor F=0.1333 (f1=967.00, f2=0.00, P_cap=0.00)

[GVNS-Pw(w1=0.80,w2=0.20)] Solução inicial: F=446400.4860 (f1=896.00, f2=40.00, P_cap=446400.00)
[GVNS-Pw(w1=0.80,w2=0.20)] Iter 0: Novo melhor! F=0.2053 (f1=964.00, f2=5.00, P_cap=0.00) (k=1)
[GVNS-Pw(w1=0.80,w2=0.20)] Iter 0: Novo melhor! F=0.1801 (f1=957.00, f2=4.00, P_cap=0.00) (k=1)
[GVNS-Pw(w1=0.80,w2=0.20)] Iter 2: Novo melhor! F=0.1777 (f1=968.00, f2=2.00, P_cap=0.00) (k=2)
[GVNS-Pw(w1=0.80,w2=0.20)] Iter 8: Novo melhor! F=0.1737 (f1=972.00, f2=1.00, P_cap=0.00) (k=1)
[GVNS-Pw(w1=0.80,w2=0.20)] Iter 8: Novo melhor! F=0.1720 (f1=965.00, f2=2.00, P_cap=0.00) (k=1)
[GVNS-Pw(w1=0.80,w2=0.20)] Iter 10: Novo melhor! F=0.1394 (f1=942.00, f2=3.00, P_cap=0.00) (k=2)
[GVNS-Pw(w1=0.80,w2=0.20)] Iter 27: Novo melhor! F=0.1359 (f1=928.00, f2=5.00, P_cap=0.00) (k=1)
[GVNS-Pw(w1=0.80,w2=0.20)] Iter 39: Novo melhor! F=0.1317 (f1=938.00, f2=3.00, P_cap=0.00) (k=1)
[GVNS-Pw(w1=0.80,w2=0.20)] Iter 52: Novo melhor! F=0.1184 (f1=925.00, f2=4.00, P_cap=0.00) (k=2)
[GVNS-Pw(w1=0.80,w2=0.20)] Iter 55: Novo melhor! F=0.1165 (f1=924.00, f2=4.00, P_cap=0.00) (k=1)
[GVNS-Pw(w1=0.80,w2=0.20)] Fim. Melhor F=0.1165 (f1=924.00, f2=4.00, P_cap=0.00)

[GVNS-Pw(w1=0.90,w2=0.10)] Solução inicial: F=788400.3124 (f1=929.00, f2=38.00, P_cap=788400.00)
[GVNS-Pw(w1=0.90,w2=0.10)] Iter 0: Novo melhor! F=0.2137 (f1=973.00, f2=5.00, P_cap=0.00) (k=1)
[GVNS-Pw(w1=0.90,w2=0.10)] Iter 1: Novo melhor! F=0.1564 (f1=952.00, f2=3.00, P_cap=0.00) (k=2)
[GVNS-Pw(w1=0.90,w2=0.10)] Iter 1: Novo melhor! F=0.1425 (f1=932.00, f2=8.00, P_cap=0.00) (k=1)
[GVNS-Pw(w1=0.90,w2=0.10)] Iter 1: Novo melhor! F=0.1267 (f1=922.00, f2=9.00, P_cap=0.00) (k=2)
[GVNS-Pw(w1=0.90,w2=0.10)] Iter 3: Novo melhor! F=0.1254 (f1=916.00, f2=11.00, P_cap=0.00) (k=2)
[GVNS-Pw(w1=0.90,w2=0.10)] Iter 3: Novo melhor! F=0.1028 (f1=911.00, f2=9.00, P_cap=0.00) (k=2)
[GVNS-Pw(w1=0.90,w2=0.10)] Iter 3: Novo melhor! F=0.0985 (f1=909.00, f2=9.00, P_cap=0.00) (k=2)
[GVNS-Pw(w1=0.90,w2=0.10)] Iter 3: Novo melhor! F=0.0963 (f1=908.00, f2=9.00, P_cap=0.00) (k=1)
[GVNS-Pw(w1=0.90,w2=0.10)] Iter 7: Novo melhor! F=0.0818 (f1=904.00, f2=8.00, P_cap=0.00) (k=2)
[GVNS-Pw(w1=0.90,w2=0.10)] Iter 23: Novo melhor! F=0.0632 (f1=909.00, f2=3.00, P_cap=0.00) (k=2)
[GVNS-Pw(w1=0.90,w2=0.10)] Fim. Melhor F=0.0632 (f1=909.00, f2=3.00, P_cap=0.00)

[GVNS-Pw(w1=1.00,w2=0.00)] Solução inicial: F=962400.3277 (f1=1024.00, f2=64.00, P_cap=962400.00)
[GVNS-Pw(w1=1.00,w2=0.00)] Iter 0: Novo melhor! F=0.0361 (f1=903.00, f2=20.00, P_cap=0.00) (k=1)
[GVNS-Pw(w1=1.00,w2=0.00)] Iter 4: Novo melhor! F=0.0337 (f1=902.00, f2=27.00, P_cap=0.00) (k=1)
[GVNS-Pw(w1=1.00,w2=0.00)] Iter 9: Novo melhor! F=0.0313 (f1=901.00, f2=19.00, P_cap=0.00) (k=2)
[GVNS-Pw(w1=1.00,w2=0.00)] Iter 12: Novo melhor! F=0.0072 (f1=891.00, f2=18.00, P_cap=0.00) (k=2)
[GVNS-Pw(w1=1.00,w2=0.00)] Fim. Melhor F=0.0072 (f1=891.00, f2=18.00, P_cap=0.00)