vhdua@DESKTOP-NA79I30 MINGW64 ~/Desktop/aulas/onl/tc1_decisao/algoritmos_entregas_anteriores (main)
$ python execucao_plot_tc1.py 
--- INICIANDO EXECUCAO DA PARTE III DO TC1 ---
Dados carregados: 5 agentes, 50 tarefas.

--- Processando Objetivo f1 (5 execucoes) ---

Execucao 1/5 para f1...
Solucao Inicial (f_id=1): Fitness = 403304.0000 (f=904.00, p=402400.00)
Iter 0: Novo Melhor! Fitness = 921.0000 (f=921.00, p=0.00) (k=1)
Iter 0: Novo Melhor! Fitness = 919.0000 (f=919.00, p=0.00) (k=1)
Iter 0: Novo Melhor! Fitness = 918.0000 (f=918.00, p=0.00) (k=1)
Iter 0: Novo Melhor! Fitness = 900.0000 (f=900.00, p=0.00) (k=1)
Iter 0: Novo Melhor! Fitness = 891.0000 (f=891.00, p=0.00) (k=2)
Fim do GVNS f_id=1. Melhor Fitness: 891.0000 (fn objetivo=891.00, p(x)=0.00)
Execucao 1 finalizada. Tempo: 11.56s, Fitness: 891.0000

Execucao 2/5 para f1...
Solucao Inicial (f_id=1): Fitness = 947.0000 (f=947.00, p=0.00)
Iter 0: Novo Melhor! Fitness = 909.0000 (f=909.00, p=0.00) (k=1)
Iter 0: Novo Melhor! Fitness = 897.0000 (f=897.00, p=0.00) (k=1)
Iter 2: Novo Melhor! Fitness = 894.0000 (f=894.00, p=0.00) (k=1)
Iter 5: Novo Melhor! Fitness = 891.0000 (f=891.00, p=0.00) (k=1)
Iter 31: Novo Melhor! Fitness = 888.0000 (f=888.00, p=0.00) (k=1)
Fim do GVNS f_id=1. Melhor Fitness: 888.0000 (fn objetivo=888.00, p(x)=0.00)
Execucao 2 finalizada. Tempo: 19.78s, Fitness: 888.0000

Execucao 3/5 para f1...
Solucao Inicial (f_id=1): Fitness = 152937.0000 (f=937.00, p=152000.00)
Iter 0: Novo Melhor! Fitness = 932.0000 (f=932.00, p=0.00) (k=1)
Iter 0: Novo Melhor! Fitness = 901.0000 (f=901.00, p=0.00) (k=1)
Iter 5: Novo Melhor! Fitness = 899.0000 (f=899.00, p=0.00) (k=2)
Iter 5: Novo Melhor! Fitness = 895.0000 (f=895.00, p=0.00) (k=2)
Iter 6: Novo Melhor! Fitness = 893.0000 (f=893.00, p=0.00) (k=2)
Fim do GVNS f_id=1. Melhor Fitness: 893.0000 (fn objetivo=893.00, p(x)=0.00)
Execucao 3 finalizada. Tempo: 11.58s, Fitness: 893.0000

Execucao 4/5 para f1...
Solucao Inicial (f_id=1): Fitness = 213747.0000 (f=947.00, p=212800.00)
Iter 0: Novo Melhor! Fitness = 933.0000 (f=933.00, p=0.00) (k=1)
Iter 0: Novo Melhor! Fitness = 907.0000 (f=907.00, p=0.00) (k=1)
Iter 1: Novo Melhor! Fitness = 901.0000 (f=901.00, p=0.00) (k=1)
Iter 3: Novo Melhor! Fitness = 899.0000 (f=899.00, p=0.00) (k=3)
Iter 11: Novo Melhor! Fitness = 895.0000 (f=895.00, p=0.00) (k=1)
Fim do GVNS f_id=1. Melhor Fitness: 895.0000 (fn objetivo=895.00, p(x)=0.00)
Execucao 4 finalizada. Tempo: 12.87s, Fitness: 895.0000

Execucao 5/5 para f1...
Solucao Inicial (f_id=1): Fitness = 988.0000 (f=988.00, p=0.00)
Iter 0: Novo Melhor! Fitness = 912.0000 (f=912.00, p=0.00) (k=1)
Iter 1: Novo Melhor! Fitness = 907.0000 (f=907.00, p=0.00) (k=3)
Iter 1: Novo Melhor! Fitness = 899.0000 (f=899.00, p=0.00) (k=1)
Iter 3: Novo Melhor! Fitness = 894.0000 (f=894.00, p=0.00) (k=1)
Iter 17: Novo Melhor! Fitness = 893.0000 (f=893.00, p=0.00) (k=1)
Fim do GVNS f_id=1. Melhor Fitness: 893.0000 (fn objetivo=893.00, p(x)=0.00)
Execucao 5 finalizada. Tempo: 14.13s, Fitness: 893.0000

--- Processando Objetivo f2 (5 execucoes) ---

Execucao 1/5 para f2...
Solucao Inicial (f_id=2): Fitness = 74826.0000 (f=26.00, p=74800.00)
Iter 0: Novo Melhor! Fitness = 8.0000 (f=8.00, p=0.00) (k=1)
Iter 0: Novo Melhor! Fitness = 0.0000 (f=0.00, p=0.00) (k=1)
Fim do GVNS f_id=2. Melhor Fitness: 0.0000 (fn objetivo=0.00, p(x)=0.00)
Execucao 1 finalizada. Tempo: 4.50s, Fitness: 0.0000

Execucao 2/5 para f2...
Solucao Inicial (f_id=2): Fitness = 610446.0000 (f=46.00, p=610400.00)
Iter 0: Novo Melhor! Fitness = 2.0000 (f=2.00, p=0.00) (k=1)
Iter 0: Novo Melhor! Fitness = 1.0000 (f=1.00, p=0.00) (k=3)
Iter 2: Novo Melhor! Fitness = 0.0000 (f=0.00, p=0.00) (k=1)
Fim do GVNS f_id=2. Melhor Fitness: 0.0000 (fn objetivo=0.00, p(x)=0.00)
Execucao 2 finalizada. Tempo: 5.29s, Fitness: 0.0000

Execucao 3/5 para f2...
Solucao Inicial (f_id=2): Fitness = 372435.0000 (f=35.00, p=372400.00)
Iter 0: Novo Melhor! Fitness = 1.0000 (f=1.00, p=0.00) (k=1)
Iter 0: Novo Melhor! Fitness = 0.0000 (f=0.00, p=0.00) (k=2)
Fim do GVNS f_id=2. Melhor Fitness: 0.0000 (fn objetivo=0.00, p(x)=0.00)
Execucao 3 finalizada. Tempo: 5.04s, Fitness: 0.0000

Execucao 4/5 para f2...
Solucao Inicial (f_id=2): Fitness = 19.0000 (f=19.00, p=0.00)
Iter 0: Novo Melhor! Fitness = 6.0000 (f=6.00, p=0.00) (k=1)
Iter 0: Novo Melhor! Fitness = 2.0000 (f=2.00, p=0.00) (k=1)
Iter 3: Novo Melhor! Fitness = 0.0000 (f=0.00, p=0.00) (k=1)
Fim do GVNS f_id=2. Melhor Fitness: 0.0000 (fn objetivo=0.00, p(x)=0.00)
Execucao 4 finalizada. Tempo: 5.29s, Fitness: 0.0000

Execucao 5/5 para f2...
Solucao Inicial (f_id=2): Fitness = 240433.0000 (f=33.00, p=240400.00)
Iter 0: Novo Melhor! Fitness = 2.0000 (f=2.00, p=0.00) (k=1)
Iter 0: Novo Melhor! Fitness = 1.0000 (f=1.00, p=0.00) (k=1)
Iter 4: Novo Melhor! Fitness = 0.0000 (f=0.00, p=0.00) (k=1)
Fim do GVNS f_id=2. Melhor Fitness: 0.0000 (fn objetivo=0.00, p(x)=0.00)
Execucao 5 finalizada. Tempo: 5.20s, Fitness: 0.0000


--- (iii.b) RESULTADOS ESTATICOS ---

Estatisticas para f1 (Fitness = f1 + P):
  Resultados (Fitness): [np.float64(891.0), np.float64(888.0), np.float64(893.0), np.float64(895.0), np.float64(893.0)]
  Resultados (f_obj):   [np.float64(891.0), np.float64(888.0), np.float64(893.0), np.float64(895.0), np.float64(893.0)]
  Resultados (Penal.):  [np.float64(0.0), np.float64(0.0), np.float64(0.0), np.float64(0.0), np.float64(0.0)]
  Minimo (Fitness): 888.0000
  Maximo (Fitness): 895.0000
  Desvio Padrao (Fitness): 2.3664

Estatisticas para f2 (Fitness = f2 + P):
  Resultados (Fitness): [np.float64(0.0), np.float64(0.0), np.float64(0.0), np.float64(0.0), np.float64(0.0)]
  Resultados (f_obj):   [np.float64(0.0), np.float64(0.0), np.float64(0.0), np.float64(0.0), np.float64(0.0)]
  Resultados (Penal.):  [np.float64(0.0), np.float64(0.0), np.float64(0.0), np.float64(0.0), np.float64(0.0)]
  Minimo (Fitness): 0.0000
  Maximo (Fitness): 0.0000
  Desvio Padrao (Fitness): 0.0000


--- (iii.c) GERANDO GRAFICOS DE CONVERGENCIA ---
Plotando curvas de convergencia (ZOOM 10 iter) para f1...
Grafico de convergencia (zoom) salvo em: figuras\convergencia_f1_zoom.png
Plotando curvas de convergencia (ZOOM 10 iter) para f2...
Grafico de convergencia (zoom) salvo em: figuras\convergencia_f2_zoom.png


--- (iii.d) GERANDO GRAFICOS DA MELHOR SOLUCAO ---
Plotando caracteristicas da melhor solucao para f1...
Grafico de carga salvo em: figuras\solucao_f1_carga.png
Grafico de custo salvo em: figuras\solucao_f1_custo.png
Plotando caracteristicas da melhor solucao para f2...
Grafico de carga salvo em: figuras\solucao_f2_carga.png
Grafico de custo salvo em: figuras\solucao_f2_custo.png


--- EXECUCAO DA PARTE III CONCLUIDA ---
Todos os dados estatisticos foram impressos e os 6 graficos foram salvos.
(.venv) 