vhdua@DESKTOP-NA79I30 MINGW64 ~/Desktop/aulas/onl/tc1_decisao/algoritmos_entregas_anteriores (main)
$ python execucao_plot_tc1.py 
--- INICIANDO EXECUCAO DA PARTE III DO TC1 ---
Dados carregados: 5 agentes, 50 tarefas.

--- Processando Objetivo f1 (5 execucoes) ---

Execucao 1/5 para f1...
Solucao Inicial (f_id=1): Fitness = 439709.0000 (f=909.00, p=438800.00)
Iter 0: Novo Melhor! Fitness = 917.0000 (f=917.00, p=0.00) (k=1)
Iter 0: Novo Melhor! Fitness = 899.0000 (f=899.00, p=0.00) (k=2)
Iter 1: Novo Melhor! Fitness = 891.0000 (f=891.00, p=0.00) (k=3)
Fim do GVNS f_id=1. Melhor Fitness: 891.0000 (fn objetivo=891.00, p(x)=0.00)
Execucao 1 finalizada. Tempo: 12.10s, Fitness: 891.0000

Execucao 2/5 para f1...
Solucao Inicial (f_id=1): Fitness = 499302.0000 (f=902.00, p=498400.00)
Iter 0: Novo Melhor! Fitness = 903.0000 (f=903.00, p=0.00) (k=1)
Iter 2: Novo Melhor! Fitness = 898.0000 (f=898.00, p=0.00) (k=3)
Iter 11: Novo Melhor! Fitness = 891.0000 (f=891.00, p=0.00) (k=2)
Iter 31: Novo Melhor! Fitness = 888.0000 (f=888.00, p=0.00) (k=2)
Fim do GVNS f_id=1. Melhor Fitness: 888.0000 (fn objetivo=888.00, p(x)=0.00)
Execucao 2 finalizada. Tempo: 21.73s, Fitness: 888.0000

Execucao 3/5 para f1...
Solucao Inicial (f_id=1): Fitness = 66930.0000 (f=930.00, p=66000.00)
Iter 0: Novo Melhor! Fitness = 918.0000 (f=918.00, p=0.00) (k=1)
Iter 0: Novo Melhor! Fitness = 906.0000 (f=906.00, p=0.00) (k=3)
Iter 3: Novo Melhor! Fitness = 901.0000 (f=901.00, p=0.00) (k=3)
Iter 5: Novo Melhor! Fitness = 896.0000 (f=896.00, p=0.00) (k=3)
Iter 6: Novo Melhor! Fitness = 895.0000 (f=895.00, p=0.00) (k=3)
Iter 8: Novo Melhor! Fitness = 892.0000 (f=892.00, p=0.00) (k=3)
Fim do GVNS f_id=1. Melhor Fitness: 892.0000 (fn objetivo=892.00, p(x)=0.00)
Execucao 3 finalizada. Tempo: 13.33s, Fitness: 892.0000

Execucao 4/5 para f1...
Solucao Inicial (f_id=1): Fitness = 105393.0000 (f=993.00, p=104400.00)
Iter 0: Novo Melhor! Fitness = 913.0000 (f=913.00, p=0.00) (k=1)
Iter 0: Novo Melhor! Fitness = 908.0000 (f=908.00, p=0.00) (k=1)
Iter 2: Novo Melhor! Fitness = 906.0000 (f=906.00, p=0.00) (k=2)
Iter 7: Novo Melhor! Fitness = 904.0000 (f=904.00, p=0.00) (k=3)
Iter 7: Novo Melhor! Fitness = 900.0000 (f=900.00, p=0.00) (k=1)
Iter 7: Novo Melhor! Fitness = 891.0000 (f=891.00, p=0.00) (k=3)
Fim do GVNS f_id=1. Melhor Fitness: 891.0000 (fn objetivo=891.00, p(x)=0.00)
Execucao 4 finalizada. Tempo: 15.02s, Fitness: 891.0000

Execucao 5/5 para f1...
Solucao Inicial (f_id=1): Fitness = 121742.0000 (f=942.00, p=120800.00)
Iter 0: Novo Melhor! Fitness = 893.0000 (f=893.00, p=0.00) (k=1)
Iter 20: Novo Melhor! Fitness = 891.0000 (f=891.00, p=0.00) (k=3)
Fim do GVNS f_id=1. Melhor Fitness: 891.0000 (fn objetivo=891.00, p(x)=0.00)
Execucao 5 finalizada. Tempo: 18.12s, Fitness: 891.0000

--- Processando Objetivo f2 (5 execucoes) ---

Execucao 1/5 para f2...
Solucao Inicial (f_id=2): Fitness = 36016.0000 (f=16.00, p=36000.00)
Iter 0: Novo Melhor! Fitness = 1.0000 (f=1.00, p=0.00) (k=1)
Iter 2: Novo Melhor! Fitness = 0.0000 (f=0.00, p=0.00) (k=2)
Fim do GVNS f_id=2. Melhor Fitness: 0.0000 (fn objetivo=0.00, p(x)=0.00)
Execucao 1 finalizada. Tempo: 4.72s, Fitness: 0.0000

Execucao 2/5 para f2...
Solucao Inicial (f_id=2): Fitness = 135635.0000 (f=35.00, p=135600.00)
Iter 0: Novo Melhor! Fitness = 1.0000 (f=1.00, p=0.00) (k=1)
Iter 3: Novo Melhor! Fitness = 0.0000 (f=0.00, p=0.00) (k=1)
Fim do GVNS f_id=2. Melhor Fitness: 0.0000 (fn objetivo=0.00, p(x)=0.00)
Execucao 2 finalizada. Tempo: 4.88s, Fitness: 0.0000

Execucao 3/5 para f2...
Solucao Inicial (f_id=2): Fitness = 75629.0000 (f=29.00, p=75600.00)
Iter 0: Novo Melhor! Fitness = 2.0000 (f=2.00, p=0.00) (k=1)
Iter 0: Novo Melhor! Fitness = 1.0000 (f=1.00, p=0.00) (k=2)
Iter 0: Novo Melhor! Fitness = 0.0000 (f=0.00, p=0.00) (k=2)
Fim do GVNS f_id=2. Melhor Fitness: 0.0000 (fn objetivo=0.00, p(x)=0.00)
Execucao 3 finalizada. Tempo: 4.66s, Fitness: 0.0000

Execucao 4/5 para f2...
Solucao Inicial (f_id=2): Fitness = 64818.0000 (f=18.00, p=64800.00)
Iter 0: Novo Melhor! Fitness = 0.0000 (f=0.00, p=0.00) (k=1)
Fim do GVNS f_id=2. Melhor Fitness: 0.0000 (fn objetivo=0.00, p(x)=0.00)
Execucao 4 finalizada. Tempo: 4.56s, Fitness: 0.0000

Execucao 5/5 para f2...
Solucao Inicial (f_id=2): Fitness = 392434.0000 (f=34.00, p=392400.00)
Iter 0: Novo Melhor! Fitness = 1.0000 (f=1.00, p=0.00) (k=1)
Iter 3: Novo Melhor! Fitness = 0.0000 (f=0.00, p=0.00) (k=1)
Fim do GVNS f_id=2. Melhor Fitness: 0.0000 (fn objetivo=0.00, p(x)=0.00)
Execucao 5 finalizada. Tempo: 5.32s, Fitness: 0.0000


--- (iii.b) RESULTADOS ESTATICOS ---

Estatisticas para f1 (Fitness = f1 + P):
  Resultados (Fitness): [np.float64(891.0), np.float64(888.0), np.float64(892.0), np.float64(891.0), np.float64(891.0)]
  Resultados (f_obj):   [np.float64(891.0), np.float64(888.0), np.float64(892.0), np.float64(891.0), np.float64(891.0)]
  Resultados (Penal.):  [np.float64(0.0), np.float64(0.0), np.float64(0.0), np.float64(0.0), np.float64(0.0)]
  Minimo (Fitness): 888.0000
  Maximo (Fitness): 892.0000
  Desvio Padrao (Fitness): 1.3565

Estatisticas para f2 (Fitness = f2 + P):
  Resultados (Fitness): [np.float64(0.0), np.float64(0.0), np.float64(0.0), np.float64(0.0), np.float64(0.0)]
  Resultados (f_obj):   [np.float64(0.0), np.float64(0.0), np.float64(0.0), np.float64(0.0), np.float64(0.0)]
  Resultados (Penal.):  [np.float64(0.0), np.float64(0.0), np.float64(0.0), np.float64(0.0), np.float64(0.0)]
  Minimo (Fitness): 0.0000
  Maximo (Fitness): 0.0000
  Desvio Padrao (Fitness): 0.0000


--- (iii.c) GERANDO GRAFICOS DE CONVERGENCIA ---
Plotando curvas de convergencia (ZOOM 10 iter) para f1...
Grafico de convergencia (zoom) salvo em: figuras\convergencia_f1_zoom.png
Plotando curvas de convergencia (ZOOM 10 iter) para f2...
Grafico de convergencia (zoom) salvo em: figuras\convergencia_f2_zoom.png


--- (iii.d) GERANDO GRAFICOS DA MELHOR SOLUCAO ---
Plotando caracteristicas da melhor solucao para f1...
Grafico de carga salvo em: figuras\solucao_f1_carga.png
Grafico de custo salvo em: figuras\solucao_f1_custo.png
Plotando caracteristicas da melhor solucao para f2...
Grafico de carga salvo em: figuras\solucao_f2_carga.png
Grafico de custo salvo em: figuras\solucao_f2_custo.png


--- EXECUCAO DA PARTE III CONCLUIDA ---
Todos os dados estatisticos foram impressos e os 6 graficos foram salvos.