vhdua@DESKTOP-NA79I30 MINGW64 ~/Desktop/aulas/onl/tc1_decisao (main)
$ python matriz_pesos_ahp.py 

=== Matriz AHP Validada ===
[[1.         1.         3.         3.        ]
 [1.         1.         2.         2.        ]
 [0.33333333 0.5        1.         2.        ]
 [0.33333333 0.5        0.5        1.        ]]

Consistência (CR): 0.0301 (Aceitável < 0.10)

=== Pesos Finais ===
            Criterio      Peso  Peso_Percent
0         f1 (Custo)  0.389051     38.905128
1    f2 (Equilibrio)  0.317036     31.703643
2      f3 (Robustez)  0.172403     17.240296
3  f4 (Estabilidade)  0.121509     12.150933
(.venv)
vhdua@DESKTOP-NA79I30 MINGW64 ~/Desktop/aulas/onl/tc1_decisao (main)
$ python matriz_pesos_ahp.py 
### AHP via pyDecision ###


Pesos Calculados:
f1 - Custo Total: 0.3891 (38.91%)
f2 - Equilíbrio: 0.317 (31.7%)
f3 - Robustez: 0.1724 (17.24%)
f4 - Estabilidade: 0.1215 (12.15%)

Razão de Consistência (RC): 0.0301
A solução é CONSISTENTE (RC < 0.10).

Dicionário de Pesos para o script de decisão:
PESOS = {
    'f1': 0.3891,
    'f2': 0.3170,
    'f3': 0.1724,
    'f4': 0.1215
}
(.venv)