$ python execucao_plot_tc1.py 
--- INICIANDO EXECUCAO DA PARTE III DO TC1 ---
Dados carregados: 5 agentes, 50 tarefas.

--- Processando Objetivo f1 (5 execucoes) ---

Execucao 1/5 para f1...
Solucao Inicial (f_id=1): Fitness = 946.0000 (f=946.00, p=0.00)
Iter 0: Novo Melhor! Fitness = 898.0000 (f=898.00, p=0.00) (k=1)
Iter 0: Novo Melhor! Fitness = 895.0000 (f=895.00, p=0.00) (k=1)
Iter 21: Novo Melhor! Fitness = 894.0000 (f=894.00, p=0.00) (k=1)
Iter 23: Novo Melhor! Fitness = 891.0000 (f=891.00, p=0.00) (k=1)
Fim do GVNS f_id=1. Melhor Fitness: 891.0000 (fn objetivo=891.00, p(x)=0.00)
Execucao 1 finalizada. Tempo: 66.86s, Fitness: 891.0000

Execucao 2/5 para f1...
Solucao Inicial (f_id=1): Fitness = 313331.0000 (f=931.00, p=312400.00)
Iter 0: Novo Melhor! Fitness = 922.0000 (f=922.00, p=0.00) (k=1)
Iter 0: Novo Melhor! Fitness = 920.0000 (f=920.00, p=0.00) (k=1)
Iter 0: Novo Melhor! Fitness = 919.0000 (f=919.00, p=0.00) (k=1)
Iter 0: Novo Melhor! Fitness = 906.0000 (f=906.00, p=0.00) (k=1)
Iter 0: Novo Melhor! Fitness = 904.0000 (f=904.00, p=0.00) (k=1)
Iter 0: Novo Melhor! Fitness = 891.0000 (f=891.00, p=0.00) (k=1)
Iter 52: Novo Melhor! Fitness = 889.0000 (f=889.00, p=0.00) (k=1)
Iter 106: Novo Melhor! Fitness = 888.0000 (f=888.00, p=0.00) (k=1)
Fim do GVNS f_id=1. Melhor Fitness: 888.0000 (fn objetivo=888.00, p(x)=0.00)
Execucao 2 finalizada. Tempo: 112.26s, Fitness: 888.0000

Execucao 3/5 para f1...
Solucao Inicial (f_id=1): Fitness = 344942.0000 (f=942.00, p=344000.00)
Iter 0: Novo Melhor! Fitness = 895.0000 (f=895.00, p=0.00) (k=1)
Iter 12: Novo Melhor! Fitness = 893.0000 (f=893.00, p=0.00) (k=1)
Iter 31: Novo Melhor! Fitness = 891.0000 (f=891.00, p=0.00) (k=1)
Fim do GVNS f_id=1. Melhor Fitness: 891.0000 (fn objetivo=891.00, p(x)=0.00)
Execucao 3 finalizada. Tempo: 78.10s, Fitness: 891.0000

Execucao 4/5 para f1...
Solucao Inicial (f_id=1): Fitness = 193769.0000 (f=969.00, p=192800.00)
Iter 0: Novo Melhor! Fitness = 910.0000 (f=910.00, p=0.00) (k=1)
Iter 0: Novo Melhor! Fitness = 903.0000 (f=903.00, p=0.00) (k=1)
Iter 1: Novo Melhor! Fitness = 901.0000 (f=901.00, p=0.00) (k=1)
Iter 1: Novo Melhor! Fitness = 894.0000 (f=894.00, p=0.00) (k=1)
Iter 37: Novo Melhor! Fitness = 893.0000 (f=893.00, p=0.00) (k=1)
Iter 67: Novo Melhor! Fitness = 892.0000 (f=892.00, p=0.00) (k=1)
Iter 74: Novo Melhor! Fitness = 888.0000 (f=888.00, p=0.00) (k=1)
Fim do GVNS f_id=1. Melhor Fitness: 888.0000 (fn objetivo=888.00, p(x)=0.00)
Execucao 4 finalizada. Tempo: 92.92s, Fitness: 888.0000

Execucao 5/5 para f1...
Solucao Inicial (f_id=1): Fitness = 16931.0000 (f=931.00, p=16000.00)
Iter 0: Novo Melhor! Fitness = 900.0000 (f=900.00, p=0.00) (k=1)
Iter 2: Novo Melhor! Fitness = 893.0000 (f=893.00, p=0.00) (k=1)
Iter 65: Novo Melhor! Fitness = 889.0000 (f=889.00, p=0.00) (k=1)
Iter 123: Novo Melhor! Fitness = 888.0000 (f=888.00, p=0.00) (k=1)
Fim do GVNS f_id=1. Melhor Fitness: 888.0000 (fn objetivo=888.00, p(x)=0.00)
Execucao 5 finalizada. Tempo: 119.82s, Fitness: 888.0000

--- Processando Objetivo f2 (5 execucoes) ---

Execucao 1/5 para f2...
Solucao Inicial (f_id=2): Fitness = 71631.0000 (f=31.00, p=71600.00)
Iter 0: Novo Melhor! Fitness = 3.0000 (f=3.00, p=0.00) (k=1)
Iter 0: Novo Melhor! Fitness = 2.0000 (f=2.00, p=0.00) (k=1)
Iter 0: Novo Melhor! Fitness = 1.0000 (f=1.00, p=0.00) (k=1)
Iter 1: Novo Melhor! Fitness = 0.0000 (f=0.00, p=0.00) (k=1)
Fim do GVNS f_id=2. Melhor Fitness: 0.0000 (fn objetivo=0.00, p(x)=0.00)
Execucao 1 finalizada. Tempo: 26.03s, Fitness: 0.0000

Execucao 2/5 para f2...
Solucao Inicial (f_id=2): Fitness = 26.0000 (f=26.00, p=0.00)
Iter 0: Novo Melhor! Fitness = 0.0000 (f=0.00, p=0.00) (k=1)
Fim do GVNS f_id=2. Melhor Fitness: 0.0000 (fn objetivo=0.00, p(x)=0.00)
Execucao 2 finalizada. Tempo: 27.02s, Fitness: 0.0000

Execucao 3/5 para f2...
Solucao Inicial (f_id=2): Fitness = 21.0000 (f=21.00, p=0.00)
Iter 0: Novo Melhor! Fitness = 2.0000 (f=2.00, p=0.00) (k=1)
Iter 0: Novo Melhor! Fitness = 0.0000 (f=0.00, p=0.00) (k=1)
Fim do GVNS f_id=2. Melhor Fitness: 0.0000 (fn objetivo=0.00, p(x)=0.00)
Execucao 3 finalizada. Tempo: 24.97s, Fitness: 0.0000

Execucao 4/5 para f2...
Solucao Inicial (f_id=2): Fitness = 26028.0000 (f=28.00, p=26000.00)
Iter 0: Novo Melhor! Fitness = 0.0000 (f=0.00, p=0.00) (k=1)
Fim do GVNS f_id=2. Melhor Fitness: 0.0000 (fn objetivo=0.00, p(x)=0.00)
Execucao 4 finalizada. Tempo: 25.47s, Fitness: 0.0000

Execucao 5/5 para f2...
Solucao Inicial (f_id=2): Fitness = 25.0000 (f=25.00, p=0.00)
Iter 0: Novo Melhor! Fitness = 2.0000 (f=2.00, p=0.00) (k=1)
Iter 0: Novo Melhor! Fitness = 1.0000 (f=1.00, p=0.00) (k=1)
Iter 1: Novo Melhor! Fitness = 0.0000 (f=0.00, p=0.00) (k=1)
Fim do GVNS f_id=2. Melhor Fitness: 0.0000 (fn objetivo=0.00, p(x)=0.00)
Execucao 5 finalizada. Tempo: 26.83s, Fitness: 0.0000


--- (iii.b) RESULTADOS ESTATICOS ---

Estatisticas para f1 (Fitness = f1 + P):
  Resultados (Fitness): [np.float64(891.0), np.float64(888.0), np.float64(891.0), np.float64(888.0), np.float64(888.0)]
  Resultados (f_obj):   [np.float64(891.0), np.float64(888.0), np.float64(891.0), np.float64(888.0), np.float64(888.0)]
  Resultados (Penal.):  [np.float64(0.0), np.float64(0.0), np.float64(0.0), np.float64(0.0), np.float64(0.0)]
  Minimo (Fitness): 888.0000
  Maximo (Fitness): 891.0000
  Desvio Padrao (Fitness): 1.4697

Estatisticas para f2 (Fitness = f2 + P):
  Resultados (Fitness): [np.float64(0.0), np.float64(0.0), np.float64(0.0), np.float64(0.0), np.float64(0.0)]
  Resultados (f_obj):   [np.float64(0.0), np.float64(0.0), np.float64(0.0), np.float64(0.0), np.float64(0.0)]
  Resultados (Penal.):  [np.float64(0.0), np.float64(0.0), np.float64(0.0), np.float64(0.0), np.float64(0.0)]
  Minimo (Fitness): 0.0000
  Maximo (Fitness): 0.0000
  Desvio Padrao (Fitness): 0.0000


--- (iii.c) GERANDO GRAFICOS DE CONVERGENCIA ---
Plotando curvas de convergencia (ZOOM 10 iter) para f1...
Grafico de convergencia (zoom) salvo em: figuras\convergencia_f1_zoom.png
Plotando curvas de convergencia (ZOOM 10 iter) para f2...
Grafico de convergencia (zoom) salvo em: figuras\convergencia_f2_zoom.png


--- (iii.d) GERANDO GRAFICOS DA MELHOR SOLUCAO ---
Plotando caracteristicas da melhor solucao para f1...
Grafico de carga salvo em: figuras\solucao_f1_carga.png
Grafico de custo salvo em: figuras\solucao_f1_custo.png
Plotando caracteristicas da melhor solucao para f2...
Grafico de carga salvo em: figuras\solucao_f2_carga.png
Grafico de custo salvo em: figuras\solucao_f2_custo.png


--- EXECUCAO DA PARTE III CONCLUIDA ---
Todos os dados estatisticos foram impressos e os 6 graficos foram salvos.