[GVNS-Pw(w1=0.60,w2=0.40)] Solução inicial: F=168000.7991 (f1=925.00, f2=34.00, P_cap=168000.00)
[GVNS-Pw(w1=0.60,w2=0.40)] Iter 0: Novo melhor! F=0.2795 (f1=1005.00, f2=6.00, P_cap=0.00) (k=1)
[GVNS-Pw(w1=0.60,w2=0.40)] Iter 0: Novo melhor! F=0.2385 (f1=1025.00, f2=3.00, P_cap=0.00) (k=1)
[GVNS-Pw(w1=0.60,w2=0.40)] Iter 0: Novo melhor! F=0.1902 (f1=1022.00, f2=1.00, P_cap=0.00) (k=3)
[GVNS-Pw(w1=0.60,w2=0.40)] Iter 0: Novo melhor! F=0.1863 (f1=1019.00, f2=1.00, P_cap=0.00) (k=2)
[GVNS-Pw(w1=0.60,w2=0.40)] Iter 3: Novo melhor! F=0.1842 (f1=1000.00, f2=2.00, P_cap=0.00) (k=4)
[GVNS-Pw(w1=0.60,w2=0.40)] Iter 4: Novo melhor! F=0.1765 (f1=994.00, f2=2.00, P_cap=0.00) (k=1)
[GVNS-Pw(w1=0.60,w2=0.40)] Iter 5: Novo melhor! F=0.1632 (f1=1001.00, f2=1.00, P_cap=0.00) (k=4)
[GVNS-Pw(w1=0.60,w2=0.40)] Iter 12: Novo melhor! F=0.1526 (f1=958.00, f2=3.00, P_cap=0.00) (k=5)
[GVNS-Pw(w1=0.60,w2=0.40)] Iter 21: Novo melhor! F=0.1244 (f1=936.00, f2=3.00, P_cap=0.00) (k=5)
[GVNS-Pw(w1=0.60,w2=0.40)] Iter 21: Novo melhor! F=0.1107 (f1=960.00, f2=1.00, P_cap=0.00) (k=1)
[GVNS-Pw(w1=0.60,w2=0.40)] Fim. Melhor F=0.1107 (f1=960.00, f2=1.00, P_cap=0.00)

[GVNS-Pw(w1=0.70,w2=0.30)] Solução inicial: F=139600.6827 (f1=924.00, f2=38.00, P_cap=139600.00)
[GVNS-Pw(w1=0.70,w2=0.30)] Iter 0: Novo melhor! F=0.2844 (f1=1070.00, f2=1.00, P_cap=0.00) (k=1)
[GVNS-Pw(w1=0.70,w2=0.30)] Iter 0: Novo melhor! F=0.2158 (f1=1013.00, f2=2.00, P_cap=0.00) (k=2)
[GVNS-Pw(w1=0.70,w2=0.30)] Iter 0: Novo melhor! F=0.1893 (f1=973.00, f2=4.00, P_cap=0.00) (k=1)
[GVNS-Pw(w1=0.70,w2=0.30)] Iter 0: Novo melhor! F=0.1744 (f1=963.00, f2=4.00, P_cap=0.00) (k=2)
[GVNS-Pw(w1=0.70,w2=0.30)] Iter 2: Novo melhor! F=0.1739 (f1=985.00, f2=2.00, P_cap=0.00) (k=3)
[GVNS-Pw(w1=0.70,w2=0.30)] Iter 4: Novo melhor! F=0.1474 (f1=945.00, f2=4.00, P_cap=0.00) (k=1)
[GVNS-Pw(w1=0.70,w2=0.30)] Iter 12: Novo melhor! F=0.1472 (f1=956.00, f2=3.00, P_cap=0.00) (k=3)
[GVNS-Pw(w1=0.70,w2=0.30)] Iter 21: Novo melhor! F=0.1423 (f1=975.00, f2=1.00, P_cap=0.00) (k=1)
[GVNS-Pw(w1=0.70,w2=0.30)] Iter 37: Novo melhor! F=0.0915 (f1=941.00, f2=1.00, P_cap=0.00) (k=4)
[GVNS-Pw(w1=0.70,w2=0.30)] Fim. Melhor F=0.0915 (f1=941.00, f2=1.00, P_cap=0.00)

[GVNS-Pw(w1=0.80,w2=0.20)] Solução inicial: F=482400.2043 (f1=913.00, f2=15.00, P_cap=482400.00)
[GVNS-Pw(w1=0.80,w2=0.20)] Iter 0: Novo melhor! F=0.2231 (f1=989.00, f2=5.00, P_cap=0.00) (k=1)
[GVNS-Pw(w1=0.80,w2=0.20)] Iter 0: Novo melhor! F=0.1726 (f1=953.00, f2=6.00, P_cap=0.00) (k=1)
[GVNS-Pw(w1=0.80,w2=0.20)] Iter 0: Novo melhor! F=0.1453 (f1=950.00, f2=4.00, P_cap=0.00) (k=4)
[GVNS-Pw(w1=0.80,w2=0.20)] Iter 0: Novo melhor! F=0.1214 (f1=936.00, f2=4.00, P_cap=0.00) (k=1)
[GVNS-Pw(w1=0.80,w2=0.20)] Iter 0: Novo melhor! F=0.1051 (f1=933.00, f2=3.00, P_cap=0.00) (k=1)
[GVNS-Pw(w1=0.80,w2=0.20)] Iter 3: Novo melhor! F=0.0957 (f1=934.00, f2=2.00, P_cap=0.00) (k=2)
[GVNS-Pw(w1=0.80,w2=0.20)] Iter 3: Novo melhor! F=0.0872 (f1=916.00, f2=4.00, P_cap=0.00) (k=1)
[GVNS-Pw(w1=0.80,w2=0.20)] Iter 4: Novo melhor! F=0.0761 (f1=916.00, f2=3.00, P_cap=0.00) (k=5)
[GVNS-Pw(w1=0.80,w2=0.20)] Fim. Melhor F=0.0761 (f1=916.00, f2=3.00, P_cap=0.00)

[GVNS-Pw(w1=0.90,w2=0.10)] Solução inicial: F=1028400.4316 (f1=945.00, f2=59.00, P_cap=1028400.00)
[GVNS-Pw(w1=0.90,w2=0.10)] Iter 0: Novo melhor! F=0.1912 (f1=976.00, f2=5.00, P_cap=0.00) (k=1)
[GVNS-Pw(w1=0.90,w2=0.10)] Iter 0: Novo melhor! F=0.1487 (f1=951.00, f2=6.00, P_cap=0.00) (k=1)
[GVNS-Pw(w1=0.90,w2=0.10)] Iter 0: Novo melhor! F=0.1291 (f1=935.00, f2=8.00, P_cap=0.00) (k=2)
[GVNS-Pw(w1=0.90,w2=0.10)] Iter 0: Novo melhor! F=0.1009 (f1=929.00, f2=5.00, P_cap=0.00) (k=4)
[GVNS-Pw(w1=0.90,w2=0.10)] Iter 4: Novo melhor! F=0.1006 (f1=926.00, f2=6.00, P_cap=0.00) (k=2)
[GVNS-Pw(w1=0.90,w2=0.10)] Iter 5: Novo melhor! F=0.0893 (f1=923.00, f2=5.00, P_cap=0.00) (k=3)
[GVNS-Pw(w1=0.90,w2=0.10)] Iter 7: Novo melhor! F=0.0645 (f1=913.00, f2=4.00, P_cap=0.00) (k=1)
[GVNS-Pw(w1=0.90,w2=0.10)] Iter 9: Novo melhor! F=0.0620 (f1=903.00, f2=7.00, P_cap=0.00) (k=1)
[GVNS-Pw(w1=0.90,w2=0.10)] Fim. Melhor F=0.0620 (f1=903.00, f2=7.00, P_cap=0.00)

[GVNS-Pw(w1=1.00,w2=0.00)] Solução inicial: F=713600.0897 (f1=933.00, f2=36.00, P_cap=713600.00)
[GVNS-Pw(w1=1.00,w2=0.00)] Iter 0: Novo melhor! F=0.0534 (f1=916.00, f2=18.00, P_cap=0.00) (k=1)
[GVNS-Pw(w1=1.00,w2=0.00)] Iter 0: Novo melhor! F=0.0491 (f1=914.00, f2=23.00, P_cap=0.00) (k=1)
[GVNS-Pw(w1=1.00,w2=0.00)] Iter 0: Novo melhor! F=0.0278 (f1=904.00, f2=43.00, P_cap=0.00) (k=1)
[GVNS-Pw(w1=1.00,w2=0.00)] Iter 0: Novo melhor! F=0.0214 (f1=901.00, f2=34.00, P_cap=0.00) (k=2)
[GVNS-Pw(w1=1.00,w2=0.00)] Iter 0: Novo melhor! F=0.0085 (f1=895.00, f2=24.00, P_cap=0.00) (k=5)
[GVNS-Pw(w1=1.00,w2=0.00)] Iter 5: Novo melhor! F=0.0043 (f1=893.00, f2=29.00, P_cap=0.00) (k=1)
[GVNS-Pw(w1=1.00,w2=0.00)] Iter 27: Novo melhor! F=0.0000 (f1=891.00, f2=23.00, P_cap=0.00) (k=5)
[GVNS-Pw(w1=1.00,w2=0.00)] Fim. Melhor F=0.0000 (f1=891.00, f2=23.00, P_cap=0.00)

===== [Pw] Execução 3 / 5 =====

[GVNS-Pw(w1=0.00,w2=1.00)] Solução inicial: F=1.2778 (f1=1329.00, f2=23.00, P_cap=0.00)
[GVNS-Pw(w1=0.00,w2=1.00)] Iter 0: Novo melhor! F=0.0556 (f1=1394.00, f2=1.00, P_cap=0.00) (k=1)
[GVNS-Pw(w1=0.00,w2=1.00)] Iter 1: Novo melhor! F=0.0000 (f1=1352.00, f2=0.00, P_cap=0.00) (k=3)
[GVNS-Pw(w1=0.00,w2=1.00)] Fim. Melhor F=0.0000 (f1=1352.00, f2=0.00, P_cap=0.00)

[GVNS-Pw(w1=0.10,w2=0.90)] Solução inicial: F=1.0199 (f1=1218.00, f2=19.00, P_cap=0.00)
[GVNS-Pw(w1=0.10,w2=0.90)] Iter 0: Novo melhor! F=0.1179 (f1=1209.00, f2=1.00, P_cap=0.00) (k=1)
[GVNS-Pw(w1=0.10,w2=0.90)] Iter 0: Novo melhor! F=0.1167 (f1=1203.00, f2=1.00, P_cap=0.00) (k=3)
[GVNS-Pw(w1=0.10,w2=0.90)] Iter 0: Novo melhor! F=0.0720 (f1=1228.00, f2=0.00, P_cap=0.00) (k=3)
[GVNS-Pw(w1=0.10,w2=0.90)] Iter 0: Novo melhor! F=0.0573 (f1=1159.00, f2=0.00, P_cap=0.00) (k=4)
[GVNS-Pw(w1=0.10,w2=0.90)] Iter 2: Novo melhor! F=0.0545 (f1=1146.00, f2=0.00, P_cap=0.00) (k=1)
[GVNS-Pw(w1=0.10,w2=0.90)] Iter 15: Novo melhor! F=0.0494 (f1=1122.00, f2=0.00, P_cap=0.00) (k=4)
[GVNS-Pw(w1=0.10,w2=0.90)] Iter 23: Novo melhor! F=0.0491 (f1=1121.00, f2=0.00, P_cap=0.00) (k=1)
[GVNS-Pw(w1=0.10,w2=0.90)] Iter 75: Novo melhor! F=0.0489 (f1=1120.00, f2=0.00, P_cap=0.00) (k=1)
[GVNS-Pw(w1=0.10,w2=0.90)] Iter 113: Novo melhor! F=0.0466 (f1=1109.00, f2=0.00, P_cap=0.00) (k=5)
[GVNS-Pw(w1=0.10,w2=0.90)] Iter 115: Novo melhor! F=0.0432 (f1=1093.00, f2=0.00, P_cap=0.00) (k=5)
[GVNS-Pw(w1=0.10,w2=0.90)] Iter 149: Novo melhor! F=0.0374 (f1=1066.00, f2=0.00, P_cap=0.00) (k=5)
[GVNS-Pw(w1=0.10,w2=0.90)] Iter 198: Novo melhor! F=0.0368 (f1=1063.00, f2=0.00, P_cap=0.00) (k=5)
[GVNS-Pw(w1=0.10,w2=0.90)] Iter 202: Novo melhor! F=0.0340 (f1=1050.00, f2=0.00, P_cap=0.00) (k=5)
[GVNS-Pw(w1=0.10,w2=0.90)] Iter 217: Novo melhor! F=0.0333 (f1=1047.00, f2=0.00, P_cap=0.00) (k=1)
[GVNS-Pw(w1=0.10,w2=0.90)] Fim. Melhor F=0.0333 (f1=1047.00, f2=0.00, P_cap=0.00)

[GVNS-Pw(w1=0.20,w2=0.80)] Solução inicial: F=1.1923 (f1=1081.00, f2=25.00, P_cap=0.00)
[GVNS-Pw(w1=0.20,w2=0.80)] Iter 0: Novo melhor! F=0.1615 (f1=1165.00, f2=1.00, P_cap=0.00) (k=1)
[GVNS-Pw(w1=0.20,w2=0.80)] Iter 0: Novo melhor! F=0.0940 (f1=1111.00, f2=0.00, P_cap=0.00) (k=4)
[GVNS-Pw(w1=0.20,w2=0.80)] Iter 18: Novo melhor! F=0.0880 (f1=1097.00, f2=0.00, P_cap=0.00) (k=4)
[GVNS-Pw(w1=0.20,w2=0.80)] Iter 19: Novo melhor! F=0.0825 (f1=1084.00, f2=0.00, P_cap=0.00) (k=4)
[GVNS-Pw(w1=0.20,w2=0.80)] Iter 26: Novo melhor! F=0.0765 (f1=1070.00, f2=0.00, P_cap=0.00) (k=5)
[GVNS-Pw(w1=0.20,w2=0.80)] Fim. Melhor F=0.0765 (f1=1070.00, f2=0.00, P_cap=0.00)

[GVNS-Pw(w1=0.30,w2=0.70)] Solução inicial: F=0.5972 (f1=1034.00, f2=13.00, P_cap=0.00)
[GVNS-Pw(w1=0.30,w2=0.70)] Iter 0: Novo melhor! F=0.2412 (f1=1146.00, f2=2.00, P_cap=0.00) (k=1)
[GVNS-Pw(w1=0.30,w2=0.70)] Iter 0: Novo melhor! F=0.2186 (f1=1232.00, f2=0.00, P_cap=0.00) (k=1)
[GVNS-Pw(w1=0.30,w2=0.70)] Iter 0: Novo melhor! F=0.1985 (f1=1140.00, f2=1.00, P_cap=0.00) (k=1)
[GVNS-Pw(w1=0.30,w2=0.70)] Iter 0: Novo melhor! F=0.1833 (f1=1177.00, f2=0.00, P_cap=0.00) (k=4)
[GVNS-Pw(w1=0.30,w2=0.70)] Iter 0: Novo melhor! F=0.1532 (f1=1130.00, f2=0.00, P_cap=0.00) (k=3)
[GVNS-Pw(w1=0.30,w2=0.70)] Iter 7: Novo melhor! F=0.1237 (f1=1084.00, f2=0.00, P_cap=0.00) (k=4)
[GVNS-Pw(w1=0.30,w2=0.70)] Iter 84: Novo melhor! F=0.1167 (f1=1073.00, f2=0.00, P_cap=0.00) (k=2)
[GVNS-Pw(w1=0.30,w2=0.70)] Iter 182: Novo melhor! F=0.0981 (f1=1044.00, f2=0.00, P_cap=0.00) (k=5)
[GVNS-Pw(w1=0.30,w2=0.70)] Iter 273: Novo melhor! F=0.0910 (f1=1033.00, f2=0.00, P_cap=0.00) (k=1)
[GVNS-Pw(w1=0.30,w2=0.70)] Iter 340: Novo melhor! F=0.0885 (f1=1029.00, f2=0.00, P_cap=0.00) (k=1)
[GVNS-Pw(w1=0.30,w2=0.70)] Iter 437: Novo melhor! F=0.0744 (f1=1007.00, f2=0.00, P_cap=0.00) (k=5)
[GVNS-Pw(w1=0.30,w2=0.70)] Iter 535: Novo melhor! F=0.0686 (f1=998.00, f2=0.00, P_cap=0.00) (k=1)
[GVNS-Pw(w1=0.30,w2=0.70)] Iter 549: Novo melhor! F=0.0622 (f1=988.00, f2=0.00, P_cap=0.00) (k=5)
[GVNS-Pw(w1=0.30,w2=0.70)] Fim. Melhor F=0.0622 (f1=988.00, f2=0.00, P_cap=0.00)

[GVNS-Pw(w1=0.40,w2=0.60)] Solução inicial: F=176001.4940 (f1=923.00, f2=44.00, P_cap=176000.00)
[GVNS-Pw(w1=0.40,w2=0.60)] Iter 0: Novo melhor! F=0.2145 (f1=1064.00, f2=2.00, P_cap=0.00) (k=1)
[GVNS-Pw(w1=0.40,w2=0.60)] Iter 0: Novo melhor! F=0.1607 (f1=1079.00, f2=0.00, P_cap=0.00) (k=1)
[GVNS-Pw(w1=0.40,w2=0.60)] Iter 0: Novo melhor! F=0.1530 (f1=1070.00, f2=0.00, P_cap=0.00) (k=1)
[GVNS-Pw(w1=0.40,w2=0.60)] Iter 28: Novo melhor! F=0.1436 (f1=1059.00, f2=0.00, P_cap=0.00) (k=2)
[GVNS-Pw(w1=0.40,w2=0.60)] Fim. Melhor F=0.1436 (f1=1059.00, f2=0.00, P_cap=0.00)

[GVNS-Pw(w1=0.50,w2=0.50)] Solução inicial: F=19600.8526 (f1=961.00, f2=28.00, P_cap=19600.00)
[GVNS-Pw(w1=0.50,w2=0.50)] Iter 0: Novo melhor! F=0.3088 (f1=1128.00, f2=2.00, P_cap=0.00) (k=1)
[GVNS-Pw(w1=0.50,w2=0.50)] Iter 0: Novo melhor! F=0.2917 (f1=1112.00, f2=2.00, P_cap=0.00) (k=4)
[GVNS-Pw(w1=0.50,w2=0.50)] Iter 0: Novo melhor! F=0.2425 (f1=1040.00, f2=3.00, P_cap=0.00) (k=2)
[GVNS-Pw(w1=0.50,w2=0.50)] Iter 0: Novo melhor! F=0.2222 (f1=1047.00, f2=2.00, P_cap=0.00) (k=5)
[GVNS-Pw(w1=0.50,w2=0.50)] Iter 0: Novo melhor! F=0.2158 (f1=1067.00, f2=1.00, P_cap=0.00) (k=4)
[GVNS-Pw(w1=0.50,w2=0.50)] Iter 1: Novo melhor! F=0.1966 (f1=1023.00, f2=2.00, P_cap=0.00) (k=1)
[GVNS-Pw(w1=0.50,w2=0.50)] Iter 4: Novo melhor! F=0.1752 (f1=1055.00, f2=0.00, P_cap=0.00) (k=1)
[GVNS-Pw(w1=0.50,w2=0.50)] Iter 37: Novo melhor! F=0.1709 (f1=999.00, f2=2.00, P_cap=0.00) (k=4)
[GVNS-Pw(w1=0.50,w2=0.50)] Iter 38: Novo melhor! F=0.1549 (f1=1036.00, f2=0.00, P_cap=0.00) (k=2)
[GVNS-Pw(w1=0.50,w2=0.50)] Iter 38: Novo melhor! F=0.1378 (f1=1020.00, f2=0.00, P_cap=0.00) (k=3)
[GVNS-Pw(w1=0.50,w2=0.50)] Fim. Melhor F=0.1378 (f1=1020.00, f2=0.00, P_cap=0.00)

[GVNS-Pw(w1=0.60,w2=0.40)] Solução inicial: F=242000.8526 (f1=932.00, f2=36.00, P_cap=242000.00)
[GVNS-Pw(w1=0.60,w2=0.40)] Iter 0: Novo melhor! F=0.2624 (f1=1061.00, f2=2.00, P_cap=0.00) (k=1)
[GVNS-Pw(w1=0.60,w2=0.40)] Iter 0: Novo melhor! F=0.2389 (f1=1060.00, f2=1.00, P_cap=0.00) (k=5)
[GVNS-Pw(w1=0.60,w2=0.40)] Iter 2: Novo melhor! F=0.2312 (f1=1054.00, f2=1.00, P_cap=0.00) (k=4)
[GVNS-Pw(w1=0.60,w2=0.40)] Iter 3: Novo melhor! F=0.2145 (f1=1041.00, f2=1.00, P_cap=0.00) (k=2)
[GVNS-Pw(w1=0.60,w2=0.40)] Iter 5: Novo melhor! F=0.1799 (f1=1014.00, f2=1.00, P_cap=0.00) (k=3)
[GVNS-Pw(w1=0.60,w2=0.40)] Iter 7: Novo melhor! F=0.1620 (f1=1000.00, f2=1.00, P_cap=0.00) (k=1)
[GVNS-Pw(w1=0.60,w2=0.40)] Iter 17: Novo melhor! F=0.1568 (f1=996.00, f2=1.00, P_cap=0.00) (k=4)
[GVNS-Pw(w1=0.60,w2=0.40)] Iter 25: Novo melhor! F=0.1248 (f1=971.00, f2=1.00, P_cap=0.00) (k=2)
[GVNS-Pw(w1=0.60,w2=0.40)] Iter 65: Novo melhor! F=0.1132 (f1=962.00, f2=1.00, P_cap=0.00) (k=4)
[GVNS-Pw(w1=0.60,w2=0.40)] Iter 94: Novo melhor! F=0.1090 (f1=976.00, f2=0.00, P_cap=0.00) (k=2)
[GVNS-Pw(w1=0.60,w2=0.40)] Iter 122: Novo melhor! F=0.0940 (f1=947.00, f2=1.00, P_cap=0.00) (k=1)
[GVNS-Pw(w1=0.60,w2=0.40)] Iter 151: Novo melhor! F=0.0859 (f1=958.00, f2=0.00, P_cap=0.00) (k=2)
[GVNS-Pw(w1=0.60,w2=0.40)] Fim. Melhor F=0.0859 (f1=958.00, f2=0.00, P_cap=0.00)

[GVNS-Pw(w1=0.70,w2=0.30)] Solução inicial: F=166000.6934 (f1=920.00, f2=39.00, P_cap=166000.00)
[GVNS-Pw(w1=0.70,w2=0.30)] Iter 0: Novo melhor! F=0.3079 (f1=1030.00, f2=6.00, P_cap=0.00) (k=1)
[GVNS-Pw(w1=0.70,w2=0.30)] Iter 0: Novo melhor! F=0.2310 (f1=1012.00, f2=3.00, P_cap=0.00) (k=1)
[GVNS-Pw(w1=0.70,w2=0.30)] Iter 0: Novo melhor! F=0.1949 (f1=999.00, f2=2.00, P_cap=0.00) (k=2)
[GVNS-Pw(w1=0.70,w2=0.30)] Iter 0: Novo melhor! F=0.1921 (f1=986.00, f2=3.00, P_cap=0.00) (k=1)
[GVNS-Pw(w1=0.70,w2=0.30)] Iter 1: Novo melhor! F=0.1889 (f1=995.00, f2=2.00, P_cap=0.00) (k=1)
[GVNS-Pw(w1=0.70,w2=0.30)] Iter 3: Novo melhor! F=0.1694 (f1=982.00, f2=2.00, P_cap=0.00) (k=1)
[GVNS-Pw(w1=0.70,w2=0.30)] Iter 3: Novo melhor! F=0.1609 (f1=954.00, f2=4.00, P_cap=0.00) (k=2)
[GVNS-Pw(w1=0.70,w2=0.30)] Iter 3: Novo melhor! F=0.1530 (f1=971.00, f2=2.00, P_cap=0.00) (k=2)
[GVNS-Pw(w1=0.70,w2=0.30)] Iter 3: Novo melhor! F=0.1214 (f1=961.00, f2=1.00, P_cap=0.00) (k=1)
[GVNS-Pw(w1=0.70,w2=0.30)] Iter 53: Novo melhor! F=0.1122 (f1=966.00, f2=0.00, P_cap=0.00) (k=2)
[GVNS-Pw(w1=0.70,w2=0.30)] Fim. Melhor F=0.1122 (f1=966.00, f2=0.00, P_cap=0.00)

[GVNS-Pw(w1=0.80,w2=0.20)] Solução inicial: F=737600.6000 (f1=904.00, f2=52.00, P_cap=737600.00)
[GVNS-Pw(w1=0.80,w2=0.20)] Iter 0: Novo melhor! F=0.1197 (f1=935.00, f2=4.00, P_cap=0.00) (k=1)
[GVNS-Pw(w1=0.80,w2=0.20)] Iter 9: Novo melhor! F=0.1137 (f1=938.00, f2=3.00, P_cap=0.00) (k=3)
[GVNS-Pw(w1=0.80,w2=0.20)] Iter 22: Novo melhor! F=0.1128 (f1=918.00, f2=6.00, P_cap=0.00) (k=1)
[GVNS-Pw(w1=0.80,w2=0.20)] Iter 53: Novo melhor! F=0.1103 (f1=936.00, f2=3.00, P_cap=0.00) (k=2)
[GVNS-Pw(w1=0.80,w2=0.20)] Iter 57: Novo melhor! F=0.1085 (f1=935.00, f2=3.00, P_cap=0.00) (k=3)
[GVNS-Pw(w1=0.80,w2=0.20)] Iter 60: Novo melhor! F=0.0957 (f1=934.00, f2=2.00, P_cap=0.00) (k=3)
[GVNS-Pw(w1=0.80,w2=0.20)] Iter 60: Novo melhor! F=0.0949 (f1=927.00, f2=3.00, P_cap=0.00) (k=3)
[GVNS-Pw(w1=0.80,w2=0.20)] Iter 60: Novo melhor! F=0.0897 (f1=924.00, f2=3.00, P_cap=0.00) (k=1)
[GVNS-Pw(w1=0.80,w2=0.20)] Iter 61: Novo melhor! F=0.0855 (f1=915.00, f2=4.00, P_cap=0.00) (k=1)
[GVNS-Pw(w1=0.80,w2=0.20)] Iter 142: Novo melhor! F=0.0761 (f1=916.00, f2=3.00, P_cap=0.00) (k=2)
[GVNS-Pw(w1=0.80,w2=0.20)] Fim. Melhor F=0.0761 (f1=916.00, f2=3.00, P_cap=0.00)

[GVNS-Pw(w1=0.90,w2=0.10)] Solução inicial: F=1044000.3949 (f1=949.00, f2=51.00, P_cap=1044000.00)
[GVNS-Pw(w1=0.90,w2=0.10)] Iter 0: Novo melhor! F=0.1524 (f1=950.00, f2=7.00, P_cap=0.00) (k=1)
[GVNS-Pw(w1=0.90,w2=0.10)] Iter 0: Novo melhor! F=0.1363 (f1=933.00, f2=10.00, P_cap=0.00) (k=4)
[GVNS-Pw(w1=0.90,w2=0.10)] Iter 1: Novo melhor! F=0.1028 (f1=930.00, f2=5.00, P_cap=0.00) (k=2)
[GVNS-Pw(w1=0.90,w2=0.10)] Iter 1: Novo melhor! F=0.0776 (f1=914.00, f2=6.00, P_cap=0.00) (k=2)
[GVNS-Pw(w1=0.90,w2=0.10)] Iter 1: Novo melhor! F=0.0716 (f1=908.00, f2=7.00, P_cap=0.00) (k=1)
[GVNS-Pw(w1=0.90,w2=0.10)] Iter 13: Novo melhor! F=0.0699 (f1=910.00, f2=6.00, P_cap=0.00) (k=1)
[GVNS-Pw(w1=0.90,w2=0.10)] Iter 54: Novo melhor! F=0.0641 (f1=907.00, f2=6.00, P_cap=0.00) (k=1)
[GVNS-Pw(w1=0.90,w2=0.10)] Iter 68: Novo melhor! F=0.0620 (f1=903.00, f2=7.00, P_cap=0.00) (k=4)
[GVNS-Pw(w1=0.90,w2=0.10)] Fim. Melhor F=0.0620 (f1=903.00, f2=7.00, P_cap=0.00)

[GVNS-Pw(w1=1.00,w2=0.00)] Solução inicial: F=1092400.0897 (f1=933.00, f2=42.00, P_cap=1092400.00)
[GVNS-Pw(w1=1.00,w2=0.00)] Iter 0: Novo melhor! F=0.0556 (f1=917.00, f2=21.00, P_cap=0.00) (k=1)
[GVNS-Pw(w1=1.00,w2=0.00)] Iter 0: Novo melhor! F=0.0406 (f1=910.00, f2=25.00, P_cap=0.00) (k=2)
[GVNS-Pw(w1=1.00,w2=0.00)] Iter 1: Novo melhor! F=0.0385 (f1=909.00, f2=23.00, P_cap=0.00) (k=5)
[GVNS-Pw(w1=1.00,w2=0.00)] Iter 7: Novo melhor! F=0.0214 (f1=901.00, f2=31.00, P_cap=0.00) (k=3)
[GVNS-Pw(w1=1.00,w2=0.00)] Iter 14: Novo melhor! F=0.0000 (f1=891.00, f2=18.00, P_cap=0.00) (k=1)
[GVNS-Pw(w1=1.00,w2=0.00)] Iter 58: Novo melhor! F=-0.0064 (f1=888.00, f2=17.00, P_cap=0.00) (k=5)
[GVNS-Pw(w1=1.00,w2=0.00)] Fim. Melhor F=-0.0064 (f1=888.00, f2=17.00, P_cap=0.00)

===== [Pw] Execução 4 / 5 =====

[GVNS-Pw(w1=0.00,w2=1.00)] Solução inicial: F=0.9444 (f1=1383.00, f2=17.00, P_cap=0.00)
[GVNS-Pw(w1=0.00,w2=1.00)] Iter 0: Novo melhor! F=0.0556 (f1=1319.00, f2=1.00, P_cap=0.00) (k=1)
[GVNS-Pw(w1=0.00,w2=1.00)] Iter 0: Novo melhor! F=0.0000 (f1=1337.00, f2=0.00, P_cap=0.00) (k=2)
[GVNS-Pw(w1=0.00,w2=1.00)] Fim. Melhor F=0.0000 (f1=1337.00, f2=0.00, P_cap=0.00)

[GVNS-Pw(w1=0.10,w2=0.90)] Solução inicial: F=1.3526 (f1=1137.00, f2=26.00, P_cap=0.00)
[GVNS-Pw(w1=0.10,w2=0.90)] Iter 0: Novo melhor! F=0.0919 (f1=1087.00, f2=1.00, P_cap=0.00) (k=1)
[GVNS-Pw(w1=0.10,w2=0.90)] Iter 0: Novo melhor! F=0.0878 (f1=1068.00, f2=1.00, P_cap=0.00) (k=2)
[GVNS-Pw(w1=0.10,w2=0.90)] Iter 0: Novo melhor! F=0.0583 (f1=1164.00, f2=0.00, P_cap=0.00) (k=3)
[GVNS-Pw(w1=0.10,w2=0.90)] Iter 1: Novo melhor! F=0.0556 (f1=1151.00, f2=0.00, P_cap=0.00) (k=2)
[GVNS-Pw(w1=0.10,w2=0.90)] Iter 35: Novo melhor! F=0.0468 (f1=1110.00, f2=0.00, P_cap=0.00) (k=5)
[GVNS-Pw(w1=0.10,w2=0.90)] Iter 47: Novo melhor! F=0.0395 (f1=1076.00, f2=0.00, P_cap=0.00) (k=1)
[GVNS-Pw(w1=0.10,w2=0.90)] Iter 60: Novo melhor! F=0.0340 (f1=1050.00, f2=0.00, P_cap=0.00) (k=2)
[GVNS-Pw(w1=0.10,w2=0.90)] Iter 61: Novo melhor! F=0.0333 (f1=1047.00, f2=0.00, P_cap=0.00) (k=3)
[GVNS-Pw(w1=0.10,w2=0.90)] Fim. Melhor F=0.0333 (f1=1047.00, f2=0.00, P_cap=0.00)

[GVNS-Pw(w1=0.20,w2=0.80)] Solução inicial: F=1.2244 (f1=1052.00, f2=26.00, P_cap=0.00)
[GVNS-Pw(w1=0.20,w2=0.80)] Iter 0: Novo melhor! F=0.1821 (f1=1213.00, f2=1.00, P_cap=0.00) (k=1)
[GVNS-Pw(w1=0.20,w2=0.80)] Iter 0: Novo melhor! F=0.1761 (f1=1199.00, f2=1.00, P_cap=0.00) (k=2)
[GVNS-Pw(w1=0.20,w2=0.80)] Iter 0: Novo melhor! F=0.1137 (f1=1157.00, f2=0.00, P_cap=0.00) (k=2)
[GVNS-Pw(w1=0.20,w2=0.80)] Iter 7: Novo melhor! F=0.1047 (f1=1136.00, f2=0.00, P_cap=0.00) (k=3)
[GVNS-Pw(w1=0.20,w2=0.80)] Iter 17: Novo melhor! F=0.1043 (f1=1135.00, f2=0.00, P_cap=0.00) (k=1)
[GVNS-Pw(w1=0.20,w2=0.80)] Iter 34: Novo melhor! F=0.0919 (f1=1106.00, f2=0.00, P_cap=0.00) (k=2)
[GVNS-Pw(w1=0.20,w2=0.80)] Iter 36: Novo melhor! F=0.0829 (f1=1085.00, f2=0.00, P_cap=0.00) (k=4)
[GVNS-Pw(w1=0.20,w2=0.80)] Iter 100: Novo melhor! F=0.0739 (f1=1064.00, f2=0.00, P_cap=0.00) (k=2)
[GVNS-Pw(w1=0.20,w2=0.80)] Iter 133: Novo melhor! F=0.0726 (f1=1061.00, f2=0.00, P_cap=0.00) (k=1)
[GVNS-Pw(w1=0.20,w2=0.80)] Iter 164: Novo melhor! F=0.0718 (f1=1059.00, f2=0.00, P_cap=0.00) (k=2)
[GVNS-Pw(w1=0.20,w2=0.80)] Fim. Melhor F=0.0718 (f1=1059.00, f2=0.00, P_cap=0.00)

[GVNS-Pw(w1=0.30,w2=0.70)] Solução inicial: F=156000.9489 (f1=976.00, f2=23.00, P_cap=156000.00)
[GVNS-Pw(w1=0.30,w2=0.70)] Iter 0: Novo melhor! F=0.1506 (f1=1126.00, f2=0.00, P_cap=0.00) (k=1)
[GVNS-Pw(w1=0.30,w2=0.70)] Iter 1: Novo melhor! F=0.1472 (f1=1060.00, f2=1.00, P_cap=0.00) (k=2)
[GVNS-Pw(w1=0.30,w2=0.70)] Iter 2: Novo melhor! F=0.1308 (f1=1095.00, f2=0.00, P_cap=0.00) (k=4)
[GVNS-Pw(w1=0.30,w2=0.70)] Iter 8: Novo melhor! F=0.1269 (f1=1089.00, f2=0.00, P_cap=0.00) (k=1)
[GVNS-Pw(w1=0.30,w2=0.70)] Iter 15: Novo melhor! F=0.1237 (f1=1084.00, f2=0.00, P_cap=0.00) (k=4)
[GVNS-Pw(w1=0.30,w2=0.70)] Iter 82: Novo melhor! F=0.1154 (f1=1071.00, f2=0.00, P_cap=0.00) (k=5)
[GVNS-Pw(w1=0.30,w2=0.70)] Iter 93: Novo melhor! F=0.1038 (f1=1053.00, f2=0.00, P_cap=0.00) (k=1)
[GVNS-Pw(w1=0.30,w2=0.70)] Iter 127: Novo melhor! F=0.0910 (f1=1033.00, f2=0.00, P_cap=0.00) (k=2)
[GVNS-Pw(w1=0.30,w2=0.70)] Iter 186: Novo melhor! F=0.0686 (f1=998.00, f2=0.00, P_cap=0.00) (k=4)
[GVNS-Pw(w1=0.30,w2=0.70)] Iter 270: Novo melhor! F=0.0679 (f1=997.00, f2=0.00, P_cap=0.00) (k=4)
[GVNS-Pw(w1=0.30,w2=0.70)] Fim. Melhor F=0.0679 (f1=997.00, f2=0.00, P_cap=0.00)

[GVNS-Pw(w1=0.40,w2=0.60)] Solução inicial: F=131601.0821 (f1=909.00, f2=32.00, P_cap=131600.00)
[GVNS-Pw(w1=0.40,w2=0.60)] Iter 0: Novo melhor! F=0.1726 (f1=1054.00, f2=1.00, P_cap=0.00) (k=1)
[GVNS-Pw(w1=0.40,w2=0.60)] Iter 12: Novo melhor! F=0.1684 (f1=1088.00, f2=0.00, P_cap=0.00) (k=2)
[GVNS-Pw(w1=0.40,w2=0.60)] Iter 32: Novo melhor! F=0.0966 (f1=1004.00, f2=0.00, P_cap=0.00) (k=5)
[GVNS-Pw(w1=0.40,w2=0.60)] Fim. Melhor F=0.0966 (f1=1004.00, f2=0.00, P_cap=0.00)

[GVNS-Pw(w1=0.50,w2=0.50)] Solução inicial: F=342401.0053 (f1=948.00, f2=34.00, P_cap=342400.00)
[GVNS-Pw(w1=0.50,w2=0.50)] Iter 0: Novo melhor! F=0.2457 (f1=1095.00, f2=1.00, P_cap=0.00) (k=1)
[GVNS-Pw(w1=0.50,w2=0.50)] Iter 0: Novo melhor! F=0.2340 (f1=1110.00, f2=0.00, P_cap=0.00) (k=4)
[GVNS-Pw(w1=0.50,w2=0.50)] Iter 0: Novo melhor! F=0.2083 (f1=1034.00, f2=2.00, P_cap=0.00) (k=2)
[GVNS-Pw(w1=0.50,w2=0.50)] Iter 4: Novo melhor! F=0.1934 (f1=1020.00, f2=2.00, P_cap=0.00) (k=5)
[GVNS-Pw(w1=0.50,w2=0.50)] Iter 30: Novo melhor! F=0.1891 (f1=1042.00, f2=1.00, P_cap=0.00) (k=2)
[GVNS-Pw(w1=0.50,w2=0.50)] Iter 64: Novo melhor! F=0.1870 (f1=1040.00, f2=1.00, P_cap=0.00) (k=1)
[GVNS-Pw(w1=0.50,w2=0.50)] Iter 70: Novo melhor! F=0.1741 (f1=1002.00, f2=2.00, P_cap=0.00) (k=3)
[GVNS-Pw(w1=0.50,w2=0.50)] Iter 72: Novo melhor! F=0.1720 (f1=1000.00, f2=2.00, P_cap=0.00) (k=3)
[GVNS-Pw(w1=0.50,w2=0.50)] Iter 78: Novo melhor! F=0.1528 (f1=982.00, f2=2.00, P_cap=0.00) (k=1)
[GVNS-Pw(w1=0.50,w2=0.50)] Iter 82: Novo melhor! F=0.1400 (f1=1022.00, f2=0.00, P_cap=0.00) (k=3)
[GVNS-Pw(w1=0.50,w2=0.50)] Fim. Melhor F=0.1400 (f1=1022.00, f2=0.00, P_cap=0.00)

[GVNS-Pw(w1=0.60,w2=0.40)] Solução inicial: F=126800.6915 (f1=945.00, f2=28.00, P_cap=126800.00)
[GVNS-Pw(w1=0.60,w2=0.40)] Iter 0: Novo melhor! F=0.2179 (f1=1009.00, f2=3.00, P_cap=0.00) (k=1)
[GVNS-Pw(w1=0.60,w2=0.40)] Iter 0: Novo melhor! F=0.1863 (f1=1019.00, f2=1.00, P_cap=0.00) (k=4)
[GVNS-Pw(w1=0.60,w2=0.40)] Iter 4: Novo melhor! F=0.1722 (f1=1008.00, f2=1.00, P_cap=0.00) (k=2)
[GVNS-Pw(w1=0.60,w2=0.40)] Iter 10: Novo melhor! F=0.1496 (f1=973.00, f2=2.00, P_cap=0.00) (k=5)
[GVNS-Pw(w1=0.60,w2=0.40)] Iter 44: Novo melhor! F=0.1491 (f1=990.00, f2=1.00, P_cap=0.00) (k=1)
[GVNS-Pw(w1=0.60,w2=0.40)] Iter 49: Novo melhor! F=0.1449 (f1=1004.00, f2=0.00, P_cap=0.00) (k=4)
[GVNS-Pw(w1=0.60,w2=0.40)] Iter 56: Novo melhor! F=0.1295 (f1=940.00, f2=3.00, P_cap=0.00) (k=2)
[GVNS-Pw(w1=0.60,w2=0.40)] Iter 91: Novo melhor! F=0.1248 (f1=971.00, f2=1.00, P_cap=0.00) (k=2)
[GVNS-Pw(w1=0.60,w2=0.40)] Iter 136: Novo melhor! F=0.1120 (f1=961.00, f2=1.00, P_cap=0.00) (k=4)
[GVNS-Pw(w1=0.60,w2=0.40)] Fim. Melhor F=0.1120 (f1=961.00, f2=1.00, P_cap=0.00)

[GVNS-Pw(w1=0.70,w2=0.30)] Solução inicial: F=572400.6838 (f1=947.00, f2=36.00, P_cap=572400.00)
[GVNS-Pw(w1=0.70,w2=0.30)] Iter 0: Novo melhor! F=0.2667 (f1=1047.00, f2=2.00, P_cap=0.00) (k=1)
[GVNS-Pw(w1=0.70,w2=0.30)] Iter 0: Novo melhor! F=0.2650 (f1=1057.00, f2=1.00, P_cap=0.00) (k=1)
[GVNS-Pw(w1=0.70,w2=0.30)] Iter 0: Novo melhor! F=0.2476 (f1=1012.00, f2=4.00, P_cap=0.00) (k=2)
[GVNS-Pw(w1=0.70,w2=0.30)] Iter 0: Novo melhor! F=0.2056 (f1=995.00, f2=3.00, P_cap=0.00) (k=1)
[GVNS-Pw(w1=0.70,w2=0.30)] Iter 1: Novo melhor! F=0.1694 (f1=982.00, f2=2.00, P_cap=0.00) (k=1)
[GVNS-Pw(w1=0.70,w2=0.30)] Iter 8: Novo melhor! F=0.1590 (f1=975.00, f2=2.00, P_cap=0.00) (k=4)
[GVNS-Pw(w1=0.70,w2=0.30)] Iter 11: Novo melhor! F=0.1519 (f1=948.00, f2=4.00, P_cap=0.00) (k=2)
[GVNS-Pw(w1=0.70,w2=0.30)] Iter 11: Novo melhor! F=0.1500 (f1=969.00, f2=2.00, P_cap=0.00) (k=4)
[GVNS-Pw(w1=0.70,w2=0.30)] Iter 19: Novo melhor! F=0.1094 (f1=953.00, f2=1.00, P_cap=0.00) (k=4)
[GVNS-Pw(w1=0.70,w2=0.30)] Fim. Melhor F=0.1094 (f1=953.00, f2=1.00, P_cap=0.00)

[GVNS-Pw(w1=0.80,w2=0.20)] Solução inicial: F=752400.3795 (f1=892.00, f2=34.00, P_cap=752400.00)
[GVNS-Pw(w1=0.80,w2=0.20)] Iter 0: Novo melhor! F=0.2991 (f1=1040.00, f2=4.00, P_cap=0.00) (k=1)
[GVNS-Pw(w1=0.80,w2=0.20)] Iter 0: Novo melhor! F=0.1675 (f1=963.00, f2=4.00, P_cap=0.00) (k=1)
[GVNS-Pw(w1=0.80,w2=0.20)] Iter 1: Novo melhor! F=0.1444 (f1=956.00, f2=3.00, P_cap=0.00) (k=2)
[GVNS-Pw(w1=0.80,w2=0.20)] Iter 2: Novo melhor! F=0.1427 (f1=968.00, f2=1.00, P_cap=0.00) (k=4)
[GVNS-Pw(w1=0.80,w2=0.20)] Iter 3: Novo melhor! F=0.1162 (f1=933.00, f2=4.00, P_cap=0.00) (k=1)
[GVNS-Pw(w1=0.80,w2=0.20)] Iter 10: Novo melhor! F=0.1060 (f1=927.00, f2=4.00, P_cap=0.00) (k=2)
[GVNS-Pw(w1=0.80,w2=0.20)] Iter 44: Novo melhor! F=0.1000 (f1=930.00, f2=3.00, P_cap=0.00) (k=5)
[GVNS-Pw(w1=0.80,w2=0.20)] Iter 118: Novo melhor! F=0.0974 (f1=935.00, f2=2.00, P_cap=0.00) (k=1)
[GVNS-Pw(w1=0.80,w2=0.20)] Fim. Melhor F=0.0974 (f1=935.00, f2=2.00, P_cap=0.00)

[GVNS-Pw(w1=0.90,w2=0.10)] Solução inicial: F=862400.4679 (f1=935.00, f2=69.00, P_cap=862400.00)
[GVNS-Pw(w1=0.90,w2=0.10)] Iter 0: Novo melhor! F=0.1581 (f1=953.00, f2=7.00, P_cap=0.00) (k=1)
[GVNS-Pw(w1=0.90,w2=0.10)] Iter 0: Novo melhor! F=0.1487 (f1=951.00, f2=6.00, P_cap=0.00) (k=2)
[GVNS-Pw(w1=0.90,w2=0.10)] Iter 1: Novo melhor! F=0.1288 (f1=932.00, f2=9.00, P_cap=0.00) (k=1)
[GVNS-Pw(w1=0.90,w2=0.10)] Iter 3: Novo melhor! F=0.1269 (f1=931.00, f2=9.00, P_cap=0.00) (k=3)
[GVNS-Pw(w1=0.90,w2=0.10)] Iter 3: Novo melhor! F=0.1141 (f1=933.00, f2=6.00, P_cap=0.00) (k=1)
[GVNS-Pw(w1=0.90,w2=0.10)] Iter 3: Novo melhor! F=0.0887 (f1=914.00, f2=8.00, P_cap=0.00) (k=1)
[GVNS-Pw(w1=0.90,w2=0.10)] Iter 3: Novo melhor! F=0.0703 (f1=916.00, f2=4.00, P_cap=0.00) (k=5)
[GVNS-Pw(w1=0.90,w2=0.10)] Iter 38: Novo melhor! F=0.0699 (f1=910.00, f2=6.00, P_cap=0.00) (k=2)
[GVNS-Pw(w1=0.90,w2=0.10)] Iter 123: Novo melhor! F=0.0656 (f1=902.00, f2=8.00, P_cap=0.00) (k=1)
[GVNS-Pw(w1=0.90,w2=0.10)] Iter 123: Novo melhor! F=0.0645 (f1=913.00, f2=4.00, P_cap=0.00) (k=3)
[GVNS-Pw(w1=0.90,w2=0.10)] Iter 123: Novo melhor! F=0.0620 (f1=903.00, f2=7.00, P_cap=0.00) (k=3)
[GVNS-Pw(w1=0.90,w2=0.10)] Fim. Melhor F=0.0620 (f1=903.00, f2=7.00, P_cap=0.00)

[GVNS-Pw(w1=1.00,w2=0.00)] Solução inicial: F=1176400.0043 (f1=893.00, f2=78.00, P_cap=1176400.00)
[GVNS-Pw(w1=1.00,w2=0.00)] Iter 0: Novo melhor! F=0.0662 (f1=922.00, f2=20.00, P_cap=0.00) (k=1)
[GVNS-Pw(w1=1.00,w2=0.00)] Iter 0: Novo melhor! F=0.0491 (f1=914.00, f2=22.00, P_cap=0.00) (k=1)
[GVNS-Pw(w1=1.00,w2=0.00)] Iter 0: Novo melhor! F=0.0214 (f1=901.00, f2=21.00, P_cap=0.00) (k=1)
[GVNS-Pw(w1=1.00,w2=0.00)] Iter 1: Novo melhor! F=0.0192 (f1=900.00, f2=18.00, P_cap=0.00) (k=5)
[GVNS-Pw(w1=1.00,w2=0.00)] Iter 3: Novo melhor! F=0.0043 (f1=893.00, f2=29.00, P_cap=0.00) (k=4)
[GVNS-Pw(w1=1.00,w2=0.00)] Iter 38: Novo melhor! F=0.0000 (f1=891.00, f2=23.00, P_cap=0.00) (k=4)
[GVNS-Pw(w1=1.00,w2=0.00)] Iter 120: Novo melhor! F=-0.0064 (f1=888.00, f2=17.00, P_cap=0.00) (k=2)
[GVNS-Pw(w1=1.00,w2=0.00)] Fim. Melhor F=-0.0064 (f1=888.00, f2=17.00, P_cap=0.00)

===== [Pw] Execução 5 / 5 =====

[GVNS-Pw(w1=0.00,w2=1.00)] Solução inicial: F=1.7778 (f1=1430.00, f2=32.00, P_cap=0.00)
[GVNS-Pw(w1=0.00,w2=1.00)] Iter 0: Novo melhor! F=0.0556 (f1=1445.00, f2=1.00, P_cap=0.00) (k=1)
[GVNS-Pw(w1=0.00,w2=1.00)] Iter 0: Novo melhor! F=0.0000 (f1=1555.00, f2=0.00, P_cap=0.00) (k=1)
[GVNS-Pw(w1=0.00,w2=1.00)] Fim. Melhor F=0.0000 (f1=1555.00, f2=0.00, P_cap=0.00)

[GVNS-Pw(w1=0.10,w2=0.90)] Solução inicial: F=1.3652 (f1=1196.00, f2=26.00, P_cap=0.00)
[GVNS-Pw(w1=0.10,w2=0.90)] Iter 0: Novo melhor! F=0.1291 (f1=1261.00, f2=1.00, P_cap=0.00) (k=1)
[GVNS-Pw(w1=0.10,w2=0.90)] Iter 0: Novo melhor! F=0.1184 (f1=1211.00, f2=1.00, P_cap=0.00) (k=2)
[GVNS-Pw(w1=0.10,w2=0.90)] Iter 0: Novo melhor! F=0.1173 (f1=1206.00, f2=1.00, P_cap=0.00) (k=2)
[GVNS-Pw(w1=0.10,w2=0.90)] Iter 0: Novo melhor! F=0.1107 (f1=1175.00, f2=1.00, P_cap=0.00) (k=3)
[GVNS-Pw(w1=0.10,w2=0.90)] Iter 0: Novo melhor! F=0.0489 (f1=1120.00, f2=0.00, P_cap=0.00) (k=2)
[GVNS-Pw(w1=0.10,w2=0.90)] Iter 15: Novo melhor! F=0.0455 (f1=1104.00, f2=0.00, P_cap=0.00) (k=5)
[GVNS-Pw(w1=0.10,w2=0.90)] Iter 24: Novo melhor! F=0.0374 (f1=1066.00, f2=0.00, P_cap=0.00) (k=5)
[GVNS-Pw(w1=0.10,w2=0.90)] Iter 25: Novo melhor! F=0.0361 (f1=1060.00, f2=0.00, P_cap=0.00) (k=2)
[GVNS-Pw(w1=0.10,w2=0.90)] Iter 34: Novo melhor! F=0.0318 (f1=1040.00, f2=0.00, P_cap=0.00) (k=3)
[GVNS-Pw(w1=0.10,w2=0.90)] Fim. Melhor F=0.0318 (f1=1040.00, f2=0.00, P_cap=0.00)

[GVNS-Pw(w1=0.20,w2=0.80)] Solução inicial: F=1.3205 (f1=1069.00, f2=28.00, P_cap=0.00)
[GVNS-Pw(w1=0.20,w2=0.80)] Iter 0: Novo melhor! F=0.1915 (f1=1131.00, f2=2.00, P_cap=0.00) (k=1)
[GVNS-Pw(w1=0.20,w2=0.80)] Iter 0: Novo melhor! F=0.1714 (f1=1188.00, f2=1.00, P_cap=0.00) (k=1)
[GVNS-Pw(w1=0.20,w2=0.80)] Iter 0: Novo melhor! F=0.1393 (f1=1113.00, f2=1.00, P_cap=0.00) (k=1)
[GVNS-Pw(w1=0.20,w2=0.80)] Iter 0: Novo melhor! F=0.1342 (f1=1205.00, f2=0.00, P_cap=0.00) (k=2)
[GVNS-Pw(w1=0.20,w2=0.80)] Iter 5: Novo melhor! F=0.1162 (f1=1163.00, f2=0.00, P_cap=0.00) (k=3)
[GVNS-Pw(w1=0.20,w2=0.80)] Iter 8: Novo melhor! F=0.0962 (f1=1116.00, f2=0.00, P_cap=0.00) (k=4)
[GVNS-Pw(w1=0.20,w2=0.80)] Iter 8: Novo melhor! F=0.0744 (f1=1065.00, f2=0.00, P_cap=0.00) (k=3)
[GVNS-Pw(w1=0.20,w2=0.80)] Iter 42: Novo melhor! F=0.0628 (f1=1038.00, f2=0.00, P_cap=0.00) (k=2)
[GVNS-Pw(w1=0.20,w2=0.80)] Fim. Melhor F=0.0628 (f1=1038.00, f2=0.00, P_cap=0.00)

[GVNS-Pw(w1=0.30,w2=0.70)] Solução inicial: F=0.8994 (f1=1020.00, f2=21.00, P_cap=0.00)
[GVNS-Pw(w1=0.30,w2=0.70)] Iter 0: Novo melhor! F=0.2162 (f1=1107.00, f2=2.00, P_cap=0.00) (k=1)
[GVNS-Pw(w1=0.30,w2=0.70)] Iter 0: Novo melhor! F=0.1697 (f1=1095.00, f2=1.00, P_cap=0.00) (k=2)
[GVNS-Pw(w1=0.30,w2=0.70)] Iter 3: Novo melhor! F=0.1263 (f1=1088.00, f2=0.00, P_cap=0.00) (k=3)
[GVNS-Pw(w1=0.30,w2=0.70)] Iter 50: Novo melhor! F=0.1173 (f1=1074.00, f2=0.00, P_cap=0.00) (k=5)
[GVNS-Pw(w1=0.30,w2=0.70)] Iter 71: Novo melhor! F=0.1058 (f1=1056.00, f2=0.00, P_cap=0.00) (k=2)
[GVNS-Pw(w1=0.30,w2=0.70)] Iter 125: Novo melhor! F=0.0962 (f1=1041.00, f2=0.00, P_cap=0.00) (k=2)
[GVNS-Pw(w1=0.30,w2=0.70)] Iter 129: Novo melhor! F=0.0929 (f1=1036.00, f2=0.00, P_cap=0.00) (k=2)
[GVNS-Pw(w1=0.30,w2=0.70)] Fim. Melhor F=0.0929 (f1=1036.00, f2=0.00, P_cap=0.00)

[GVNS-Pw(w1=0.40,w2=0.60)] Solução inicial: F=0.9427 (f1=980.00, f2=26.00, P_cap=0.00)
[GVNS-Pw(w1=0.40,w2=0.60)] Iter 0: Novo melhor! F=0.2197 (f1=1148.00, f2=0.00, P_cap=0.00) (k=1)
[GVNS-Pw(w1=0.40,w2=0.60)] Iter 3: Novo melhor! F=0.2128 (f1=1101.00, f2=1.00, P_cap=0.00) (k=2)
[GVNS-Pw(w1=0.40,w2=0.60)] Iter 7: Novo melhor! F=0.1077 (f1=978.00, f2=1.00, P_cap=0.00) (k=2)
[GVNS-Pw(w1=0.40,w2=0.60)] Iter 84: Novo melhor! F=0.0897 (f1=996.00, f2=0.00, P_cap=0.00) (k=2)
[GVNS-Pw(w1=0.40,w2=0.60)] Fim. Melhor F=0.0897 (f1=996.00, f2=0.00, P_cap=0.00)

[GVNS-Pw(w1=0.50,w2=0.50)] Solução inicial: F=186800.7650 (f1=905.00, f2=27.00, P_cap=186800.00)
[GVNS-Pw(w1=0.50,w2=0.50)] Iter 0: Novo melhor! F=0.2041 (f1=1030.00, f2=2.00, P_cap=0.00) (k=1)
[GVNS-Pw(w1=0.50,w2=0.50)] Iter 0: Novo melhor! F=0.1944 (f1=1047.00, f2=1.00, P_cap=0.00) (k=5)
[GVNS-Pw(w1=0.50,w2=0.50)] Iter 0: Novo melhor! F=0.1592 (f1=1014.00, f2=1.00, P_cap=0.00) (k=4)
[GVNS-Pw(w1=0.50,w2=0.50)] Iter 6: Novo melhor! F=0.1442 (f1=974.00, f2=2.00, P_cap=0.00) (k=1)
[GVNS-Pw(w1=0.50,w2=0.50)] Iter 14: Novo melhor! F=0.1282 (f1=985.00, f2=1.00, P_cap=0.00) (k=1)
[GVNS-Pw(w1=0.50,w2=0.50)] Iter 48: Novo melhor! F=0.1068 (f1=991.00, f2=0.00, P_cap=0.00) (k=1)
[GVNS-Pw(w1=0.50,w2=0.50)] Iter 75: Novo melhor! F=0.0983 (f1=957.00, f2=1.00, P_cap=0.00) (k=4)
[GVNS-Pw(w1=0.50,w2=0.50)] Fim. Melhor F=0.0983 (f1=957.00, f2=1.00, P_cap=0.00)

[GVNS-Pw(w1=0.60,w2=0.40)] Solução inicial: F=732401.0949 (f1=913.00, f2=48.00, P_cap=732400.00)
[GVNS-Pw(w1=0.60,w2=0.40)] Iter 0: Novo melhor! F=0.3598 (f1=1137.00, f2=2.00, P_cap=0.00) (k=1)
[GVNS-Pw(w1=0.60,w2=0.40)] Iter 0: Novo melhor! F=0.2077 (f1=1001.00, f2=3.00, P_cap=0.00) (k=1)
[GVNS-Pw(w1=0.60,w2=0.40)] Iter 3: Novo melhor! F=0.1962 (f1=992.00, f2=3.00, P_cap=0.00) (k=1)
[GVNS-Pw(w1=0.60,w2=0.40)] Iter 7: Novo melhor! F=0.1936 (f1=990.00, f2=3.00, P_cap=0.00) (k=4)
[GVNS-Pw(w1=0.60,w2=0.40)] Iter 7: Novo melhor! F=0.1585 (f1=980.00, f2=2.00, P_cap=0.00) (k=4)
[GVNS-Pw(w1=0.60,w2=0.40)] Iter 14: Novo melhor! F=0.1453 (f1=987.00, f2=1.00, P_cap=0.00) (k=1)
[GVNS-Pw(w1=0.60,w2=0.40)] Iter 41: Novo melhor! F=0.1368 (f1=963.00, f2=2.00, P_cap=0.00) (k=3)
[GVNS-Pw(w1=0.60,w2=0.40)] Iter 73: Novo melhor! F=0.1209 (f1=968.00, f2=1.00, P_cap=0.00) (k=4)
[GVNS-Pw(w1=0.60,w2=0.40)] Iter 79: Novo melhor! F=0.1192 (f1=984.00, f2=0.00, P_cap=0.00) (k=2)
[GVNS-Pw(w1=0.60,w2=0.40)] Fim. Melhor F=0.1192 (f1=984.00, f2=0.00, P_cap=0.00)

[GVNS-Pw(w1=0.70,w2=0.30)] Solução inicial: F=546800.9962 (f1=933.00, f2=56.00, P_cap=546800.00)
[GVNS-Pw(w1=0.70,w2=0.30)] Iter 0: Novo melhor! F=0.2855 (f1=1015.00, f2=6.00, P_cap=0.00) (k=1)
[GVNS-Pw(w1=0.70,w2=0.30)] Iter 0: Novo melhor! F=0.2353 (f1=1026.00, f2=2.00, P_cap=0.00) (k=1)
[GVNS-Pw(w1=0.70,w2=0.30)] Iter 0: Novo melhor! F=0.1919 (f1=997.00, f2=2.00, P_cap=0.00) (k=4)
[GVNS-Pw(w1=0.70,w2=0.30)] Iter 3: Novo melhor! F=0.1588 (f1=986.00, f2=1.00, P_cap=0.00) (k=5)
[GVNS-Pw(w1=0.70,w2=0.30)] Iter 7: Novo melhor! F=0.1528 (f1=982.00, f2=1.00, P_cap=0.00) (k=1)
[GVNS-Pw(w1=0.70,w2=0.30)] Iter 7: Novo melhor! F=0.1498 (f1=980.00, f2=1.00, P_cap=0.00) (k=1)
[GVNS-Pw(w1=0.70,w2=0.30)] Iter 51: Novo melhor! F=0.1483 (f1=979.00, f2=1.00, P_cap=0.00) (k=1)
[GVNS-Pw(w1=0.70,w2=0.30)] Iter 126: Novo melhor! F=0.1081 (f1=941.00, f2=2.00, P_cap=0.00) (k=2)
[GVNS-Pw(w1=0.70,w2=0.30)] Iter 174: Novo melhor! F=0.0902 (f1=929.00, f2=2.00, P_cap=0.00) (k=3)
[GVNS-Pw(w1=0.70,w2=0.30)] Fim. Melhor F=0.0902 (f1=929.00, f2=2.00, P_cap=0.00)

[GVNS-Pw(w1=0.80,w2=0.20)] Solução inicial: F=793600.6556 (f1=904.00, f2=57.00, P_cap=793600.00)
[GVNS-Pw(w1=0.80,w2=0.20)] Iter 0: Novo melhor! F=0.2077 (f1=980.00, f2=5.00, P_cap=0.00) (k=1)
[GVNS-Pw(w1=0.80,w2=0.20)] Iter 0: Novo melhor! F=0.1803 (f1=977.00, f2=3.00, P_cap=0.00) (k=3)
[GVNS-Pw(w1=0.80,w2=0.20)] Iter 0: Novo melhor! F=0.1641 (f1=961.00, f2=4.00, P_cap=0.00) (k=4)
[GVNS-Pw(w1=0.80,w2=0.20)] Iter 0: Novo melhor! F=0.1359 (f1=951.00, f2=3.00, P_cap=0.00) (k=1)
[GVNS-Pw(w1=0.80,w2=0.20)] Iter 2: Novo melhor! F=0.1291 (f1=960.00, f2=1.00, P_cap=0.00) (k=5)
[GVNS-Pw(w1=0.80,w2=0.20)] Iter 5: Novo melhor! F=0.1171 (f1=953.00, f2=1.00, P_cap=0.00) (k=1)
[GVNS-Pw(w1=0.80,w2=0.20)] Iter 5: Novo melhor! F=0.1120 (f1=937.00, f2=3.00, P_cap=0.00) (k=5)
[GVNS-Pw(w1=0.80,w2=0.20)] Iter 5: Novo melhor! F=0.1111 (f1=930.00, f2=4.00, P_cap=0.00) (k=2)
[GVNS-Pw(w1=0.80,w2=0.20)] Iter 6: Novo melhor! F=0.1009 (f1=924.00, f2=4.00, P_cap=0.00) (k=2)
[GVNS-Pw(w1=0.80,w2=0.20)] Iter 7: Novo melhor! F=0.0966 (f1=928.00, f2=3.00, P_cap=0.00) (k=1)
[GVNS-Pw(w1=0.80,w2=0.20)] Iter 30: Novo melhor! F=0.0923 (f1=919.00, f2=4.00, P_cap=0.00) (k=4)
[GVNS-Pw(w1=0.80,w2=0.20)] Iter 35: Novo melhor! F=0.0855 (f1=915.00, f2=4.00, P_cap=0.00) (k=1)
[GVNS-Pw(w1=0.80,w2=0.20)] Iter 63: Novo melhor! F=0.0761 (f1=916.00, f2=3.00, P_cap=0.00) (k=2)
[GVNS-Pw(w1=0.80,w2=0.20)] Fim. Melhor F=0.0761 (f1=916.00, f2=3.00, P_cap=0.00)

[GVNS-Pw(w1=0.90,w2=0.10)] Solução inicial: F=1098400.1936 (f1=879.00, f2=39.00, P_cap=1098400.00)
[GVNS-Pw(w1=0.90,w2=0.10)] Iter 0: Novo melhor! F=0.1216 (f1=934.00, f2=7.00, P_cap=0.00) (k=1)
[GVNS-Pw(w1=0.90,w2=0.10)] Iter 4: Novo melhor! F=0.1120 (f1=929.00, f2=7.00, P_cap=0.00) (k=2)
[GVNS-Pw(w1=0.90,w2=0.10)] Iter 4: Novo melhor! F=0.0987 (f1=925.00, f2=6.00, P_cap=0.00) (k=2)
[GVNS-Pw(w1=0.90,w2=0.10)] Iter 7: Novo melhor! F=0.0964 (f1=918.00, f2=8.00, P_cap=0.00) (k=3)
[GVNS-Pw(w1=0.90,w2=0.10)] Iter 7: Novo melhor! F=0.0718 (f1=911.00, f2=6.00, P_cap=0.00) (k=2)
[GVNS-Pw(w1=0.90,w2=0.10)] Fim. Melhor F=0.0718 (f1=911.00, f2=6.00, P_cap=0.00)

[GVNS-Pw(w1=1.00,w2=0.00)] Solução inicial: F=1256400.0534 (f1=916.00, f2=94.00, P_cap=1256400.00)
[GVNS-Pw(w1=1.00,w2=0.00)] Iter 0: Novo melhor! F=0.0192 (f1=900.00, f2=18.00, P_cap=0.00) (k=1)
[GVNS-Pw(w1=1.00,w2=0.00)] Iter 7: Novo melhor! F=0.0064 (f1=894.00, f2=23.00, P_cap=0.00) (k=2)
[GVNS-Pw(w1=1.00,w2=0.00)] Iter 73: Novo melhor! F=0.0000 (f1=891.00, f2=21.00, P_cap=0.00) (k=2)
[GVNS-Pw(w1=1.00,w2=0.00)] Iter 82: Novo melhor! F=-0.0064 (f1=888.00, f2=17.00, P_cap=0.00) (k=4)
[GVNS-Pw(w1=1.00,w2=0.00)] Fim. Melhor F=-0.0064 (f1=888.00, f2=17.00, P_cap=0.00)

===== [Pε] Execução 1 / 5 =====

[GVNS-Pe(eps=0.00)] Solução inicial: F=967337.0000 (f1=937.00, f2=45.00, P_cap=516400.00)
[GVNS-Pe(eps=0.00)] Iter 0: Novo melhor! F=7148.0000 (f1=1148.00, f2=0.00, P_cap=6000.00) (k=1)
[GVNS-Pe(eps=0.00)] Iter 1: Novo melhor! F=1218.0000 (f1=1218.00, f2=0.00, P_cap=0.00) (k=3)
[GVNS-Pe(eps=0.00)] Iter 3: Novo melhor! F=1186.0000 (f1=1186.00, f2=0.00, P_cap=0.00) (k=2)
[GVNS-Pe(eps=0.00)] Iter 15: Novo melhor! F=1167.0000 (f1=1167.00, f2=0.00, P_cap=0.00) (k=4)
[GVNS-Pe(eps=0.00)] Iter 18: Novo melhor! F=1163.0000 (f1=1163.00, f2=0.00, P_cap=0.00) (k=1)
[GVNS-Pe(eps=0.00)] Iter 22: Novo melhor! F=1151.0000 (f1=1151.00, f2=0.00, P_cap=0.00) (k=4)
[GVNS-Pe(eps=0.00)] Iter 30: Novo melhor! F=1131.0000 (f1=1131.00, f2=0.00, P_cap=0.00) (k=2)
[GVNS-Pe(eps=0.00)] Iter 32: Novo melhor! F=1125.0000 (f1=1125.00, f2=0.00, P_cap=0.00) (k=2)
[GVNS-Pe(eps=0.00)] Iter 45: Novo melhor! F=1105.0000 (f1=1105.00, f2=0.00, P_cap=0.00) (k=4)
[GVNS-Pe(eps=0.00)] Iter 55: Novo melhor! F=1072.0000 (f1=1072.00, f2=0.00, P_cap=0.00) (k=4)
[GVNS-Pe(eps=0.00)] Iter 133: Novo melhor! F=1038.0000 (f1=1038.00, f2=0.00, P_cap=0.00) (k=5)
[GVNS-Pe(eps=0.00)] Fim. Melhor F=1038.0000 (f1=1038.00, f2=0.00, P_cap=0.00)

[GVNS-Pe(eps=2.00)] Solução inicial: F=749301.0000 (f1=901.00, f2=30.00, P_cap=468400.00)
[GVNS-Pe(eps=2.00)] Iter 0: Novo melhor! F=1211.0000 (f1=1211.00, f2=2.00, P_cap=0.00) (k=1)
[GVNS-Pe(eps=2.00)] Iter 0: Novo melhor! F=1188.0000 (f1=1188.00, f2=2.00, P_cap=0.00) (k=1)
[GVNS-Pe(eps=2.00)] Iter 0: Novo melhor! F=1123.0000 (f1=1123.00, f2=2.00, P_cap=0.00) (k=3)
[GVNS-Pe(eps=2.00)] Iter 1: Novo melhor! F=1088.0000 (f1=1088.00, f2=2.00, P_cap=0.00) (k=4)
[GVNS-Pe(eps=2.00)] Iter 1: Novo melhor! F=1060.0000 (f1=1060.00, f2=1.00, P_cap=0.00) (k=5)
[GVNS-Pe(eps=2.00)] Iter 7: Novo melhor! F=1031.0000 (f1=1031.00, f2=2.00, P_cap=0.00) (k=3)
[GVNS-Pe(eps=2.00)] Iter 14: Novo melhor! F=1005.0000 (f1=1005.00, f2=1.00, P_cap=0.00) (k=5)
[GVNS-Pe(eps=2.00)] Iter 76: Novo melhor! F=980.0000 (f1=980.00, f2=2.00, P_cap=0.00) (k=2)
[GVNS-Pe(eps=2.00)] Fim. Melhor F=980.0000 (f1=980.00, f2=2.00, P_cap=0.00)

[GVNS-Pe(eps=4.00)] Solução inicial: F=909773.0000 (f1=973.00, f2=38.00, P_cap=568800.00)
[GVNS-Pe(eps=4.00)] Iter 0: Novo melhor! F=7231.0000 (f1=1231.00, f2=4.00, P_cap=6000.00) (k=1)
[GVNS-Pe(eps=4.00)] Iter 0: Novo melhor! F=1157.0000 (f1=1157.00, f2=4.00, P_cap=0.00) (k=1)
[GVNS-Pe(eps=4.00)] Iter 0: Novo melhor! F=1152.0000 (f1=1152.00, f2=4.00, P_cap=0.00) (k=2)
[GVNS-Pe(eps=4.00)] Iter 0: Novo melhor! F=1093.0000 (f1=1093.00, f2=4.00, P_cap=0.00) (k=1)
[GVNS-Pe(eps=4.00)] Iter 0: Novo melhor! F=1069.0000 (f1=1069.00, f2=4.00, P_cap=0.00) (k=3)
[GVNS-Pe(eps=4.00)] Iter 0: Novo melhor! F=1052.0000 (f1=1052.00, f2=1.00, P_cap=0.00) (k=3)
[GVNS-Pe(eps=4.00)] Iter 0: Novo melhor! F=983.0000 (f1=983.00, f2=3.00, P_cap=0.00) (k=1)
[GVNS-Pe(eps=4.00)] Iter 14: Novo melhor! F=976.0000 (f1=976.00, f2=3.00, P_cap=0.00) (k=1)
[GVNS-Pe(eps=4.00)] Iter 18: Novo melhor! F=956.0000 (f1=956.00, f2=4.00, P_cap=0.00) (k=2)
[GVNS-Pe(eps=4.00)] Iter 33: Novo melhor! F=949.0000 (f1=949.00, f2=4.00, P_cap=0.00) (k=2)
[GVNS-Pe(eps=4.00)] Iter 102: Novo melhor! F=945.0000 (f1=945.00, f2=3.00, P_cap=0.00) (k=5)
[GVNS-Pe(eps=4.00)] Iter 113: Novo melhor! F=933.0000 (f1=933.00, f2=2.00, P_cap=0.00) (k=2)
[GVNS-Pe(eps=4.00)] Fim. Melhor F=933.0000 (f1=933.00, f2=2.00, P_cap=0.00)

[GVNS-Pe(eps=6.00)] Solução inicial: F=1601338.0000 (f1=938.00, f2=68.00, P_cap=980400.00)
[GVNS-Pe(eps=6.00)] Iter 0: Novo melhor! F=1020.0000 (f1=1020.00, f2=6.00, P_cap=0.00) (k=1)
[GVNS-Pe(eps=6.00)] Iter 1: Novo melhor! F=1008.0000 (f1=1008.00, f2=6.00, P_cap=0.00) (k=1)
[GVNS-Pe(eps=6.00)] Iter 1: Novo melhor! F=1003.0000 (f1=1003.00, f2=6.00, P_cap=0.00) (k=1)
[GVNS-Pe(eps=6.00)] Iter 1: Novo melhor! F=962.0000 (f1=962.00, f2=5.00, P_cap=0.00) (k=4)
[GVNS-Pe(eps=6.00)] Iter 3: Novo melhor! F=958.0000 (f1=958.00, f2=3.00, P_cap=0.00) (k=1)
[GVNS-Pe(eps=6.00)] Iter 4: Novo melhor! F=944.0000 (f1=944.00, f2=6.00, P_cap=0.00) (k=1)
[GVNS-Pe(eps=6.00)] Iter 16: Novo melhor! F=938.0000 (f1=938.00, f2=6.00, P_cap=0.00) (k=2)
[GVNS-Pe(eps=6.00)] Iter 17: Novo melhor! F=930.0000 (f1=930.00, f2=6.00, P_cap=0.00) (k=4)
[GVNS-Pe(eps=6.00)] Iter 47: Novo melhor! F=929.0000 (f1=929.00, f2=6.00, P_cap=0.00) (k=2)
[GVNS-Pe(eps=6.00)] Iter 52: Novo melhor! F=927.0000 (f1=927.00, f2=5.00, P_cap=0.00) (k=1)
[GVNS-Pe(eps=6.00)] Iter 60: Novo melhor! F=923.0000 (f1=923.00, f2=5.00, P_cap=0.00) (k=4)
[GVNS-Pe(eps=6.00)] Iter 73: Novo melhor! F=917.0000 (f1=917.00, f2=6.00, P_cap=0.00) (k=1)
[GVNS-Pe(eps=6.00)] Fim. Melhor F=917.0000 (f1=917.00, f2=6.00, P_cap=0.00)

[GVNS-Pe(eps=8.00)] Solução inicial: F=1593260.0000 (f1=860.00, f2=59.00, P_cap=1082400.00)
[GVNS-Pe(eps=8.00)] Iter 0: Novo melhor! F=1041.0000 (f1=1041.00, f2=7.00, P_cap=0.00) (k=1)
[GVNS-Pe(eps=8.00)] Iter 0: Novo melhor! F=1031.0000 (f1=1031.00, f2=8.00, P_cap=0.00) (k=1)
[GVNS-Pe(eps=8.00)] Iter 0: Novo melhor! F=945.0000 (f1=945.00, f2=4.00, P_cap=0.00) (k=2)
[GVNS-Pe(eps=8.00)] Iter 5: Novo melhor! F=931.0000 (f1=931.00, f2=5.00, P_cap=0.00) (k=1)
[GVNS-Pe(eps=8.00)] Iter 13: Novo melhor! F=923.0000 (f1=923.00, f2=7.00, P_cap=0.00) (k=1)
[GVNS-Pe(eps=8.00)] Iter 30: Novo melhor! F=913.0000 (f1=913.00, f2=8.00, P_cap=0.00) (k=4)
[GVNS-Pe(eps=8.00)] Iter 31: Novo melhor! F=908.0000 (f1=908.00, f2=7.00, P_cap=0.00) (k=2)
[GVNS-Pe(eps=8.00)] Iter 85: Novo melhor! F=905.0000 (f1=905.00, f2=7.00, P_cap=0.00) (k=2)
[GVNS-Pe(eps=8.00)] Iter 101: Novo melhor! F=902.0000 (f1=902.00, f2=8.00, P_cap=0.00) (k=5)
[GVNS-Pe(eps=8.00)] Fim. Melhor F=902.0000 (f1=902.00, f2=8.00, P_cap=0.00)

[GVNS-Pe(eps=10.00)] Solução inicial: F=642482.0000 (f1=882.00, f2=37.00, P_cap=371600.00)
[GVNS-Pe(eps=10.00)] Iter 0: Novo melhor! F=962.0000 (f1=962.00, f2=8.00, P_cap=0.00) (k=1)
[GVNS-Pe(eps=10.00)] Iter 2: Novo melhor! F=961.0000 (f1=961.00, f2=9.00, P_cap=0.00) (k=3)
[GVNS-Pe(eps=10.00)] Iter 3: Novo melhor! F=949.0000 (f1=949.00, f2=9.00, P_cap=0.00) (k=1)
[GVNS-Pe(eps=10.00)] Iter 3: Novo melhor! F=931.0000 (f1=931.00, f2=10.00, P_cap=0.00) (k=2)
[GVNS-Pe(eps=10.00)] Iter 8: Novo melhor! F=918.0000 (f1=918.00, f2=10.00, P_cap=0.00) (k=3)
[GVNS-Pe(eps=10.00)] Iter 8: Novo melhor! F=911.0000 (f1=911.00, f2=10.00, P_cap=0.00) (k=2)
[GVNS-Pe(eps=10.00)] Iter 8: Novo melhor! F=908.0000 (f1=908.00, f2=8.00, P_cap=0.00) (k=1)
[GVNS-Pe(eps=10.00)] Iter 31: Novo melhor! F=905.0000 (f1=905.00, f2=10.00, P_cap=0.00) (k=4)
[GVNS-Pe(eps=10.00)] Iter 122: Novo melhor! F=904.0000 (f1=904.00, f2=9.00, P_cap=0.00) (k=2)
[GVNS-Pe(eps=10.00)] Iter 150: Novo melhor! F=902.0000 (f1=902.00, f2=8.00, P_cap=0.00) (k=4)
[GVNS-Pe(eps=10.00)] Fim. Melhor F=902.0000 (f1=902.00, f2=8.00, P_cap=0.00)

[GVNS-Pe(eps=12.00)] Solução inicial: F=1413274.0000 (f1=874.00, f2=46.00, P_cap=1072400.00)
[GVNS-Pe(eps=12.00)] Iter 0: Novo melhor! F=946.0000 (f1=946.00, f2=12.00, P_cap=0.00) (k=1)
[GVNS-Pe(eps=12.00)] Iter 0: Novo melhor! F=941.0000 (f1=941.00, f2=12.00, P_cap=0.00) (k=1)
[GVNS-Pe(eps=12.00)] Iter 1: Novo melhor! F=932.0000 (f1=932.00, f2=12.00, P_cap=0.00) (k=2)
[GVNS-Pe(eps=12.00)] Iter 1: Novo melhor! F=924.0000 (f1=924.00, f2=12.00, P_cap=0.00) (k=1)
[GVNS-Pe(eps=12.00)] Iter 1: Novo melhor! F=903.0000 (f1=903.00, f2=12.00, P_cap=0.00) (k=3)
[GVNS-Pe(eps=12.00)] Iter 11: Novo melhor! F=901.0000 (f1=901.00, f2=11.00, P_cap=0.00) (k=3)
[GVNS-Pe(eps=12.00)] Iter 35: Novo melhor! F=900.0000 (f1=900.00, f2=12.00, P_cap=0.00) (k=2)
[GVNS-Pe(eps=12.00)] Fim. Melhor F=900.0000 (f1=900.00, f2=12.00, P_cap=0.00)

[GVNS-Pe(eps=14.00)] Solução inicial: F=1498507.0000 (f1=907.00, f2=62.00, P_cap=1017600.00)
[GVNS-Pe(eps=14.00)] Iter 0: Novo melhor! F=960.0000 (f1=960.00, f2=14.00, P_cap=0.00) (k=1)
[GVNS-Pe(eps=14.00)] Iter 0: Novo melhor! F=952.0000 (f1=952.00, f2=12.00, P_cap=0.00) (k=1)
[GVNS-Pe(eps=14.00)] Iter 0: Novo melhor! F=946.0000 (f1=946.00, f2=12.00, P_cap=0.00) (k=4)
[GVNS-Pe(eps=14.00)] Iter 0: Novo melhor! F=944.0000 (f1=944.00, f2=14.00, P_cap=0.00) (k=3)
[GVNS-Pe(eps=14.00)] Iter 0: Novo melhor! F=920.0000 (f1=920.00, f2=14.00, P_cap=0.00) (k=1)
[GVNS-Pe(eps=14.00)] Iter 7: Novo melhor! F=916.0000 (f1=916.00, f2=8.00, P_cap=0.00) (k=5)
[GVNS-Pe(eps=14.00)] Iter 7: Novo melhor! F=909.0000 (f1=909.00, f2=14.00, P_cap=0.00) (k=1)
[GVNS-Pe(eps=14.00)] Iter 87: Novo melhor! F=903.0000 (f1=903.00, f2=12.00, P_cap=0.00) (k=5)
[GVNS-Pe(eps=14.00)] Iter 99: Novo melhor! F=902.0000 (f1=902.00, f2=8.00, P_cap=0.00) (k=4)
[GVNS-Pe(eps=14.00)] Iter 101: Novo melhor! F=895.0000 (f1=895.00, f2=14.00, P_cap=0.00) (k=3)
[GVNS-Pe(eps=14.00)] Fim. Melhor F=895.0000 (f1=895.00, f2=14.00, P_cap=0.00)

[GVNS-Pe(eps=16.00)] Solução inicial: F=633739.0000 (f1=939.00, f2=18.00, P_cap=612800.00)
[GVNS-Pe(eps=16.00)] Iter 0: Novo melhor! F=906.0000 (f1=906.00, f2=13.00, P_cap=0.00) (k=1)
[GVNS-Pe(eps=16.00)] Iter 0: Novo melhor! F=905.0000 (f1=905.00, f2=10.00, P_cap=0.00) (k=1)
[GVNS-Pe(eps=16.00)] Iter 3: Novo melhor! F=900.0000 (f1=900.00, f2=12.00, P_cap=0.00) (k=5)
[GVNS-Pe(eps=16.00)] Iter 9: Novo melhor! F=898.0000 (f1=898.00, f2=16.00, P_cap=0.00) (k=2)
[GVNS-Pe(eps=16.00)] Fim. Melhor F=898.0000 (f1=898.00, f2=16.00, P_cap=0.00)

[GVNS-Pe(eps=18.00)] Solução inicial: F=749734.0000 (f1=934.00, f2=19.00, P_cap=738800.00)
[GVNS-Pe(eps=18.00)] Iter 0: Novo melhor! F=944.0000 (f1=944.00, f2=17.00, P_cap=0.00) (k=1)
[GVNS-Pe(eps=18.00)] Iter 0: Novo melhor! F=906.0000 (f1=906.00, f2=15.00, P_cap=0.00) (k=2)
[GVNS-Pe(eps=18.00)] Iter 1: Novo melhor! F=904.0000 (f1=904.00, f2=14.00, P_cap=0.00) (k=2)
[GVNS-Pe(eps=18.00)] Iter 7: Novo melhor! F=903.0000 (f1=903.00, f2=17.00, P_cap=0.00) (k=1)
[GVNS-Pe(eps=18.00)] Iter 33: Novo melhor! F=902.0000 (f1=902.00, f2=17.00, P_cap=0.00) (k=1)
[GVNS-Pe(eps=18.00)] Iter 94: Novo melhor! F=900.0000 (f1=900.00, f2=17.00, P_cap=0.00) (k=2)
[GVNS-Pe(eps=18.00)] Iter 96: Novo melhor! F=888.0000 (f1=888.00, f2=17.00, P_cap=0.00) (k=3)
[GVNS-Pe(eps=18.00)] Fim. Melhor F=888.0000 (f1=888.00, f2=17.00, P_cap=0.00)

===== [Pε] Execução 2 / 5 =====

[GVNS-Pe(eps=0.00)] Solução inicial: F=968525.0000 (f1=925.00, f2=43.00, P_cap=537600.00)
[GVNS-Pe(eps=0.00)] Iter 0: Novo melhor! F=37170.0000 (f1=1170.00, f2=1.00, P_cap=26000.00) (k=1)
[GVNS-Pe(eps=0.00)] Iter 0: Novo melhor! F=27214.0000 (f1=1214.00, f2=2.00, P_cap=6000.00) (k=1)
[GVNS-Pe(eps=0.00)] Iter 0: Novo melhor! F=17235.0000 (f1=1235.00, f2=1.00, P_cap=6000.00) (k=3)
[GVNS-Pe(eps=0.00)] Iter 0: Novo melhor! F=17227.0000 (f1=1227.00, f2=1.00, P_cap=6000.00) (k=3)
[GVNS-Pe(eps=0.00)] Iter 0: Novo melhor! F=17162.0000 (f1=1162.00, f2=1.00, P_cap=6000.00) (k=3)
[GVNS-Pe(eps=0.00)] Iter 0: Novo melhor! F=7195.0000 (f1=1195.00, f2=0.00, P_cap=6000.00) (k=1)
[GVNS-Pe(eps=0.00)] Iter 4: Novo melhor! F=7094.0000 (f1=1094.00, f2=0.00, P_cap=6000.00) (k=2)
[GVNS-Pe(eps=0.00)] Iter 12: Novo melhor! F=1168.0000 (f1=1168.00, f2=0.00, P_cap=0.00) (k=1)
[GVNS-Pe(eps=0.00)] Iter 13: Novo melhor! F=1119.0000 (f1=1119.00, f2=0.00, P_cap=0.00) (k=1)
[GVNS-Pe(eps=0.00)] Fim. Melhor F=1119.0000 (f1=1119.00, f2=0.00, P_cap=0.00)

[GVNS-Pe(eps=2.00)] Solução inicial: F=903326.0000 (f1=926.00, f2=44.00, P_cap=482400.00)
[GVNS-Pe(eps=2.00)] Iter 0: Novo melhor! F=1178.0000 (f1=1178.00, f2=2.00, P_cap=0.00) (k=1)
[GVNS-Pe(eps=2.00)] Iter 0: Novo melhor! F=1170.0000 (f1=1170.00, f2=2.00, P_cap=0.00) (k=2)
[GVNS-Pe(eps=2.00)] Iter 0: Novo melhor! F=1131.0000 (f1=1131.00, f2=2.00, P_cap=0.00) (k=5)
[GVNS-Pe(eps=2.00)] Iter 3: Novo melhor! F=1094.0000 (f1=1094.00, f2=1.00, P_cap=0.00) (k=4)
[GVNS-Pe(eps=2.00)] Iter 8: Novo melhor! F=1048.0000 (f1=1048.00, f2=2.00, P_cap=0.00) (k=4)
[GVNS-Pe(eps=2.00)] Iter 13: Novo melhor! F=1047.0000 (f1=1047.00, f2=2.00, P_cap=0.00) (k=4)
[GVNS-Pe(eps=2.00)] Iter 33: Novo melhor! F=1025.0000 (f1=1025.00, f2=2.00, P_cap=0.00) (k=3)
[GVNS-Pe(eps=2.00)] Iter 70: Novo melhor! F=1014.0000 (f1=1014.00, f2=2.00, P_cap=0.00) (k=3)
[GVNS-Pe(eps=2.00)] Iter 160: Novo melhor! F=1006.0000 (f1=1006.00, f2=2.00, P_cap=0.00) (k=1)
[GVNS-Pe(eps=2.00)] Fim. Melhor F=1006.0000 (f1=1006.00, f2=2.00, P_cap=0.00)

[GVNS-Pe(eps=4.00)] Solução inicial: F=777702.0000 (f1=902.00, f2=34.00, P_cap=476800.00)
[GVNS-Pe(eps=4.00)] Iter 0: Novo melhor! F=1061.0000 (f1=1061.00, f2=4.00, P_cap=0.00) (k=1)
[GVNS-Pe(eps=4.00)] Iter 0: Novo melhor! F=1021.0000 (f1=1021.00, f2=3.00, P_cap=0.00) (k=1)
[GVNS-Pe(eps=4.00)] Iter 3: Novo melhor! F=1004.0000 (f1=1004.00, f2=4.00, P_cap=0.00) (k=1)
[GVNS-Pe(eps=4.00)] Iter 4: Novo melhor! F=991.0000 (f1=991.00, f2=3.00, P_cap=0.00) (k=1)
[GVNS-Pe(eps=4.00)] Iter 9: Novo melhor! F=987.0000 (f1=987.00, f2=4.00, P_cap=0.00) (k=2)
[GVNS-Pe(eps=4.00)] Iter 13: Novo melhor! F=985.0000 (f1=985.00, f2=4.00, P_cap=0.00) (k=2)
[GVNS-Pe(eps=4.00)] Iter 18: Novo melhor! F=971.0000 (f1=971.00, f2=4.00, P_cap=0.00) (k=4)
[GVNS-Pe(eps=4.00)] Iter 22: Novo melhor! F=970.0000 (f1=970.00, f2=4.00, P_cap=0.00) (k=2)
[GVNS-Pe(eps=4.00)] Iter 23: Novo melhor! F=961.0000 (f1=961.00, f2=4.00, P_cap=0.00) (k=2)
[GVNS-Pe(eps=4.00)] Iter 23: Novo melhor! F=944.0000 (f1=944.00, f2=4.00, P_cap=0.00) (k=5)
[GVNS-Pe(eps=4.00)] Iter 67: Novo melhor! F=932.0000 (f1=932.00, f2=4.00, P_cap=0.00) (k=1)
[GVNS-Pe(eps=4.00)] Iter 105: Novo melhor! F=931.0000 (f1=931.00, f2=4.00, P_cap=0.00) (k=4)
[GVNS-Pe(eps=4.00)] Fim. Melhor F=931.0000 (f1=931.00, f2=4.00, P_cap=0.00)

[GVNS-Pe(eps=6.00)] Solução inicial: F=1603291.0000 (f1=891.00, f2=64.00, P_cap=1022400.00)
[GVNS-Pe(eps=6.00)] Iter 0: Novo melhor! F=979.0000 (f1=979.00, f2=6.00, P_cap=0.00) (k=1)
[GVNS-Pe(eps=6.00)] Iter 0: Novo melhor! F=964.0000 (f1=964.00, f2=5.00, P_cap=0.00) (k=2)
[GVNS-Pe(eps=6.00)] Iter 2: Novo melhor! F=952.0000 (f1=952.00, f2=5.00, P_cap=0.00) (k=2)
[GVNS-Pe(eps=6.00)] Iter 2: Novo melhor! F=948.0000 (f1=948.00, f2=4.00, P_cap=0.00) (k=2)
[GVNS-Pe(eps=6.00)] Iter 9: Novo melhor! F=946.0000 (f1=946.00, f2=5.00, P_cap=0.00) (k=4)
[GVNS-Pe(eps=6.00)] Iter 12: Novo melhor! F=930.0000 (f1=930.00, f2=6.00, P_cap=0.00) (k=2)
[GVNS-Pe(eps=6.00)] Iter 12: Novo melhor! F=919.0000 (f1=919.00, f2=3.00, P_cap=0.00) (k=2)
[GVNS-Pe(eps=6.00)] Fim. Melhor F=919.0000 (f1=919.00, f2=3.00, P_cap=0.00)

[GVNS-Pe(eps=8.00)] Solução inicial: F=894923.0000 (f1=923.00, f2=36.00, P_cap=614000.00)
[GVNS-Pe(eps=8.00)] Iter 0: Novo melhor! F=972.0000 (f1=972.00, f2=8.00, P_cap=0.00) (k=1)
[GVNS-Pe(eps=8.00)] Iter 0: Novo melhor! F=938.0000 (f1=938.00, f2=8.00, P_cap=0.00) (k=1)
[GVNS-Pe(eps=8.00)] Iter 2: Novo melhor! F=931.0000 (f1=931.00, f2=4.00, P_cap=0.00) (k=2)
[GVNS-Pe(eps=8.00)] Iter 2: Novo melhor! F=920.0000 (f1=920.00, f2=4.00, P_cap=0.00) (k=2)
[GVNS-Pe(eps=8.00)] Iter 100: Novo melhor! F=905.0000 (f1=905.00, f2=8.00, P_cap=0.00) (k=3)
[GVNS-Pe(eps=8.00)] Iter 132: Novo melhor! F=902.0000 (f1=902.00, f2=8.00, P_cap=0.00) (k=2)
[GVNS-Pe(eps=8.00)] Fim. Melhor F=902.0000 (f1=902.00, f2=8.00, P_cap=0.00)

[GVNS-Pe(eps=10.00)] Solução inicial: F=803702.0000 (f1=902.00, f2=37.00, P_cap=532800.00)
[GVNS-Pe(eps=10.00)] Iter 0: Novo melhor! F=931.0000 (f1=931.00, f2=7.00, P_cap=0.00) (k=1)
[GVNS-Pe(eps=10.00)] Iter 1: Novo melhor! F=912.0000 (f1=912.00, f2=9.00, P_cap=0.00) (k=4)
[GVNS-Pe(eps=10.00)] Iter 4: Novo melhor! F=909.0000 (f1=909.00, f2=8.00, P_cap=0.00) (k=1)
[GVNS-Pe(eps=10.00)] Iter 8: Novo melhor! F=902.0000 (f1=902.00, f2=8.00, P_cap=0.00) (k=1)
[GVNS-Pe(eps=10.00)] Fim. Melhor F=902.0000 (f1=902.00, f2=8.00, P_cap=0.00)

[GVNS-Pe(eps=12.00)] Solução inicial: F=1203793.0000 (f1=993.00, f2=64.00, P_cap=682800.00)
[GVNS-Pe(eps=12.00)] Iter 0: Novo melhor! F=944.0000 (f1=944.00, f2=11.00, P_cap=0.00) (k=1)
[GVNS-Pe(eps=12.00)] Iter 0: Novo melhor! F=909.0000 (f1=909.00, f2=9.00, P_cap=0.00) (k=2)
[GVNS-Pe(eps=12.00)] Iter 18: Novo melhor! F=902.0000 (f1=902.00, f2=11.00, P_cap=0.00) (k=2)
[GVNS-Pe(eps=12.00)] Iter 50: Novo melhor! F=901.0000 (f1=901.00, f2=11.00, P_cap=0.00) (k=2)
[GVNS-Pe(eps=12.00)] Fim. Melhor F=901.0000 (f1=901.00, f2=11.00, P_cap=0.00)

[GVNS-Pe(eps=14.00)] Solução inicial: F=628873.0000 (f1=873.00, f2=31.00, P_cap=458000.00)
[GVNS-Pe(eps=14.00)] Iter 0: Novo melhor! F=987.0000 (f1=987.00, f2=13.00, P_cap=0.00) (k=1)
[GVNS-Pe(eps=14.00)] Iter 0: Novo melhor! F=936.0000 (f1=936.00, f2=12.00, P_cap=0.00) (k=1)
[GVNS-Pe(eps=14.00)] Iter 0: Novo melhor! F=929.0000 (f1=929.00, f2=14.00, P_cap=0.00) (k=3)
[GVNS-Pe(eps=14.00)] Iter 0: Novo melhor! F=925.0000 (f1=925.00, f2=14.00, P_cap=0.00) (k=1)
[GVNS-Pe(eps=14.00)] Iter 1: Novo melhor! F=919.0000 (f1=919.00, f2=12.00, P_cap=0.00) (k=4)
[GVNS-Pe(eps=14.00)] Iter 7: Novo melhor! F=910.0000 (f1=910.00, f2=13.00, P_cap=0.00) (k=1)
[GVNS-Pe(eps=14.00)] Iter 12: Novo melhor! F=902.0000 (f1=902.00, f2=12.00, P_cap=0.00) (k=1)
[GVNS-Pe(eps=14.00)] Iter 18: Novo melhor! F=900.0000 (f1=900.00, f2=13.00, P_cap=0.00) (k=5)
[GVNS-Pe(eps=14.00)] Fim. Melhor F=900.0000 (f1=900.00, f2=13.00, P_cap=0.00)

[GVNS-Pe(eps=16.00)] Solução inicial: F=1199264.0000 (f1=864.00, f2=30.00, P_cap=1058400.00)
[GVNS-Pe(eps=16.00)] Iter 0: Novo melhor! F=1037.0000 (f1=1037.00, f2=15.00, P_cap=0.00) (k=1)
[GVNS-Pe(eps=16.00)] Iter 0: Novo melhor! F=966.0000 (f1=966.00, f2=16.00, P_cap=0.00) (k=1)
[GVNS-Pe(eps=16.00)] Iter 0: Novo melhor! F=935.0000 (f1=935.00, f2=14.00, P_cap=0.00) (k=1)
[GVNS-Pe(eps=16.00)] Iter 0: Novo melhor! F=932.0000 (f1=932.00, f2=12.00, P_cap=0.00) (k=2)
[GVNS-Pe(eps=16.00)] Iter 0: Novo melhor! F=928.0000 (f1=928.00, f2=9.00, P_cap=0.00) (k=1)
[GVNS-Pe(eps=16.00)] Iter 1: Novo melhor! F=924.0000 (f1=924.00, f2=12.00, P_cap=0.00) (k=1)
[GVNS-Pe(eps=16.00)] Iter 1: Novo melhor! F=918.0000 (f1=918.00, f2=9.00, P_cap=0.00) (k=1)
[GVNS-Pe(eps=16.00)] Iter 3: Novo melhor! F=916.0000 (f1=916.00, f2=16.00, P_cap=0.00) (k=1)
[GVNS-Pe(eps=16.00)] Iter 4: Novo melhor! F=914.0000 (f1=914.00, f2=16.00, P_cap=0.00) (k=2)
[GVNS-Pe(eps=16.00)] Iter 11: Novo melhor! F=912.0000 (f1=912.00, f2=10.00, P_cap=0.00) (k=4)
[GVNS-Pe(eps=16.00)] Iter 11: Novo melhor! F=902.0000 (f1=902.00, f2=12.00, P_cap=0.00) (k=3)
[GVNS-Pe(eps=16.00)] Iter 11: Novo melhor! F=896.0000 (f1=896.00, f2=16.00, P_cap=0.00) (k=4)
[GVNS-Pe(eps=16.00)] Fim. Melhor F=896.0000 (f1=896.00, f2=16.00, P_cap=0.00)

[GVNS-Pe(eps=18.00)] Solução inicial: F=1409312.0000 (f1=912.00, f2=61.00, P_cap=978400.00)
[GVNS-Pe(eps=18.00)] Iter 0: Novo melhor! F=919.0000 (f1=919.00, f2=17.00, P_cap=0.00) (k=1)
[GVNS-Pe(eps=18.00)] Iter 0: Novo melhor! F=916.0000 (f1=916.00, f2=18.00, P_cap=0.00) (k=2)
[GVNS-Pe(eps=18.00)] Iter 0: Novo melhor! F=905.0000 (f1=905.00, f2=17.00, P_cap=0.00) (k=2)
[GVNS-Pe(eps=18.00)] Iter 1: Novo melhor! F=902.0000 (f1=902.00, f2=11.00, P_cap=0.00) (k=2)
[GVNS-Pe(eps=18.00)] Iter 1: Novo melhor! F=900.0000 (f1=900.00, f2=18.00, P_cap=0.00) (k=4)
[GVNS-Pe(eps=18.00)] Iter 7: Novo melhor! F=888.0000 (f1=888.00, f2=17.00, P_cap=0.00) (k=1)
[GVNS-Pe(eps=18.00)] Fim. Melhor F=888.0000 (f1=888.00, f2=17.00, P_cap=0.00)

===== [Pε] Execução 3 / 5 =====

[GVNS-Pe(eps=0.00)] Solução inicial: F=1079722.0000 (f1=922.00, f2=39.00, P_cap=688800.00)
[GVNS-Pe(eps=0.00)] Iter 0: Novo melhor! F=27215.0000 (f1=1215.00, f2=1.00, P_cap=16000.00) (k=1)
[GVNS-Pe(eps=0.00)] Iter 0: Novo melhor! F=7239.0000 (f1=1239.00, f2=0.00, P_cap=6000.00) (k=5)
[GVNS-Pe(eps=0.00)] Iter 0: Novo melhor! F=1269.0000 (f1=1269.00, f2=0.00, P_cap=0.00) (k=1)
[GVNS-Pe(eps=0.00)] Iter 1: Novo melhor! F=1227.0000 (f1=1227.00, f2=0.00, P_cap=0.00) (k=4)
[GVNS-Pe(eps=0.00)] Iter 1: Novo melhor! F=1193.0000 (f1=1193.00, f2=0.00, P_cap=0.00) (k=4)
[GVNS-Pe(eps=0.00)] Iter 5: Novo melhor! F=1167.0000 (f1=1167.00, f2=0.00, P_cap=0.00) (k=2)
[GVNS-Pe(eps=0.00)] Iter 21: Novo melhor! F=1153.0000 (f1=1153.00, f2=0.00, P_cap=0.00) (k=3)
[GVNS-Pe(eps=0.00)] Iter 28: Novo melhor! F=1148.0000 (f1=1148.00, f2=0.00, P_cap=0.00) (k=5)
[GVNS-Pe(eps=0.00)] Iter 30: Novo melhor! F=1130.0000 (f1=1130.00, f2=0.00, P_cap=0.00) (k=1)
[GVNS-Pe(eps=0.00)] Iter 37: Novo melhor! F=1127.0000 (f1=1127.00, f2=0.00, P_cap=0.00) (k=4)
[GVNS-Pe(eps=0.00)] Iter 81: Novo melhor! F=1119.0000 (f1=1119.00, f2=0.00, P_cap=0.00) (k=3)
[GVNS-Pe(eps=0.00)] Iter 130: Novo melhor! F=1093.0000 (f1=1093.00, f2=0.00, P_cap=0.00) (k=2)
[GVNS-Pe(eps=0.00)] Fim. Melhor F=1093.0000 (f1=1093.00, f2=0.00, P_cap=0.00)

[GVNS-Pe(eps=2.00)] Solução inicial: F=1129701.0000 (f1=901.00, f2=32.00, P_cap=828800.00)
[GVNS-Pe(eps=2.00)] Iter 0: Novo melhor! F=7137.0000 (f1=1137.00, f2=2.00, P_cap=6000.00) (k=1)
[GVNS-Pe(eps=2.00)] Iter 0: Novo melhor! F=1263.0000 (f1=1263.00, f2=2.00, P_cap=0.00) (k=4)
[GVNS-Pe(eps=2.00)] Iter 1: Novo melhor! F=1217.0000 (f1=1217.00, f2=2.00, P_cap=0.00) (k=4)
[GVNS-Pe(eps=2.00)] Iter 1: Novo melhor! F=1204.0000 (f1=1204.00, f2=2.00, P_cap=0.00) (k=2)
[GVNS-Pe(eps=2.00)] Iter 1: Novo melhor! F=1147.0000 (f1=1147.00, f2=2.00, P_cap=0.00) (k=1)
[GVNS-Pe(eps=2.00)] Iter 2: Novo melhor! F=1125.0000 (f1=1125.00, f2=2.00, P_cap=0.00) (k=2)
[GVNS-Pe(eps=2.00)] Iter 3: Novo melhor! F=1103.0000 (f1=1103.00, f2=1.00, P_cap=0.00) (k=4)
[GVNS-Pe(eps=2.00)] Iter 3: Novo melhor! F=1102.0000 (f1=1102.00, f2=2.00, P_cap=0.00) (k=1)
[GVNS-Pe(eps=2.00)] Iter 7: Novo melhor! F=1093.0000 (f1=1093.00, f2=1.00, P_cap=0.00) (k=5)
[GVNS-Pe(eps=2.00)] Iter 8: Novo melhor! F=1072.0000 (f1=1072.00, f2=2.00, P_cap=0.00) (k=2)
[GVNS-Pe(eps=2.00)] Iter 9: Novo melhor! F=1055.0000 (f1=1055.00, f2=2.00, P_cap=0.00) (k=2)
[GVNS-Pe(eps=2.00)] Iter 9: Novo melhor! F=1044.0000 (f1=1044.00, f2=2.00, P_cap=0.00) (k=3)
[GVNS-Pe(eps=2.00)] Iter 14: Novo melhor! F=1031.0000 (f1=1031.00, f2=2.00, P_cap=0.00) (k=1)
[GVNS-Pe(eps=2.00)] Iter 23: Novo melhor! F=1008.0000 (f1=1008.00, f2=2.00, P_cap=0.00) (k=5)
[GVNS-Pe(eps=2.00)] Iter 48: Novo melhor! F=999.0000 (f1=999.00, f2=2.00, P_cap=0.00) (k=4)
[GVNS-Pe(eps=2.00)] Iter 49: Novo melhor! F=992.0000 (f1=992.00, f2=2.00, P_cap=0.00) (k=4)
[GVNS-Pe(eps=2.00)] Iter 86: Novo melhor! F=987.0000 (f1=987.00, f2=2.00, P_cap=0.00) (k=5)
[GVNS-Pe(eps=2.00)] Iter 88: Novo melhor! F=970.0000 (f1=970.00, f2=2.00, P_cap=0.00) (k=4)
[GVNS-Pe(eps=2.00)] Fim. Melhor F=970.0000 (f1=970.00, f2=2.00, P_cap=0.00)

[GVNS-Pe(eps=4.00)] Solução inicial: F=1183321.0000 (f1=921.00, f2=36.00, P_cap=862400.00)
[GVNS-Pe(eps=4.00)] Iter 0: Novo melhor! F=7169.0000 (f1=1169.00, f2=4.00, P_cap=6000.00) (k=1)
[GVNS-Pe(eps=4.00)] Iter 0: Novo melhor! F=1117.0000 (f1=1117.00, f2=4.00, P_cap=0.00) (k=1)
[GVNS-Pe(eps=4.00)] Iter 0: Novo melhor! F=1062.0000 (f1=1062.00, f2=4.00, P_cap=0.00) (k=1)
[GVNS-Pe(eps=4.00)] Iter 1: Novo melhor! F=1018.0000 (f1=1018.00, f2=1.00, P_cap=0.00) (k=5)
[GVNS-Pe(eps=4.00)] Iter 4: Novo melhor! F=983.0000 (f1=983.00, f2=4.00, P_cap=0.00) (k=2)
[GVNS-Pe(eps=4.00)] Iter 10: Novo melhor! F=973.0000 (f1=973.00, f2=4.00, P_cap=0.00) (k=3)
[GVNS-Pe(eps=4.00)] Iter 10: Novo melhor! F=961.0000 (f1=961.00, f2=4.00, P_cap=0.00) (k=1)
[GVNS-Pe(eps=4.00)] Iter 17: Novo melhor! F=960.0000 (f1=960.00, f2=4.00, P_cap=0.00) (k=2)
[GVNS-Pe(eps=4.00)] Iter 23: Novo melhor! F=951.0000 (f1=951.00, f2=3.00, P_cap=0.00) (k=2)
[GVNS-Pe(eps=4.00)] Iter 46: Novo melhor! F=948.0000 (f1=948.00, f2=2.00, P_cap=0.00) (k=2)
[GVNS-Pe(eps=4.00)] Iter 95: Novo melhor! F=935.0000 (f1=935.00, f2=3.00, P_cap=0.00) (k=3)
[GVNS-Pe(eps=4.00)] Fim. Melhor F=935.0000 (f1=935.00, f2=3.00, P_cap=0.00)

[GVNS-Pe(eps=6.00)] Solução inicial: F=1079332.0000 (f1=932.00, f2=22.00, P_cap=918400.00)
[GVNS-Pe(eps=6.00)] Iter 0: Novo melhor! F=1078.0000 (f1=1078.00, f2=6.00, P_cap=0.00) (k=1)
[GVNS-Pe(eps=6.00)] Iter 0: Novo melhor! F=1003.0000 (f1=1003.00, f2=6.00, P_cap=0.00) (k=1)
[GVNS-Pe(eps=6.00)] Iter 0: Novo melhor! F=981.0000 (f1=981.00, f2=4.00, P_cap=0.00) (k=4)
[GVNS-Pe(eps=6.00)] Iter 0: Novo melhor! F=938.0000 (f1=938.00, f2=4.00, P_cap=0.00) (k=1)
[GVNS-Pe(eps=6.00)] Iter 5: Novo melhor! F=936.0000 (f1=936.00, f2=6.00, P_cap=0.00) (k=1)
[GVNS-Pe(eps=6.00)] Iter 13: Novo melhor! F=932.0000 (f1=932.00, f2=6.00, P_cap=0.00) (k=2)
[GVNS-Pe(eps=6.00)] Iter 18: Novo melhor! F=923.0000 (f1=923.00, f2=6.00, P_cap=0.00) (k=3)
[GVNS-Pe(eps=6.00)] Fim. Melhor F=923.0000 (f1=923.00, f2=6.00, P_cap=0.00)

[GVNS-Pe(eps=8.00)] Solução inicial: F=1049338.0000 (f1=938.00, f2=42.00, P_cap=708400.00)
[GVNS-Pe(eps=8.00)] Iter 0: Novo melhor! F=991.0000 (f1=991.00, f2=8.00, P_cap=0.00) (k=1)
[GVNS-Pe(eps=8.00)] Iter 0: Novo melhor! F=967.0000 (f1=967.00, f2=7.00, P_cap=0.00) (k=3)
[GVNS-Pe(eps=8.00)] Iter 0: Novo melhor! F=957.0000 (f1=957.00, f2=8.00, P_cap=0.00) (k=1)
[GVNS-Pe(eps=8.00)] Iter 0: Novo melhor! F=939.0000 (f1=939.00, f2=8.00, P_cap=0.00) (k=1)
[GVNS-Pe(eps=8.00)] Iter 2: Novo melhor! F=936.0000 (f1=936.00, f2=6.00, P_cap=0.00) (k=2)
[GVNS-Pe(eps=8.00)] Iter 3: Novo melhor! F=916.0000 (f1=916.00, f2=6.00, P_cap=0.00) (k=2)
[GVNS-Pe(eps=8.00)] Iter 19: Novo melhor! F=906.0000 (f1=906.00, f2=8.00, P_cap=0.00) (k=1)
[GVNS-Pe(eps=8.00)] Iter 21: Novo melhor! F=904.0000 (f1=904.00, f2=8.00, P_cap=0.00) (k=5)
[GVNS-Pe(eps=8.00)] Fim. Melhor F=904.0000 (f1=904.00, f2=8.00, P_cap=0.00)

[GVNS-Pe(eps=10.00)] Solução inicial: F=291777.0000 (f1=977.00, f2=29.00, P_cap=100800.00)
[GVNS-Pe(eps=10.00)] Iter 0: Novo melhor! F=952.0000 (f1=952.00, f2=9.00, P_cap=0.00) (k=1)
[GVNS-Pe(eps=10.00)] Iter 2: Novo melhor! F=927.0000 (f1=927.00, f2=10.00, P_cap=0.00) (k=1)
[GVNS-Pe(eps=10.00)] Iter 7: Novo melhor! F=925.0000 (f1=925.00, f2=8.00, P_cap=0.00) (k=2)
[GVNS-Pe(eps=10.00)] Iter 7: Novo melhor! F=918.0000 (f1=918.00, f2=9.00, P_cap=0.00) (k=3)
[GVNS-Pe(eps=10.00)] Iter 9: Novo melhor! F=916.0000 (f1=916.00, f2=8.00, P_cap=0.00) (k=2)
[GVNS-Pe(eps=10.00)] Iter 11: Novo melhor! F=903.0000 (f1=903.00, f2=7.00, P_cap=0.00) (k=2)
[GVNS-Pe(eps=10.00)] Fim. Melhor F=903.0000 (f1=903.00, f2=7.00, P_cap=0.00)

[GVNS-Pe(eps=12.00)] Solução inicial: F=943754.0000 (f1=954.00, f2=46.00, P_cap=602800.00)
[GVNS-Pe(eps=12.00)] Iter 0: Novo melhor! F=983.0000 (f1=983.00, f2=12.00, P_cap=0.00) (k=1)
[GVNS-Pe(eps=12.00)] Iter 0: Novo melhor! F=953.0000 (f1=953.00, f2=8.00, P_cap=0.00) (k=2)
[GVNS-Pe(eps=12.00)] Iter 1: Novo melhor! F=939.0000 (f1=939.00, f2=9.00, P_cap=0.00) (k=5)
[GVNS-Pe(eps=12.00)] Iter 1: Novo melhor! F=926.0000 (f1=926.00, f2=12.00, P_cap=0.00) (k=4)
[GVNS-Pe(eps=12.00)] Iter 1: Novo melhor! F=914.0000 (f1=914.00, f2=12.00, P_cap=0.00) (k=1)
[GVNS-Pe(eps=12.00)] Iter 4: Novo melhor! F=900.0000 (f1=900.00, f2=12.00, P_cap=0.00) (k=2)
[GVNS-Pe(eps=12.00)] Fim. Melhor F=900.0000 (f1=900.00, f2=12.00, P_cap=0.00)

[GVNS-Pe(eps=14.00)] Solução inicial: F=679277.0000 (f1=877.00, f2=20.00, P_cap=618400.00)
[GVNS-Pe(eps=14.00)] Iter 0: Novo melhor! F=922.0000 (f1=922.00, f2=8.00, P_cap=0.00) (k=1)
[GVNS-Pe(eps=14.00)] Iter 0: Novo melhor! F=919.0000 (f1=919.00, f2=14.00, P_cap=0.00) (k=5)
[GVNS-Pe(eps=14.00)] Iter 0: Novo melhor! F=918.0000 (f1=918.00, f2=14.00, P_cap=0.00) (k=2)
[GVNS-Pe(eps=14.00)] Iter 0: Novo melhor! F=911.0000 (f1=911.00, f2=13.00, P_cap=0.00) (k=1)
[GVNS-Pe(eps=14.00)] Iter 2: Novo melhor! F=910.0000 (f1=910.00, f2=13.00, P_cap=0.00) (k=3)
[GVNS-Pe(eps=14.00)] Iter 2: Novo melhor! F=903.0000 (f1=903.00, f2=14.00, P_cap=0.00) (k=3)
[GVNS-Pe(eps=14.00)] Iter 43: Novo melhor! F=902.0000 (f1=902.00, f2=14.00, P_cap=0.00) (k=2)
[GVNS-Pe(eps=14.00)] Iter 47: Novo melhor! F=900.0000 (f1=900.00, f2=12.00, P_cap=0.00) (k=2)
[GVNS-Pe(eps=14.00)] Fim. Melhor F=900.0000 (f1=900.00, f2=12.00, P_cap=0.00)

[GVNS-Pe(eps=16.00)] Solução inicial: F=773320.0000 (f1=920.00, f2=35.00, P_cap=582400.00)
[GVNS-Pe(eps=16.00)] Iter 0: Novo melhor! F=941.0000 (f1=941.00, f2=16.00, P_cap=0.00) (k=1)
[GVNS-Pe(eps=16.00)] Iter 2: Novo melhor! F=936.0000 (f1=936.00, f2=16.00, P_cap=0.00) (k=1)
[GVNS-Pe(eps=16.00)] Iter 2: Novo melhor! F=904.0000 (f1=904.00, f2=12.00, P_cap=0.00) (k=3)
[GVNS-Pe(eps=16.00)] Iter 4: Novo melhor! F=899.0000 (f1=899.00, f2=13.00, P_cap=0.00) (k=1)
[GVNS-Pe(eps=16.00)] Iter 7: Novo melhor! F=896.0000 (f1=896.00, f2=16.00, P_cap=0.00) (k=2)
[GVNS-Pe(eps=16.00)] Fim. Melhor F=896.0000 (f1=896.00, f2=16.00, P_cap=0.00)

[GVNS-Pe(eps=18.00)] Solução inicial: F=917337.0000 (f1=937.00, f2=45.00, P_cap=646400.00)
[GVNS-Pe(eps=18.00)] Iter 0: Novo melhor! F=1002.0000 (f1=1002.00, f2=15.00, P_cap=0.00) (k=1)
[GVNS-Pe(eps=18.00)] Iter 0: Novo melhor! F=951.0000 (f1=951.00, f2=17.00, P_cap=0.00) (k=1)
[GVNS-Pe(eps=18.00)] Iter 0: Novo melhor! F=944.0000 (f1=944.00, f2=15.00, P_cap=0.00) (k=2)
[GVNS-Pe(eps=18.00)] Iter 0: Novo melhor! F=911.0000 (f1=911.00, f2=12.00, P_cap=0.00) (k=2)
[GVNS-Pe(eps=18.00)] Iter 4: Novo melhor! F=900.0000 (f1=900.00, f2=17.00, P_cap=0.00) (k=2)
[GVNS-Pe(eps=18.00)] Iter 8: Novo melhor! F=896.0000 (f1=896.00, f2=16.00, P_cap=0.00) (k=1)
[GVNS-Pe(eps=18.00)] Fim. Melhor F=896.0000 (f1=896.00, f2=16.00, P_cap=0.00)

===== [Pε] Execução 4 / 5 =====

[GVNS-Pe(eps=0.00)] Solução inicial: F=1158924.0000 (f1=924.00, f2=41.00, P_cap=748000.00)
[GVNS-Pe(eps=0.00)] Iter 0: Novo melhor! F=1119.0000 (f1=1119.00, f2=0.00, P_cap=0.00) (k=1)
[GVNS-Pe(eps=0.00)] Iter 1: Novo melhor! F=1109.0000 (f1=1109.00, f2=0.00, P_cap=0.00) (k=1)
[GVNS-Pe(eps=0.00)] Iter 11: Novo melhor! F=1095.0000 (f1=1095.00, f2=0.00, P_cap=0.00) (k=5)
[GVNS-Pe(eps=0.00)] Fim. Melhor F=1095.0000 (f1=1095.00, f2=0.00, P_cap=0.00)

[GVNS-Pe(eps=2.00)] Solução inicial: F=1169296.0000 (f1=896.00, f2=39.00, P_cap=798400.00)
[GVNS-Pe(eps=2.00)] Iter 0: Novo melhor! F=1209.0000 (f1=1209.00, f2=2.00, P_cap=0.00) (k=1)
[GVNS-Pe(eps=2.00)] Iter 0: Novo melhor! F=1196.0000 (f1=1196.00, f2=2.00, P_cap=0.00) (k=1)
[GVNS-Pe(eps=2.00)] Iter 0: Novo melhor! F=1156.0000 (f1=1156.00, f2=2.00, P_cap=0.00) (k=1)
[GVNS-Pe(eps=2.00)] Iter 0: Novo melhor! F=1085.0000 (f1=1085.00, f2=2.00, P_cap=0.00) (k=3)
[GVNS-Pe(eps=2.00)] Iter 4: Novo melhor! F=1056.0000 (f1=1056.00, f2=2.00, P_cap=0.00) (k=3)
[GVNS-Pe(eps=2.00)] Iter 6: Novo melhor! F=1039.0000 (f1=1039.00, f2=2.00, P_cap=0.00) (k=2)
[GVNS-Pe(eps=2.00)] Iter 16: Novo melhor! F=1000.0000 (f1=1000.00, f2=2.00, P_cap=0.00) (k=5)
[GVNS-Pe(eps=2.00)] Iter 17: Novo melhor! F=979.0000 (f1=979.00, f2=2.00, P_cap=0.00) (k=2)
[GVNS-Pe(eps=2.00)] Fim. Melhor F=979.0000 (f1=979.00, f2=2.00, P_cap=0.00)

[GVNS-Pe(eps=4.00)] Solução inicial: F=1169320.0000 (f1=920.00, f2=18.00, P_cap=1028400.00)
[GVNS-Pe(eps=4.00)] Iter 0: Novo melhor! F=1194.0000 (f1=1194.00, f2=4.00, P_cap=0.00) (k=1)
[GVNS-Pe(eps=4.00)] Iter 0: Novo melhor! F=1129.0000 (f1=1129.00, f2=3.00, P_cap=0.00) (k=1)
[GVNS-Pe(eps=4.00)] Iter 0: Novo melhor! F=1077.0000 (f1=1077.00, f2=4.00, P_cap=0.00) (k=1)
[GVNS-Pe(eps=4.00)] Iter 0: Novo melhor! F=1051.0000 (f1=1051.00, f2=4.00, P_cap=0.00) (k=1)
[GVNS-Pe(eps=4.00)] Iter 0: Novo melhor! F=1009.0000 (f1=1009.00, f2=4.00, P_cap=0.00) (k=1)
[GVNS-Pe(eps=4.00)] Iter 7: Novo melhor! F=1000.0000 (f1=1000.00, f2=4.00, P_cap=0.00) (k=3)
[GVNS-Pe(eps=4.00)] Iter 9: Novo melhor! F=973.0000 (f1=973.00, f2=4.00, P_cap=0.00) (k=1)
[GVNS-Pe(eps=4.00)] Iter 36: Novo melhor! F=972.0000 (f1=972.00, f2=4.00, P_cap=0.00) (k=3)
[GVNS-Pe(eps=4.00)] Iter 42: Novo melhor! F=971.0000 (f1=971.00, f2=4.00, P_cap=0.00) (k=1)
[GVNS-Pe(eps=4.00)] Iter 47: Novo melhor! F=951.0000 (f1=951.00, f2=4.00, P_cap=0.00) (k=1)
[GVNS-Pe(eps=4.00)] Iter 119: Novo melhor! F=944.0000 (f1=944.00, f2=4.00, P_cap=0.00) (k=2)
[GVNS-Pe(eps=4.00)] Iter 130: Novo melhor! F=936.0000 (f1=936.00, f2=3.00, P_cap=0.00) (k=4)
[GVNS-Pe(eps=4.00)] Fim. Melhor F=936.0000 (f1=936.00, f2=3.00, P_cap=0.00)

[GVNS-Pe(eps=6.00)] Solução inicial: F=993719.0000 (f1=919.00, f2=40.00, P_cap=652800.00)
[GVNS-Pe(eps=6.00)] Iter 0: Novo melhor! F=992.0000 (f1=992.00, f2=6.00, P_cap=0.00) (k=1)
[GVNS-Pe(eps=6.00)] Iter 0: Novo melhor! F=976.0000 (f1=976.00, f2=4.00, P_cap=0.00) (k=2)
[GVNS-Pe(eps=6.00)] Iter 0: Novo melhor! F=972.0000 (f1=972.00, f2=6.00, P_cap=0.00) (k=2)
[GVNS-Pe(eps=6.00)] Iter 3: Novo melhor! F=971.0000 (f1=971.00, f2=6.00, P_cap=0.00) (k=2)
[GVNS-Pe(eps=6.00)] Iter 13: Novo melhor! F=956.0000 (f1=956.00, f2=5.00, P_cap=0.00) (k=2)
[GVNS-Pe(eps=6.00)] Iter 13: Novo melhor! F=926.0000 (f1=926.00, f2=5.00, P_cap=0.00) (k=1)
[GVNS-Pe(eps=6.00)] Iter 53: Novo melhor! F=918.0000 (f1=918.00, f2=5.00, P_cap=0.00) (k=2)
[GVNS-Pe(eps=6.00)] Fim. Melhor F=918.0000 (f1=918.00, f2=5.00, P_cap=0.00)

[GVNS-Pe(eps=8.00)] Solução inicial: F=472567.0000 (f1=967.00, f2=30.00, P_cap=251600.00)
[GVNS-Pe(eps=8.00)] Iter 0: Novo melhor! F=1108.0000 (f1=1108.00, f2=7.00, P_cap=0.00) (k=1)
[GVNS-Pe(eps=8.00)] Iter 0: Novo melhor! F=965.0000 (f1=965.00, f2=7.00, P_cap=0.00) (k=3)
[GVNS-Pe(eps=8.00)] Iter 1: Novo melhor! F=956.0000 (f1=956.00, f2=8.00, P_cap=0.00) (k=2)
[GVNS-Pe(eps=8.00)] Iter 4: Novo melhor! F=952.0000 (f1=952.00, f2=7.00, P_cap=0.00) (k=5)
[GVNS-Pe(eps=8.00)] Iter 4: Novo melhor! F=945.0000 (f1=945.00, f2=7.00, P_cap=0.00) (k=1)
[GVNS-Pe(eps=8.00)] Iter 4: Novo melhor! F=927.0000 (f1=927.00, f2=7.00, P_cap=0.00) (k=1)
[GVNS-Pe(eps=8.00)] Iter 4: Novo melhor! F=921.0000 (f1=921.00, f2=7.00, P_cap=0.00) (k=4)
[GVNS-Pe(eps=8.00)] Iter 7: Novo melhor! F=913.0000 (f1=913.00, f2=8.00, P_cap=0.00) (k=1)
[GVNS-Pe(eps=8.00)] Iter 7: Novo melhor! F=910.0000 (f1=910.00, f2=7.00, P_cap=0.00) (k=1)
[GVNS-Pe(eps=8.00)] Fim. Melhor F=910.0000 (f1=910.00, f2=7.00, P_cap=0.00)

[GVNS-Pe(eps=10.00)] Solução inicial: F=1679346.0000 (f1=946.00, f2=66.00, P_cap=1118400.00)
[GVNS-Pe(eps=10.00)] Iter 0: Novo melhor! F=985.0000 (f1=985.00, f2=8.00, P_cap=0.00) (k=1)
[GVNS-Pe(eps=10.00)] Iter 0: Novo melhor! F=952.0000 (f1=952.00, f2=8.00, P_cap=0.00) (k=1)
[GVNS-Pe(eps=10.00)] Iter 0: Novo melhor! F=933.0000 (f1=933.00, f2=9.00, P_cap=0.00) (k=5)
[GVNS-Pe(eps=10.00)] Iter 3: Novo melhor! F=922.0000 (f1=922.00, f2=5.00, P_cap=0.00) (k=3)
[GVNS-Pe(eps=10.00)] Iter 3: Novo melhor! F=918.0000 (f1=918.00, f2=9.00, P_cap=0.00) (k=2)
[GVNS-Pe(eps=10.00)] Iter 5: Novo melhor! F=913.0000 (f1=913.00, f2=10.00, P_cap=0.00) (k=5)
[GVNS-Pe(eps=10.00)] Iter 5: Novo melhor! F=903.0000 (f1=903.00, f2=7.00, P_cap=0.00) (k=1)
[GVNS-Pe(eps=10.00)] Iter 67: Novo melhor! F=902.0000 (f1=902.00, f2=8.00, P_cap=0.00) (k=1)
[GVNS-Pe(eps=10.00)] Fim. Melhor F=902.0000 (f1=902.00, f2=8.00, P_cap=0.00)

[GVNS-Pe(eps=12.00)] Solução inicial: F=373773.0000 (f1=973.00, f2=21.00, P_cap=282800.00)
[GVNS-Pe(eps=12.00)] Iter 0: Novo melhor! F=950.0000 (f1=950.00, f2=12.00, P_cap=0.00) (k=1)
[GVNS-Pe(eps=12.00)] Iter 0: Novo melhor! F=937.0000 (f1=937.00, f2=9.00, P_cap=0.00) (k=4)
[GVNS-Pe(eps=12.00)] Iter 1: Novo melhor! F=919.0000 (f1=919.00, f2=7.00, P_cap=0.00) (k=2)
[GVNS-Pe(eps=12.00)] Iter 4: Novo melhor! F=918.0000 (f1=918.00, f2=8.00, P_cap=0.00) (k=1)
[GVNS-Pe(eps=12.00)] Iter 5: Novo melhor! F=917.0000 (f1=917.00, f2=8.00, P_cap=0.00) (k=1)
[GVNS-Pe(eps=12.00)] Iter 12: Novo melhor! F=911.0000 (f1=911.00, f2=9.00, P_cap=0.00) (k=2)
[GVNS-Pe(eps=12.00)] Iter 14: Novo melhor! F=909.0000 (f1=909.00, f2=12.00, P_cap=0.00) (k=2)
[GVNS-Pe(eps=12.00)] Iter 63: Novo melhor! F=903.0000 (f1=903.00, f2=11.00, P_cap=0.00) (k=4)
[GVNS-Pe(eps=12.00)] Fim. Melhor F=903.0000 (f1=903.00, f2=11.00, P_cap=0.00)

[GVNS-Pe(eps=14.00)] Solução inicial: F=787333.0000 (f1=933.00, f2=42.00, P_cap=506400.00)
[GVNS-Pe(eps=14.00)] Iter 0: Novo melhor! F=994.0000 (f1=994.00, f2=10.00, P_cap=0.00) (k=1)
[GVNS-Pe(eps=14.00)] Iter 0: Novo melhor! F=950.0000 (f1=950.00, f2=13.00, P_cap=0.00) (k=1)
[GVNS-Pe(eps=14.00)] Iter 0: Novo melhor! F=927.0000 (f1=927.00, f2=13.00, P_cap=0.00) (k=1)
[GVNS-Pe(eps=14.00)] Iter 2: Novo melhor! F=922.0000 (f1=922.00, f2=10.00, P_cap=0.00) (k=2)
[GVNS-Pe(eps=14.00)] Iter 3: Novo melhor! F=912.0000 (f1=912.00, f2=10.00, P_cap=0.00) (k=5)
[GVNS-Pe(eps=14.00)] Iter 7: Novo melhor! F=905.0000 (f1=905.00, f2=8.00, P_cap=0.00) (k=2)
[GVNS-Pe(eps=14.00)] Iter 10: Novo melhor! F=904.0000 (f1=904.00, f2=14.00, P_cap=0.00) (k=5)
[GVNS-Pe(eps=14.00)] Iter 38: Novo melhor! F=901.0000 (f1=901.00, f2=10.00, P_cap=0.00) (k=3)
[GVNS-Pe(eps=14.00)] Iter 122: Novo melhor! F=895.0000 (f1=895.00, f2=14.00, P_cap=0.00) (k=2)
[GVNS-Pe(eps=14.00)] Fim. Melhor F=895.0000 (f1=895.00, f2=14.00, P_cap=0.00)

[GVNS-Pe(eps=16.00)] Solução inicial: F=1203281.0000 (f1=881.00, f2=55.00, P_cap=812400.00)
[GVNS-Pe(eps=16.00)] Iter 0: Novo melhor! F=919.0000 (f1=919.00, f2=16.00, P_cap=0.00) (k=1)
[GVNS-Pe(eps=16.00)] Iter 1: Novo melhor! F=911.0000 (f1=911.00, f2=7.00, P_cap=0.00) (k=1)
[GVNS-Pe(eps=16.00)] Iter 3: Novo melhor! F=899.0000 (f1=899.00, f2=15.00, P_cap=0.00) (k=4)
[GVNS-Pe(eps=16.00)] Iter 16: Novo melhor! F=898.0000 (f1=898.00, f2=16.00, P_cap=0.00) (k=5)
[GVNS-Pe(eps=16.00)] Iter 88: Novo melhor! F=896.0000 (f1=896.00, f2=16.00, P_cap=0.00) (k=1)
[GVNS-Pe(eps=16.00)] Fim. Melhor F=896.0000 (f1=896.00, f2=16.00, P_cap=0.00)

[GVNS-Pe(eps=18.00)] Solução inicial: F=803277.0000 (f1=877.00, f2=19.00, P_cap=792400.00)
[GVNS-Pe(eps=18.00)] Iter 0: Novo melhor! F=976.0000 (f1=976.00, f2=18.00, P_cap=0.00) (k=1)
[GVNS-Pe(eps=18.00)] Iter 0: Novo melhor! F=960.0000 (f1=960.00, f2=17.00, P_cap=0.00) (k=1)
[GVNS-Pe(eps=18.00)] Iter 0: Novo melhor! F=928.0000 (f1=928.00, f2=17.00, P_cap=0.00) (k=1)
[GVNS-Pe(eps=18.00)] Iter 0: Novo melhor! F=900.0000 (f1=900.00, f2=17.00, P_cap=0.00) (k=1)
[GVNS-Pe(eps=18.00)] Iter 1: Novo melhor! F=892.0000 (f1=892.00, f2=18.00, P_cap=0.00) (k=3)
[GVNS-Pe(eps=18.00)] Iter 10: Novo melhor! F=888.0000 (f1=888.00, f2=17.00, P_cap=0.00) (k=2)
[GVNS-Pe(eps=18.00)] Fim. Melhor F=888.0000 (f1=888.00, f2=17.00, P_cap=0.00)

===== [Pε] Execução 5 / 5 =====

[GVNS-Pe(eps=0.00)] Solução inicial: F=973723.0000 (f1=923.00, f2=40.00, P_cap=572800.00)
[GVNS-Pe(eps=0.00)] Iter 0: Novo melhor! F=17268.0000 (f1=1268.00, f2=1.00, P_cap=6000.00) (k=1)
[GVNS-Pe(eps=0.00)] Iter 0: Novo melhor! F=1342.0000 (f1=1342.00, f2=0.00, P_cap=0.00) (k=1)
[GVNS-Pe(eps=0.00)] Iter 3: Novo melhor! F=1295.0000 (f1=1295.00, f2=0.00, P_cap=0.00) (k=1)
[GVNS-Pe(eps=0.00)] Iter 5: Novo melhor! F=1267.0000 (f1=1267.00, f2=0.00, P_cap=0.00) (k=1)
[GVNS-Pe(eps=0.00)] Iter 8: Novo melhor! F=1260.0000 (f1=1260.00, f2=0.00, P_cap=0.00) (k=2)
[GVNS-Pe(eps=0.00)] Iter 26: Novo melhor! F=1216.0000 (f1=1216.00, f2=0.00, P_cap=0.00) (k=5)
[GVNS-Pe(eps=0.00)] Iter 38: Novo melhor! F=1176.0000 (f1=1176.00, f2=0.00, P_cap=0.00) (k=1)
[GVNS-Pe(eps=0.00)] Iter 72: Novo melhor! F=1145.0000 (f1=1145.00, f2=0.00, P_cap=0.00) (k=3)
[GVNS-Pe(eps=0.00)] Iter 119: Novo melhor! F=1130.0000 (f1=1130.00, f2=0.00, P_cap=0.00) (k=4)
[GVNS-Pe(eps=0.00)] Iter 200: Novo melhor! F=1096.0000 (f1=1096.00, f2=0.00, P_cap=0.00) (k=4)
[GVNS-Pe(eps=0.00)] Iter 204: Novo melhor! F=1089.0000 (f1=1089.00, f2=0.00, P_cap=0.00) (k=5)
[GVNS-Pe(eps=0.00)] Iter 259: Novo melhor! F=1085.0000 (f1=1085.00, f2=0.00, P_cap=0.00) (k=2)
[GVNS-Pe(eps=0.00)] Iter 297: Novo melhor! F=1071.0000 (f1=1071.00, f2=0.00, P_cap=0.00) (k=1)
[GVNS-Pe(eps=0.00)] Iter 315: Novo melhor! F=1063.0000 (f1=1063.00, f2=0.00, P_cap=0.00) (k=2)
[GVNS-Pe(eps=0.00)] Fim. Melhor F=1063.0000 (f1=1063.00, f2=0.00, P_cap=0.00)

[GVNS-Pe(eps=2.00)] Solução inicial: F=773281.0000 (f1=881.00, f2=25.00, P_cap=542400.00)
[GVNS-Pe(eps=2.00)] Iter 0: Novo melhor! F=1219.0000 (f1=1219.00, f2=2.00, P_cap=0.00) (k=1)
[GVNS-Pe(eps=2.00)] Iter 0: Novo melhor! F=1151.0000 (f1=1151.00, f2=2.00, P_cap=0.00) (k=1)
[GVNS-Pe(eps=2.00)] Iter 0: Novo melhor! F=1150.0000 (f1=1150.00, f2=2.00, P_cap=0.00) (k=5)
[GVNS-Pe(eps=2.00)] Iter 2: Novo melhor! F=1104.0000 (f1=1104.00, f2=2.00, P_cap=0.00) (k=1)
[GVNS-Pe(eps=2.00)] Iter 5: Novo melhor! F=1101.0000 (f1=1101.00, f2=2.00, P_cap=0.00) (k=1)
[GVNS-Pe(eps=2.00)] Iter 7: Novo melhor! F=1036.0000 (f1=1036.00, f2=2.00, P_cap=0.00) (k=3)
[GVNS-Pe(eps=2.00)] Iter 13: Novo melhor! F=1035.0000 (f1=1035.00, f2=2.00, P_cap=0.00) (k=1)
[GVNS-Pe(eps=2.00)] Iter 13: Novo melhor! F=1022.0000 (f1=1022.00, f2=2.00, P_cap=0.00) (k=4)
[GVNS-Pe(eps=2.00)] Iter 29: Novo melhor! F=1010.0000 (f1=1010.00, f2=2.00, P_cap=0.00) (k=1)
[GVNS-Pe(eps=2.00)] Iter 35: Novo melhor! F=1008.0000 (f1=1008.00, f2=2.00, P_cap=0.00) (k=3)
[GVNS-Pe(eps=2.00)] Iter 62: Novo melhor! F=992.0000 (f1=992.00, f2=2.00, P_cap=0.00) (k=3)
[GVNS-Pe(eps=2.00)] Iter 76: Novo melhor! F=988.0000 (f1=988.00, f2=2.00, P_cap=0.00) (k=1)
[GVNS-Pe(eps=2.00)] Iter 86: Novo melhor! F=977.0000 (f1=977.00, f2=1.00, P_cap=0.00) (k=4)
[GVNS-Pe(eps=2.00)] Fim. Melhor F=977.0000 (f1=977.00, f2=1.00, P_cap=0.00)

[GVNS-Pe(eps=4.00)] Solução inicial: F=1217297.0000 (f1=897.00, f2=45.00, P_cap=806400.00)
[GVNS-Pe(eps=4.00)] Iter 0: Novo melhor! F=17051.0000 (f1=1051.00, f2=4.00, P_cap=16000.00) (k=1)
[GVNS-Pe(eps=4.00)] Iter 0: Novo melhor! F=7142.0000 (f1=1142.00, f2=4.00, P_cap=6000.00) (k=1)
[GVNS-Pe(eps=4.00)] Iter 0: Novo melhor! F=1105.0000 (f1=1105.00, f2=3.00, P_cap=0.00) (k=2)
[GVNS-Pe(eps=4.00)] Iter 0: Novo melhor! F=1085.0000 (f1=1085.00, f2=4.00, P_cap=0.00) (k=4)
[GVNS-Pe(eps=4.00)] Iter 0: Novo melhor! F=1020.0000 (f1=1020.00, f2=4.00, P_cap=0.00) (k=3)
[GVNS-Pe(eps=4.00)] Iter 0: Novo melhor! F=997.0000 (f1=997.00, f2=4.00, P_cap=0.00) (k=5)
[GVNS-Pe(eps=4.00)] Iter 2: Novo melhor! F=984.0000 (f1=984.00, f2=4.00, P_cap=0.00) (k=2)
[GVNS-Pe(eps=4.00)] Iter 2: Novo melhor! F=980.0000 (f1=980.00, f2=4.00, P_cap=0.00) (k=1)
[GVNS-Pe(eps=4.00)] Iter 2: Novo melhor! F=976.0000 (f1=976.00, f2=4.00, P_cap=0.00) (k=2)
[GVNS-Pe(eps=4.00)] Iter 3: Novo melhor! F=975.0000 (f1=975.00, f2=3.00, P_cap=0.00) (k=3)
[GVNS-Pe(eps=4.00)] Iter 9: Novo melhor! F=966.0000 (f1=966.00, f2=2.00, P_cap=0.00) (k=2)
[GVNS-Pe(eps=4.00)] Iter 9: Novo melhor! F=958.0000 (f1=958.00, f2=4.00, P_cap=0.00) (k=2)
[GVNS-Pe(eps=4.00)] Iter 16: Novo melhor! F=956.0000 (f1=956.00, f2=4.00, P_cap=0.00) (k=1)
[GVNS-Pe(eps=4.00)] Iter 18: Novo melhor! F=954.0000 (f1=954.00, f2=4.00, P_cap=0.00) (k=1)
[GVNS-Pe(eps=4.00)] Iter 19: Novo melhor! F=945.0000 (f1=945.00, f2=4.00, P_cap=0.00) (k=3)
[GVNS-Pe(eps=4.00)] Iter 48: Novo melhor! F=927.0000 (f1=927.00, f2=4.00, P_cap=0.00) (k=3)
[GVNS-Pe(eps=4.00)] Iter 120: Novo melhor! F=924.0000 (f1=924.00, f2=3.00, P_cap=0.00) (k=2)
[GVNS-Pe(eps=4.00)] Fim. Melhor F=924.0000 (f1=924.00, f2=3.00, P_cap=0.00)

[GVNS-Pe(eps=6.00)] Solução inicial: F=361805.0000 (f1=1005.00, f2=31.00, P_cap=110800.00)
[GVNS-Pe(eps=6.00)] Iter 0: Novo melhor! F=998.0000 (f1=998.00, f2=6.00, P_cap=0.00) (k=1)
[GVNS-Pe(eps=6.00)] Iter 0: Novo melhor! F=992.0000 (f1=992.00, f2=6.00, P_cap=0.00) (k=3)
[GVNS-Pe(eps=6.00)] Iter 0: Novo melhor! F=982.0000 (f1=982.00, f2=6.00, P_cap=0.00) (k=4)
[GVNS-Pe(eps=6.00)] Iter 0: Novo melhor! F=971.0000 (f1=971.00, f2=5.00, P_cap=0.00) (k=3)
[GVNS-Pe(eps=6.00)] Iter 8: Novo melhor! F=951.0000 (f1=951.00, f2=4.00, P_cap=0.00) (k=2)
[GVNS-Pe(eps=6.00)] Iter 12: Novo melhor! F=947.0000 (f1=947.00, f2=5.00, P_cap=0.00) (k=1)
[GVNS-Pe(eps=6.00)] Iter 20: Novo melhor! F=943.0000 (f1=943.00, f2=6.00, P_cap=0.00) (k=2)
[GVNS-Pe(eps=6.00)] Iter 31: Novo melhor! F=941.0000 (f1=941.00, f2=4.00, P_cap=0.00) (k=2)
[GVNS-Pe(eps=6.00)] Iter 34: Novo melhor! F=930.0000 (f1=930.00, f2=5.00, P_cap=0.00) (k=2)
[GVNS-Pe(eps=6.00)] Iter 42: Novo melhor! F=924.0000 (f1=924.00, f2=6.00, P_cap=0.00) (k=4)
[GVNS-Pe(eps=6.00)] Iter 81: Novo melhor! F=921.0000 (f1=921.00, f2=5.00, P_cap=0.00) (k=5)
[GVNS-Pe(eps=6.00)] Fim. Melhor F=921.0000 (f1=921.00, f2=5.00, P_cap=0.00)

[GVNS-Pe(eps=8.00)] Solução inicial: F=663362.0000 (f1=962.00, f2=18.00, P_cap=562400.00)
[GVNS-Pe(eps=8.00)] Iter 0: Novo melhor! F=1057.0000 (f1=1057.00, f2=6.00, P_cap=0.00) (k=1)
[GVNS-Pe(eps=8.00)] Iter 0: Novo melhor! F=978.0000 (f1=978.00, f2=8.00, P_cap=0.00) (k=1)
[GVNS-Pe(eps=8.00)] Iter 1: Novo melhor! F=952.0000 (f1=952.00, f2=7.00, P_cap=0.00) (k=2)
[GVNS-Pe(eps=8.00)] Iter 1: Novo melhor! F=936.0000 (f1=936.00, f2=6.00, P_cap=0.00) (k=2)
[GVNS-Pe(eps=8.00)] Iter 7: Novo melhor! F=930.0000 (f1=930.00, f2=8.00, P_cap=0.00) (k=4)
[GVNS-Pe(eps=8.00)] Iter 9: Novo melhor! F=922.0000 (f1=922.00, f2=6.00, P_cap=0.00) (k=4)
[GVNS-Pe(eps=8.00)] Iter 11: Novo melhor! F=919.0000 (f1=919.00, f2=3.00, P_cap=0.00) (k=3)
[GVNS-Pe(eps=8.00)] Iter 19: Novo melhor! F=908.0000 (f1=908.00, f2=7.00, P_cap=0.00) (k=2)
[GVNS-Pe(eps=8.00)] Fim. Melhor F=908.0000 (f1=908.00, f2=7.00, P_cap=0.00)

[GVNS-Pe(eps=10.00)] Solução inicial: F=819343.0000 (f1=943.00, f2=22.00, P_cap=698400.00)
[GVNS-Pe(eps=10.00)] Iter 0: Novo melhor! F=999.0000 (f1=999.00, f2=8.00, P_cap=0.00) (k=1)
[GVNS-Pe(eps=10.00)] Iter 0: Novo melhor! F=970.0000 (f1=970.00, f2=10.00, P_cap=0.00) (k=1)
[GVNS-Pe(eps=10.00)] Iter 0: Novo melhor! F=936.0000 (f1=936.00, f2=8.00, P_cap=0.00) (k=1)
[GVNS-Pe(eps=10.00)] Iter 0: Novo melhor! F=925.0000 (f1=925.00, f2=7.00, P_cap=0.00) (k=4)
[GVNS-Pe(eps=10.00)] Iter 0: Novo melhor! F=920.0000 (f1=920.00, f2=8.00, P_cap=0.00) (k=4)
[GVNS-Pe(eps=10.00)] Iter 1: Novo melhor! F=917.0000 (f1=917.00, f2=10.00, P_cap=0.00) (k=2)
[GVNS-Pe(eps=10.00)] Iter 1: Novo melhor! F=912.0000 (f1=912.00, f2=8.00, P_cap=0.00) (k=3)
[GVNS-Pe(eps=10.00)] Iter 2: Novo melhor! F=911.0000 (f1=911.00, f2=7.00, P_cap=0.00) (k=5)
[GVNS-Pe(eps=10.00)] Iter 14: Novo melhor! F=908.0000 (f1=908.00, f2=9.00, P_cap=0.00) (k=5)
[GVNS-Pe(eps=10.00)] Iter 18: Novo melhor! F=905.0000 (f1=905.00, f2=10.00, P_cap=0.00) (k=1)
[GVNS-Pe(eps=10.00)] Iter 18: Novo melhor! F=904.0000 (f1=904.00, f2=10.00, P_cap=0.00) (k=4)
[GVNS-Pe(eps=10.00)] Fim. Melhor F=904.0000 (f1=904.00, f2=10.00, P_cap=0.00)

[GVNS-Pe(eps=12.00)] Solução inicial: F=889335.0000 (f1=935.00, f2=31.00, P_cap=698400.00)
[GVNS-Pe(eps=12.00)] Iter 0: Novo melhor! F=944.0000 (f1=944.00, f2=11.00, P_cap=0.00) (k=1)
[GVNS-Pe(eps=12.00)] Iter 0: Novo melhor! F=937.0000 (f1=937.00, f2=12.00, P_cap=0.00) (k=1)
[GVNS-Pe(eps=12.00)] Iter 0: Novo melhor! F=921.0000 (f1=921.00, f2=10.00, P_cap=0.00) (k=1)
[GVNS-Pe(eps=12.00)] Iter 2: Novo melhor! F=916.0000 (f1=916.00, f2=11.00, P_cap=0.00) (k=1)
[GVNS-Pe(eps=12.00)] Iter 4: Novo melhor! F=912.0000 (f1=912.00, f2=10.00, P_cap=0.00) (k=3)
[GVNS-Pe(eps=12.00)] Iter 5: Novo melhor! F=908.0000 (f1=908.00, f2=9.00, P_cap=0.00) (k=4)
[GVNS-Pe(eps=12.00)] Iter 8: Novo melhor! F=907.0000 (f1=907.00, f2=9.00, P_cap=0.00) (k=5)
[GVNS-Pe(eps=12.00)] Iter 22: Novo melhor! F=904.0000 (f1=904.00, f2=8.00, P_cap=0.00) (k=2)
[GVNS-Pe(eps=12.00)] Iter 33: Novo melhor! F=902.0000 (f1=902.00, f2=8.00, P_cap=0.00) (k=3)
[GVNS-Pe(eps=12.00)] Fim. Melhor F=902.0000 (f1=902.00, f2=8.00, P_cap=0.00)

[GVNS-Pe(eps=14.00)] Solução inicial: F=1343324.0000 (f1=924.00, f2=53.00, P_cap=952400.00)
[GVNS-Pe(eps=14.00)] Iter 0: Novo melhor! F=940.0000 (f1=940.00, f2=14.00, P_cap=0.00) (k=1)
[GVNS-Pe(eps=14.00)] Iter 1: Novo melhor! F=915.0000 (f1=915.00, f2=14.00, P_cap=0.00) (k=1)
[GVNS-Pe(eps=14.00)] Iter 4: Novo melhor! F=914.0000 (f1=914.00, f2=9.00, P_cap=0.00) (k=1)
[GVNS-Pe(eps=14.00)] Iter 4: Novo melhor! F=900.0000 (f1=900.00, f2=12.00, P_cap=0.00) (k=2)
[GVNS-Pe(eps=14.00)] Iter 39: Novo melhor! F=899.0000 (f1=899.00, f2=13.00, P_cap=0.00) (k=2)
[GVNS-Pe(eps=14.00)] Fim. Melhor F=899.0000 (f1=899.00, f2=13.00, P_cap=0.00)

[GVNS-Pe(eps=16.00)] Solução inicial: F=1101302.0000 (f1=902.00, f2=64.00, P_cap=620400.00)
[GVNS-Pe(eps=16.00)] Iter 0: Novo melhor! F=944.0000 (f1=944.00, f2=14.00, P_cap=0.00) (k=1)
[GVNS-Pe(eps=16.00)] Iter 0: Novo melhor! F=929.0000 (f1=929.00, f2=16.00, P_cap=0.00) (k=1)
[GVNS-Pe(eps=16.00)] Iter 0: Novo melhor! F=925.0000 (f1=925.00, f2=16.00, P_cap=0.00) (k=1)
[GVNS-Pe(eps=16.00)] Iter 0: Novo melhor! F=915.0000 (f1=915.00, f2=15.00, P_cap=0.00) (k=5)
[GVNS-Pe(eps=16.00)] Iter 0: Novo melhor! F=909.0000 (f1=909.00, f2=15.00, P_cap=0.00) (k=2)
[GVNS-Pe(eps=16.00)] Iter 0: Novo melhor! F=906.0000 (f1=906.00, f2=16.00, P_cap=0.00) (k=1)
[GVNS-Pe(eps=16.00)] Iter 3: Novo melhor! F=904.0000 (f1=904.00, f2=15.00, P_cap=0.00) (k=1)
[GVNS-Pe(eps=16.00)] Iter 21: Novo melhor! F=898.0000 (f1=898.00, f2=15.00, P_cap=0.00) (k=2)
[GVNS-Pe(eps=16.00)] Iter 57: Novo melhor! F=897.0000 (f1=897.00, f2=16.00, P_cap=0.00) (k=1)
[GVNS-Pe(eps=16.00)] Fim. Melhor F=897.0000 (f1=897.00, f2=16.00, P_cap=0.00)

[GVNS-Pe(eps=18.00)] Solução inicial: F=689734.0000 (f1=934.00, f2=32.00, P_cap=548800.00)
[GVNS-Pe(eps=18.00)] Iter 0: Novo melhor! F=931.0000 (f1=931.00, f2=15.00, P_cap=0.00) (k=1)
[GVNS-Pe(eps=18.00)] Iter 0: Novo melhor! F=914.0000 (f1=914.00, f2=17.00, P_cap=0.00) (k=3)
[GVNS-Pe(eps=18.00)] Iter 0: Novo melhor! F=911.0000 (f1=911.00, f2=18.00, P_cap=0.00) (k=4)
[GVNS-Pe(eps=18.00)] Iter 2: Novo melhor! F=904.0000 (f1=904.00, f2=18.00, P_cap=0.00) (k=4)
[GVNS-Pe(eps=18.00)] Iter 2: Novo melhor! F=901.0000 (f1=901.00, f2=16.00, P_cap=0.00) (k=1)
[GVNS-Pe(eps=18.00)] Iter 23: Novo melhor! F=900.0000 (f1=900.00, f2=18.00, P_cap=0.00) (k=2)
[GVNS-Pe(eps=18.00)] Iter 23: Novo melhor! F=891.0000 (f1=891.00, f2=18.00, P_cap=0.00) (k=2)
[GVNS-Pe(eps=18.00)] Fim. Melhor F=891.0000 (f1=891.00, f2=18.00, P_cap=0.00)
Figura salva em: figuras_mo/fronteiras_pw.png
Figura salva em: figuras_mo/fronteiras_pe.png