vhdua@DESKTOP-NA79I30 MINGW64 ~/Desktop/aulas/onl/tc1_decisao
$ python execucao_2_plot_tc1.py 
--- INICIANDO EXECUCAO DA PARTE III DO TC1 ---
Dados carregados: 5 agentes, 50 tarefas.

--- Processando Objetivo f1 (5 execucoes) ---

Execucao 1/5 para f1...
Solucao Inicial (f_id=1): Fitness = 529781.0000 (f=981.00, p=528800.00)
Iter 0: Novo Melhor! Fitness = 902.0000 (f=902.00, p=0.00) (k=1)
Iter 4: Novo Melhor! Fitness = 896.0000 (f=896.00, p=0.00) (k=1)
Iter 14: Novo Melhor! Fitness = 893.0000 (f=893.00, p=0.00) (k=1)
Iter 14: Novo Melhor! Fitness = 891.0000 (f=891.00, p=0.00) (k=1)
Iter 103: Novo Melhor! Fitness = 888.0000 (f=888.00, p=0.00) (k=1)
Fim do GVNS. Melhor Fitness: 888.0000 (f=888.00, p=0.00)
Execucao 1 finalizada. Tempo: 188.27s, Fitness: 888.0000

Execucao 2/5 para f1...
Solucao Inicial (f_id=1): Fitness = 529781.0000 (f=981.00, p=528800.00)
Iter 0: Novo Melhor! Fitness = 906.0000 (f=906.00, p=0.00) (k=1)
Iter 0: Novo Melhor! Fitness = 903.0000 (f=903.00, p=0.00) (k=1)
Iter 3: Novo Melhor! Fitness = 893.0000 (f=893.00, p=0.00) (k=1)
Iter 4: Novo Melhor! Fitness = 891.0000 (f=891.00, p=0.00) (k=1)
Fim do GVNS. Melhor Fitness: 891.0000 (f=891.00, p=0.00)
Execucao 2 finalizada. Tempo: 122.24s, Fitness: 891.0000

Execucao 3/5 para f1...
Solucao Inicial (f_id=1): Fitness = 529781.0000 (f=981.00, p=528800.00)
Iter 0: Novo Melhor! Fitness = 904.0000 (f=904.00, p=0.00) (k=1)
Iter 2: Novo Melhor! Fitness = 902.0000 (f=902.00, p=0.00) (k=1)
Iter 4: Novo Melhor! Fitness = 891.0000 (f=891.00, p=0.00) (k=1)
Fim do GVNS. Melhor Fitness: 891.0000 (f=891.00, p=0.00)
Execucao 3 finalizada. Tempo: 127.57s, Fitness: 891.0000

Execucao 4/5 para f1...
Solucao Inicial (f_id=1): Fitness = 529781.0000 (f=981.00, p=528800.00)
Iter 0: Novo Melhor! Fitness = 929.0000 (f=929.00, p=0.00) (k=1)
Iter 0: Novo Melhor! Fitness = 903.0000 (f=903.00, p=0.00) (k=1)
Iter 1: Novo Melhor! Fitness = 899.0000 (f=899.00, p=0.00) (k=1)
Iter 5: Novo Melhor! Fitness = 895.0000 (f=895.00, p=0.00) (k=1)
Iter 5: Novo Melhor! Fitness = 893.0000 (f=893.00, p=0.00) (k=1)
Iter 7: Novo Melhor! Fitness = 891.0000 (f=891.00, p=0.00) (k=1)
Fim do GVNS. Melhor Fitness: 891.0000 (f=891.00, p=0.00)
Execucao 4 finalizada. Tempo: 91.61s, Fitness: 891.0000

Execucao 5/5 para f1...
Solucao Inicial (f_id=1): Fitness = 529781.0000 (f=981.00, p=528800.00)
Iter 0: Novo Melhor! Fitness = 929.0000 (f=929.00, p=0.00) (k=1)
Iter 0: Novo Melhor! Fitness = 901.0000 (f=901.00, p=0.00) (k=1)
Iter 10: Novo Melhor! Fitness = 899.0000 (f=899.00, p=0.00) (k=1)
Iter 16: Novo Melhor! Fitness = 895.0000 (f=895.00, p=0.00) (k=1)
Iter 16: Novo Melhor! Fitness = 893.0000 (f=893.00, p=0.00) (k=1)
Iter 20: Novo Melhor! Fitness = 891.0000 (f=891.00, p=0.00) (k=1)
Iter 50: Novo Melhor! Fitness = 888.0000 (f=888.00, p=0.00) (k=1)
Fim do GVNS. Melhor Fitness: 888.0000 (f=888.00, p=0.00)
Execucao 5 finalizada. Tempo: 126.58s, Fitness: 888.0000

--- Processando Objetivo f2 (5 execucoes) ---

Execucao 1/5 para f2...
Solucao Inicial (f_id=2): Fitness = 1608423.0000 (f=23.00, p=1608400.00)
Iter 0: Novo Melhor! Fitness = 5.0000 (f=5.00, p=0.00) (k=1)
Iter 0: Novo Melhor! Fitness = 4.0000 (f=4.00, p=0.00) (k=1)
Iter 0: Novo Melhor! Fitness = 1.0000 (f=1.00, p=0.00) (k=1)
Iter 2: Novo Melhor! Fitness = 0.0000 (f=0.00, p=0.00) (k=1)
Fim do GVNS. Melhor Fitness: 0.0000 (f=0.00, p=0.00)
Execucao 1 finalizada. Tempo: 62.30s, Fitness: 0.0000

Execucao 2/5 para f2...
Solucao Inicial (f_id=2): Fitness = 1608423.0000 (f=23.00, p=1608400.00)
Iter 0: Novo Melhor! Fitness = 4.0000 (f=4.00, p=0.00) (k=1)
Iter 0: Novo Melhor! Fitness = 3.0000 (f=3.00, p=0.00) (k=1)
Iter 0: Novo Melhor! Fitness = 2.0000 (f=2.00, p=0.00) (k=1)
Iter 0: Novo Melhor! Fitness = 1.0000 (f=1.00, p=0.00) (k=1)
Iter 5: Novo Melhor! Fitness = 0.0000 (f=0.00, p=0.00) (k=1)
Fim do GVNS. Melhor Fitness: 0.0000 (f=0.00, p=0.00)
Execucao 2 finalizada. Tempo: 57.52s, Fitness: 0.0000

Execucao 3/5 para f2...
Solucao Inicial (f_id=2): Fitness = 1608423.0000 (f=23.00, p=1608400.00)
Iter 0: Novo Melhor! Fitness = 1.0000 (f=1.00, p=0.00) (k=1)
Iter 1: Novo Melhor! Fitness = 0.0000 (f=0.00, p=0.00) (k=1)
Fim do GVNS. Melhor Fitness: 0.0000 (f=0.00, p=0.00)
Execucao 3 finalizada. Tempo: 72.27s, Fitness: 0.0000

Execucao 4/5 para f2...
Solucao Inicial (f_id=2): Fitness = 1608423.0000 (f=23.00, p=1608400.00)
Iter 0: Novo Melhor! Fitness = 3.0000 (f=3.00, p=0.00) (k=1)
Iter 0: Novo Melhor! Fitness = 2.0000 (f=2.00, p=0.00) (k=1)
Iter 1: Novo Melhor! Fitness = 0.0000 (f=0.00, p=0.00) (k=1)
Fim do GVNS. Melhor Fitness: 0.0000 (f=0.00, p=0.00)
Execucao 4 finalizada. Tempo: 63.45s, Fitness: 0.0000

Execucao 5/5 para f2...
Solucao Inicial (f_id=2): Fitness = 1608423.0000 (f=23.00, p=1608400.00)
Iter 0: Novo Melhor! Fitness = 1.0000 (f=1.00, p=0.00) (k=1)
Iter 3: Novo Melhor! Fitness = 0.0000 (f=0.00, p=0.00) (k=1)
Fim do GVNS. Melhor Fitness: 0.0000 (f=0.00, p=0.00)
Execucao 5 finalizada. Tempo: 65.01s, Fitness: 0.0000


--- (iii.b) RESULTADOS ESTATICOS ---

Estatisticas para f1 (Fitness = f1 + P):
  Resultados (Fitness): [np.float64(888.0), np.float64(891.0), np.float64(891.0), np.float64(891.0), np.float64(888.0)]
  Resultados (f_obj):   [np.float64(888.0), np.float64(891.0), np.float64(891.0), np.float64(891.0), np.float64(888.0)]
  Resultados (Penal.):  [np.float64(0.0), np.float64(0.0), np.float64(0.0), np.float64(0.0), np.float64(0.0)]
  Minimo (Fitness): 888.0000
  Maximo (Fitness): 891.0000
  Desvio Padrao (Fitness): 1.4697

Estatisticas para f2 (Fitness = f2 + P):
  Resultados (Fitness): [np.float64(0.0), np.float64(0.0), np.float64(0.0), np.float64(0.0), np.float64(0.0)]
  Resultados (f_obj):   [np.float64(0.0), np.float64(0.0), np.float64(0.0), np.float64(0.0), np.float64(0.0)]
  Resultados (Penal.):  [np.float64(0.0), np.float64(0.0), np.float64(0.0), np.float64(0.0), np.float64(0.0)]
  Minimo (Fitness): 0.0000
  Maximo (Fitness): 0.0000
  Desvio Padrao (Fitness): 0.0000


--- (iii.c) GERANDO GRAFICOS DE CONVERGENCIA ---
Plotando curvas de convergencia (ZOOM 10 iter) para f1...
Grafico de convergencia (zoom) salvo em: figuras_alg2\convergencia_f1_zoom.png
Plotando curvas de convergencia (ZOOM 10 iter) para f2...
Grafico de convergencia (zoom) salvo em: figuras_alg2\convergencia_f2_zoom.png


--- (iii.d) GERANDO GRAFICOS DA MELHOR SOLUCAO ---
Plotando caracteristicas da melhor solucao para f1...
Grafico de carga salvo em: figuras_alg2\solucao_f1_carga.png
Grafico de custo salvo em: figuras_alg2\solucao_f1_custo.png
Plotando caracteristicas da melhor solucao para f2...
Grafico de carga salvo em: figuras_alg2\solucao_f2_carga.png
Grafico de custo salvo em: figuras_alg2\solucao_f2_custo.png


--- EXECUCAO DA PARTE III CONCLUIDA ---
Todos os dados estatisticos foram impressos e os 6 graficos foram salvos.